{"C:\\Users\\alex shu\\Desktop\\myThings\\Project\\Uni\\MVP\\microservices\\warehouse\\state\\src\\application\\state.service.ts": {"path":"C:\\Users\\alex shu\\Desktop\\myThings\\Project\\Uni\\MVP\\microservices\\warehouse\\state\\src\\application\\state.service.ts","statementMap":{"0":{"start":{"line":2,"column":0},"end":{"line":2,"column":60}},"1":{"start":{"line":5,"column":0},"end":{"line":5,"column":69}},"2":{"start":{"line":8,"column":25},"end":{"line":25,"column":null}},"3":{"start":{"line":13,"column":21},"end":{"line":13,"column":53}},"4":{"start":{"line":9,"column":19},"end":{"line":9,"column":58}},"5":{"start":{"line":17,"column":4},"end":{"line":17,"column":75}},"6":{"start":{"line":18,"column":4},"end":{"line":18,"column":60}},"7":{"start":{"line":22,"column":4},"end":{"line":22,"column":98}},"8":{"start":{"line":23,"column":4},"end":{"line":23,"column":70}},"9":{"start":{"line":8,"column":13},"end":{"line":8,"column":25}},"10":{"start":{"line":8,"column":13},"end":{"line":25,"column":null}}},"fnMap":{"0":{"name":"(anonymous_4)","decl":{"start":{"line":11,"column":2},"end":{"line":11,"column":null}},"loc":{"start":{"line":13,"column":53},"end":{"line":14,"column":6}}},"1":{"name":"(anonymous_5)","decl":{"start":{"line":16,"column":9},"end":{"line":16,"column":14}},"loc":{"start":{"line":16,"column":48},"end":{"line":19,"column":3}}},"2":{"name":"(anonymous_6)","decl":{"start":{"line":21,"column":9},"end":{"line":21,"column":14}},"loc":{"start":{"line":21,"column":74},"end":{"line":24,"column":3}}}},"branchMap":{},"s":{"0":2,"1":2,"2":2,"3":3,"4":3,"5":2,"6":2,"7":1,"8":1,"9":2,"10":2},"f":{"0":3,"1":2,"2":1},"b":{}}
,"C:\\Users\\alex shu\\Desktop\\myThings\\Project\\Uni\\MVP\\microservices\\warehouse\\state\\src\\domain\\heartbeat.entity.ts": {"path":"C:\\Users\\alex shu\\Desktop\\myThings\\Project\\Uni\\MVP\\microservices\\warehouse\\state\\src\\domain\\heartbeat.entity.ts","statementMap":{"0":{"start":{"line":9,"column":4},"end":{"line":9,"column":37}},"1":{"start":{"line":10,"column":4},"end":{"line":10,"column":31}},"2":{"start":{"line":11,"column":4},"end":{"line":11,"column":35}},"3":{"start":{"line":15,"column":4},"end":{"line":15,"column":29}},"4":{"start":{"line":19,"column":4},"end":{"line":19,"column":26}},"5":{"start":{"line":23,"column":4},"end":{"line":23,"column":36}},"6":{"start":{"line":3,"column":0},"end":{"line":3,"column":13}}},"fnMap":{"0":{"name":"(anonymous_0)","decl":{"start":{"line":8,"column":2},"end":{"line":8,"column":14}},"loc":{"start":{"line":8,"column":77},"end":{"line":12,"column":3}}},"1":{"name":"(anonymous_1)","decl":{"start":{"line":14,"column":9},"end":{"line":14,"column":24}},"loc":{"start":{"line":14,"column":24},"end":{"line":16,"column":3}}},"2":{"name":"(anonymous_2)","decl":{"start":{"line":18,"column":9},"end":{"line":18,"column":21}},"loc":{"start":{"line":18,"column":21},"end":{"line":20,"column":3}}},"3":{"name":"(anonymous_3)","decl":{"start":{"line":22,"column":9},"end":{"line":22,"column":14}},"loc":{"start":{"line":22,"column":14},"end":{"line":24,"column":3}}}},"branchMap":{},"s":{"0":4,"1":4,"2":4,"3":3,"4":3,"5":3,"6":3},"f":{"0":4,"1":3,"2":3,"3":3},"b":{}}
,"C:\\Users\\alex shu\\Desktop\\myThings\\Project\\Uni\\MVP\\microservices\\warehouse\\state\\src\\domain\\warehouse-id.entity.ts": {"path":"C:\\Users\\alex shu\\Desktop\\myThings\\Project\\Uni\\MVP\\microservices\\warehouse\\state\\src\\domain\\warehouse-id.entity.ts","statementMap":{"0":{"start":{"line":5,"column":4},"end":{"line":5,"column":35}},"1":{"start":{"line":9,"column":4},"end":{"line":9,"column":28}},"2":{"start":{"line":1,"column":0},"end":{"line":1,"column":13}}},"fnMap":{"0":{"name":"(anonymous_0)","decl":{"start":{"line":4,"column":2},"end":{"line":4,"column":14}},"loc":{"start":{"line":4,"column":33},"end":{"line":6,"column":3}}},"1":{"name":"(anonymous_1)","decl":{"start":{"line":8,"column":9},"end":{"line":8,"column":14}},"loc":{"start":{"line":8,"column":14},"end":{"line":10,"column":3}}}},"branchMap":{},"s":{"0":14,"1":14,"2":5},"f":{"0":14,"1":14},"b":{}}
,"C:\\Users\\alex shu\\Desktop\\myThings\\Project\\Uni\\MVP\\microservices\\warehouse\\state\\src\\domain\\warehouse-state.entity.ts": {"path":"C:\\Users\\alex shu\\Desktop\\myThings\\Project\\Uni\\MVP\\microservices\\warehouse\\state\\src\\domain\\warehouse-state.entity.ts","statementMap":{"0":{"start":{"line":5,"column":4},"end":{"line":5,"column":23}},"1":{"start":{"line":9,"column":4},"end":{"line":9,"column":22}},"2":{"start":{"line":13,"column":4},"end":{"line":13,"column":23}},"3":{"start":{"line":1,"column":0},"end":{"line":1,"column":13}}},"fnMap":{"0":{"name":"(anonymous_0)","decl":{"start":{"line":4,"column":2},"end":{"line":4,"column":14}},"loc":{"start":{"line":4,"column":27},"end":{"line":6,"column":3}}},"1":{"name":"(anonymous_1)","decl":{"start":{"line":8,"column":9},"end":{"line":8,"column":17}},"loc":{"start":{"line":8,"column":17},"end":{"line":10,"column":3}}},"2":{"name":"(anonymous_2)","decl":{"start":{"line":12,"column":9},"end":{"line":12,"column":17}},"loc":{"start":{"line":12,"column":31},"end":{"line":14,"column":3}}}},"branchMap":{},"s":{"0":10,"1":9,"2":1,"3":5},"f":{"0":10,"1":9,"2":1},"b":{}}
,"C:\\Users\\alex shu\\Desktop\\myThings\\Project\\Uni\\MVP\\microservices\\warehouse\\state\\src\\domain\\mongodb\\state.repository.ts": {"path":"C:\\Users\\alex shu\\Desktop\\myThings\\Project\\Uni\\MVP\\microservices\\warehouse\\state\\src\\domain\\mongodb\\state.repository.ts","statementMap":{"0":{"start":{"line":9,"column":13},"end":{"line":9,"column":58}}},"fnMap":{},"branchMap":{},"s":{"0":2},"f":{},"b":{}}
,"C:\\Users\\alex shu\\Desktop\\myThings\\Project\\Uni\\MVP\\microservices\\warehouse\\state\\src\\infrastructure\\adapters\\mongodb\\schemas\\state.schema.ts": {"path":"C:\\Users\\alex shu\\Desktop\\myThings\\Project\\Uni\\MVP\\microservices\\warehouse\\state\\src\\infrastructure\\adapters\\mongodb\\schemas\\state.schema.ts","statementMap":{"0":{"start":{"line":1,"column":0},"end":{"line":1,"column":63}},"1":{"start":{"line":5,"column":13},"end":{"line":5,"column":39}},"2":{"start":{"line":8,"column":7},"end":{"line":20,"column":null}},"3":{"start":{"line":8,"column":13},"end":{"line":8,"column":24}},"4":{"start":{"line":10,"column":2},"end":{"line":10,"column":null}},"5":{"start":{"line":13,"column":2},"end":{"line":13,"column":null}},"6":{"start":{"line":16,"column":2},"end":{"line":16,"column":null}},"7":{"start":{"line":19,"column":2},"end":{"line":19,"column":null}},"8":{"start":{"line":8,"column":13},"end":{"line":20,"column":null}},"9":{"start":{"line":22,"column":13},"end":{"line":22,"column":76}}},"fnMap":{},"branchMap":{},"s":{"0":1,"1":1,"2":1,"3":1,"4":1,"5":1,"6":1,"7":1,"8":1,"9":1},"f":{},"b":{}}
,"C:\\Users\\alex shu\\Desktop\\myThings\\Project\\Uni\\MVP\\microservices\\warehouse\\state\\src\\infrastructure\\adapters\\portAdapters\\inboundPortAdapters.ts": {"path":"C:\\Users\\alex shu\\Desktop\\myThings\\Project\\Uni\\MVP\\microservices\\warehouse\\state\\src\\infrastructure\\adapters\\portAdapters\\inboundPortAdapters.ts","statementMap":{"0":{"start":{"line":1,"column":0},"end":{"line":1,"column":44}},"1":{"start":{"line":2,"column":0},"end":{"line":2,"column":66}},"2":{"start":{"line":3,"column":0},"end":{"line":3,"column":54}},"3":{"start":{"line":12,"column":0},"end":{"line":12,"column":76}},"4":{"start":{"line":13,"column":0},"end":{"line":13,"column":61}},"5":{"start":{"line":17,"column":7},"end":{"line":41,"column":null}},"6":{"start":{"line":19,"column":21},"end":{"line":19,"column":35}},"7":{"start":{"line":20,"column":21},"end":{"line":20,"column":41}},"8":{"start":{"line":24,"column":27},"end":{"line":25,"column":null}},"9":{"start":{"line":28,"column":2},"end":{"line":31,"column":3}},"10":{"start":{"line":30,"column":4},"end":{"line":30,"column":32}},"11":{"start":{"line":33,"column":22},"end":{"line":33,"column":68}},"12":{"start":{"line":34,"column":20},"end":{"line":34,"column":67}},"13":{"start":{"line":36,"column":2},"end":{"line":36,"column":60}},"14":{"start":{"line":39,"column":2},"end":{"line":39,"column":56}},"15":{"start":{"line":17,"column":13},"end":{"line":17,"column":32}},"16":{"start":{"line":17,"column":13},"end":{"line":41,"column":null}}},"fnMap":{"0":{"name":"(anonymous_2)","decl":{"start":{"line":18,"column":2},"end":{"line":18,"column":null}},"loc":{"start":{"line":20,"column":58},"end":{"line":21,"column":6}}},"1":{"name":"(anonymous_3)","decl":{"start":{"line":23,"column":2},"end":{"line":23,"column":7}},"loc":{"start":{"line":23,"column":53},"end":{"line":40,"column":1}}}},"branchMap":{"0":{"loc":{"start":{"line":28,"column":2},"end":{"line":31,"column":3}},"type":"if","locations":[{"start":{"line":28,"column":2},"end":{"line":31,"column":3}},{"start":{},"end":{}}]}},"s":{"0":1,"1":1,"2":1,"3":1,"4":1,"5":1,"6":2,"7":2,"8":2,"9":2,"10":1,"11":1,"12":1,"13":1,"14":1,"15":1,"16":1},"f":{"0":2,"1":2},"b":{"0":[1,1]}}
,"C:\\Users\\alex shu\\Desktop\\myThings\\Project\\Uni\\MVP\\microservices\\warehouse\\state\\src\\infrastructure\\mappers\\datamapper.ts": {"path":"C:\\Users\\alex shu\\Desktop\\myThings\\Project\\Uni\\MVP\\microservices\\warehouse\\state\\src\\infrastructure\\mappers\\datamapper.ts","statementMap":{"0":{"start":{"line":4,"column":0},"end":{"line":4,"column":63}},"1":{"start":{"line":5,"column":0},"end":{"line":5,"column":69}},"2":{"start":{"line":6,"column":0},"end":{"line":6,"column":58}},"3":{"start":{"line":8,"column":13},"end":{"line":40,"column":2}},"4":{"start":{"line":11,"column":4},"end":{"line":11,"column":35}},"5":{"start":{"line":15,"column":4},"end":{"line":15,"column":41}},"6":{"start":{"line":19,"column":24},"end":{"line":19,"column":56}},"7":{"start":{"line":20,"column":4},"end":{"line":20,"column":71}},"8":{"start":{"line":25,"column":4},"end":{"line":25,"column":34}},"9":{"start":{"line":29,"column":4},"end":{"line":29,"column":40}},"10":{"start":{"line":34,"column":4},"end":{"line":38,"column":6}}},"fnMap":{"0":{"name":"(anonymous_0)","decl":{"start":{"line":10,"column":2},"end":{"line":10,"column":21}},"loc":{"start":{"line":10,"column":41},"end":{"line":12,"column":3}}},"1":{"name":"(anonymous_1)","decl":{"start":{"line":14,"column":2},"end":{"line":14,"column":24}},"loc":{"start":{"line":14,"column":47},"end":{"line":16,"column":3}}},"2":{"name":"(anonymous_2)","decl":{"start":{"line":18,"column":2},"end":{"line":18,"column":19}},"loc":{"start":{"line":18,"column":37},"end":{"line":21,"column":3}}},"3":{"name":"(anonymous_3)","decl":{"start":{"line":24,"column":2},"end":{"line":24,"column":18}},"loc":{"start":{"line":24,"column":38},"end":{"line":26,"column":3}}},"4":{"name":"(anonymous_4)","decl":{"start":{"line":28,"column":2},"end":{"line":28,"column":21}},"loc":{"start":{"line":28,"column":44},"end":{"line":30,"column":3}}},"5":{"name":"(anonymous_5)","decl":{"start":{"line":33,"column":2},"end":{"line":33,"column":16}},"loc":{"start":{"line":33,"column":34},"end":{"line":39,"column":3}}}},"branchMap":{},"s":{"0":2,"1":2,"2":2,"3":2,"4":2,"5":1,"6":1,"7":1,"8":1,"9":1,"10":1},"f":{"0":2,"1":1,"2":1,"3":1,"4":1,"5":1},"b":{}}
,"C:\\Users\\alex shu\\Desktop\\myThings\\Project\\Uni\\MVP\\microservices\\warehouse\\state\\src\\interfaces\\state-event.handler.ts": {"path":"C:\\Users\\alex shu\\Desktop\\myThings\\Project\\Uni\\MVP\\microservices\\warehouse\\state\\src\\interfaces\\state-event.handler.ts","statementMap":{"0":{"start":{"line":1,"column":0},"end":{"line":1,"column":66}},"1":{"start":{"line":2,"column":0},"end":{"line":2,"column":52}},"2":{"start":{"line":8,"column":7},"end":{"line":39,"column":null}},"3":{"start":{"line":9,"column":55},"end":{"line":9,"column":67}},"4":{"start":{"line":12,"column":4},"end":{"line":12,"column":36}},"5":{"start":{"line":16,"column":4},"end":{"line":20,"column":7}},"6":{"start":{"line":25,"column":4},"end":{"line":28,"column":7}},"7":{"start":{"line":32,"column":4},"end":{"line":35,"column":7}},"8":{"start":{"line":8,"column":13},"end":{"line":8,"column":30}},"9":{"start":{"line":8,"column":13},"end":{"line":39,"column":null}}},"fnMap":{"0":{"name":"(anonymous_4)","decl":{"start":{"line":9,"column":2},"end":{"line":9,"column":15}},"loc":{"start":{"line":9,"column":78},"end":{"line":9,"column":82}}},"1":{"name":"(anonymous_5)","decl":{"start":{"line":11,"column":2},"end":{"line":11,"column":7}},"loc":{"start":{"line":11,"column":20},"end":{"line":13,"column":3}}},"2":{"name":"(anonymous_6)","decl":{"start":{"line":15,"column":0},"end":{"line":15,"column":5}},"loc":{"start":{"line":15,"column":43},"end":{"line":21,"column":1}}},"3":{"name":"(anonymous_7)","decl":{"start":{"line":24,"column":2},"end":{"line":24,"column":7}},"loc":{"start":{"line":24,"column":63},"end":{"line":29,"column":1}}},"4":{"name":"(anonymous_8)","decl":{"start":{"line":31,"column":0},"end":{"line":31,"column":5}},"loc":{"start":{"line":31,"column":61},"end":{"line":36,"column":1}}}},"branchMap":{},"s":{"0":1,"1":1,"2":1,"3":0,"4":0,"5":0,"6":0,"7":0,"8":1,"9":1},"f":{"0":0,"1":0,"2":0,"3":0,"4":0},"b":{}}
,"C:\\Users\\alex shu\\Desktop\\myThings\\Project\\Uni\\MVP\\microservices\\warehouse\\state\\src\\interfaces\\mongodb\\state.repository.impl.ts": {"path":"C:\\Users\\alex shu\\Desktop\\myThings\\Project\\Uni\\MVP\\microservices\\warehouse\\state\\src\\interfaces\\mongodb\\state.repository.impl.ts","statementMap":{"0":{"start":{"line":2,"column":0},"end":{"line":2,"column":52}},"1":{"start":{"line":3,"column":0},"end":{"line":3,"column":47}},"2":{"start":{"line":6,"column":0},"end":{"line":6,"column":69}},"3":{"start":{"line":12,"column":33},"end":{"line":36,"column":null}},"4":{"start":{"line":16,"column":43},"end":{"line":16,"column":65}},"5":{"start":{"line":13,"column":19},"end":{"line":13,"column":66}},"6":{"start":{"line":20,"column":16},"end":{"line":20,"column":90}},"7":{"start":{"line":21,"column":4},"end":{"line":24,"column":5}},"8":{"start":{"line":22,"column":6},"end":{"line":22,"column":78}},"9":{"start":{"line":23,"column":6},"end":{"line":23,"column":43}},"10":{"start":{"line":25,"column":4},"end":{"line":25,"column":41}},"11":{"start":{"line":29,"column":19},"end":{"line":33,"column":12}},"12":{"start":{"line":34,"column":4},"end":{"line":34,"column":31}},"13":{"start":{"line":12,"column":13},"end":{"line":12,"column":33}},"14":{"start":{"line":12,"column":13},"end":{"line":36,"column":null}}},"fnMap":{"0":{"name":"(anonymous_4)","decl":{"start":{"line":15,"column":2},"end":{"line":15,"column":null}},"loc":{"start":{"line":16,"column":65},"end":{"line":17,"column":6}}},"1":{"name":"(anonymous_5)","decl":{"start":{"line":19,"column":2},"end":{"line":19,"column":7}},"loc":{"start":{"line":19,"column":41},"end":{"line":26,"column":3}}},"2":{"name":"(anonymous_6)","decl":{"start":{"line":28,"column":1},"end":{"line":28,"column":6}},"loc":{"start":{"line":28,"column":67},"end":{"line":35,"column":3}}}},"branchMap":{"0":{"loc":{"start":{"line":21,"column":4},"end":{"line":24,"column":5}},"type":"if","locations":[{"start":{"line":21,"column":4},"end":{"line":24,"column":5}},{"start":{},"end":{}}]}},"s":{"0":1,"1":1,"2":1,"3":1,"4":4,"5":4,"6":2,"7":2,"8":1,"9":1,"10":1,"11":2,"12":2,"13":1,"14":1},"f":{"0":4,"1":2,"2":2},"b":{"0":[1,1]}}
}
