TN:
SF:src\application\state.service.ts
FN:11,(anonymous_4)
FN:16,(anonymous_5)
FN:21,(anonymous_6)
FNF:3
FNH:3
FNDA:3,(anonymous_4)
FNDA:2,(anonymous_5)
FNDA:1,(anonymous_6)
DA:2,2
DA:5,2
DA:8,2
DA:9,3
DA:13,3
DA:17,2
DA:18,2
DA:22,1
DA:23,1
LF:9
LH:9
BRF:0
BRH:0
end_of_record
TN:
SF:src\domain\heartbeat.entity.ts
FN:8,(anonymous_0)
FN:14,(anonymous_1)
FN:18,(anonymous_2)
FN:22,(anonymous_3)
FNF:4
FNH:3
FNDA:2,(anonymous_0)
FNDA:1,(anonymous_1)
FNDA:0,(anonymous_2)
FNDA:1,(anonymous_3)
DA:3,2
DA:9,2
DA:10,2
DA:11,2
DA:15,1
DA:19,0
DA:23,1
LF:7
LH:6
BRF:0
BRH:0
end_of_record
TN:
SF:src\domain\warehouse-id.entity.ts
FN:4,(anonymous_0)
FN:8,(anonymous_1)
FNF:2
FNH:2
FNDA:10,(anonymous_0)
FNDA:10,(anonymous_1)
DA:1,4
DA:5,10
DA:9,10
LF:3
LH:3
BRF:0
BRH:0
end_of_record
TN:
SF:src\domain\warehouse-state.entity.ts
FN:4,(anonymous_0)
FN:8,(anonymous_1)
FN:12,(anonymous_2)
FNF:3
FNH:3
FNDA:10,(anonymous_0)
FNDA:9,(anonymous_1)
FNDA:1,(anonymous_2)
DA:1,5
DA:5,10
DA:9,9
DA:13,1
LF:4
LH:4
BRF:0
BRH:0
end_of_record
TN:
SF:src\domain\mongodb\state.repository.ts
FNF:0
FNH:0
DA:9,2
LF:1
LH:1
BRF:0
BRH:0
end_of_record
TN:
SF:src\infrastructure\adapters\mongodb\schemas\state.schema.ts
FNF:0
FNH:0
DA:1,1
DA:5,1
DA:8,1
DA:10,1
DA:13,1
DA:16,1
DA:19,1
DA:22,1
LF:8
LH:8
BRF:0
BRH:0
end_of_record
TN:
SF:src\infrastructure\adapters\portAdapters\inboundPortAdapters.ts
FN:18,(anonymous_2)
FN:23,(anonymous_3)
FNF:2
FNH:2
FNDA:2,(anonymous_2)
FNDA:2,(anonymous_3)
DA:1,1
DA:2,1
DA:3,1
DA:12,1
DA:13,1
DA:17,1
DA:19,2
DA:20,2
DA:24,2
DA:28,2
DA:30,1
DA:33,1
DA:34,1
DA:36,1
DA:39,1
LF:15
LH:15
BRDA:28,0,0,1
BRF:1
BRH:1
end_of_record
TN:
SF:src\infrastructure\adapters\portAdapters\outboundPortAdapters.ts
FN:9,(anonymous_2)
FN:13,(anonymous_3)
FNF:2
FNH:2
FNDA:2,(anonymous_2)
FNDA:2,(anonymous_3)
DA:1,1
DA:6,1
DA:7,2
DA:10,2
DA:14,2
DA:15,2
DA:16,2
DA:18,1
DA:19,1
LF:9
LH:9
BRF:0
BRH:0
end_of_record
TN:
SF:src\infrastructure\mappers\datamapper.ts
FN:10,(anonymous_0)
FN:14,(anonymous_1)
FN:18,(anonymous_2)
FN:24,(anonymous_3)
FN:28,(anonymous_4)
FN:33,(anonymous_5)
FNF:6
FNH:1
FNDA:1,(anonymous_0)
FNDA:0,(anonymous_1)
FNDA:0,(anonymous_2)
FNDA:0,(anonymous_3)
FNDA:0,(anonymous_4)
FNDA:0,(anonymous_5)
DA:4,1
DA:5,1
DA:6,1
DA:8,1
DA:11,1
DA:15,0
DA:19,0
DA:20,0
DA:25,0
DA:29,0
DA:34,0
LF:11
LH:5
BRF:0
BRH:0
end_of_record
TN:
SF:src\interfaces\state-event.handler.ts
FN:9,(anonymous_4)
FN:11,(anonymous_5)
FN:15,(anonymous_6)
FN:24,(anonymous_7)
FN:31,(anonymous_8)
FNF:5
FNH:0
FNDA:0,(anonymous_4)
FNDA:0,(anonymous_5)
FNDA:0,(anonymous_6)
FNDA:0,(anonymous_7)
FNDA:0,(anonymous_8)
DA:1,1
DA:2,1
DA:8,1
DA:9,0
DA:12,0
DA:16,0
DA:25,0
DA:32,0
LF:8
LH:3
BRF:0
BRH:0
end_of_record
TN:
SF:src\interfaces\mongodb\state.repository.impl.ts
FN:15,(anonymous_4)
FN:19,(anonymous_5)
FN:28,(anonymous_6)
FNF:3
FNH:3
FNDA:4,(anonymous_4)
FNDA:2,(anonymous_5)
FNDA:2,(anonymous_6)
DA:2,1
DA:3,1
DA:6,1
DA:12,1
DA:13,4
DA:16,4
DA:20,2
DA:21,2
DA:22,1
DA:23,1
DA:25,1
DA:29,2
DA:34,2
LF:13
LH:13
BRDA:21,0,0,1
BRF:1
BRH:1
end_of_record
