{"C:\\Users\\shiiz\\Downloads\\MVP Code Alchemists\\MVP\\microservices\\warehouse\\orders\\src\\main.ts": {"path":"C:\\Users\\shiiz\\Downloads\\MVP Code Alchemists\\MVP\\microservices\\warehouse\\orders\\src\\main.ts","statementMap":{"0":{"start":{"line":1,"column":0},"end":{"line":1,"column":59}},"1":{"start":{"line":2,"column":0},"end":{"line":2,"column":43}},"2":{"start":{"line":3,"column":0},"end":{"line":3,"column":71}},"3":{"start":{"line":6,"column":0},"end":{"line":6,"column":116}},"4":{"start":{"line":10,"column":14},"end":{"line":17,"column":4}},"5":{"start":{"line":18,"column":2},"end":{"line":18,"column":21}},"6":{"start":{"line":19,"column":2},"end":{"line":19,"column":43}},"7":{"start":{"line":21,"column":0},"end":{"line":21,"column":12}}},"fnMap":{"0":{"name":"bootstrap","decl":{"start":{"line":9,"column":15},"end":{"line":9,"column":24}},"loc":{"start":{"line":9,"column":24},"end":{"line":20,"column":1}}}},"branchMap":{},"s":{"0":0,"1":0,"2":0,"3":0,"4":0,"5":0,"6":0,"7":0},"f":{"0":0},"b":{}}
,"C:\\Users\\shiiz\\Downloads\\MVP Code Alchemists\\MVP\\microservices\\warehouse\\orders\\src\\application\\orders.module.ts": {"path":"C:\\Users\\shiiz\\Downloads\\MVP Code Alchemists\\MVP\\microservices\\warehouse\\orders\\src\\application\\orders.module.ts","statementMap":{"0":{"start":{"line":1,"column":0},"end":{"line":1,"column":40}},"1":{"start":{"line":2,"column":0},"end":{"line":2,"column":50}},"2":{"start":{"line":3,"column":0},"end":{"line":3,"column":49}},"3":{"start":{"line":4,"column":0},"end":{"line":4,"column":67}},"4":{"start":{"line":5,"column":0},"end":{"line":5,"column":102}},"5":{"start":{"line":6,"column":0},"end":{"line":6,"column":60}},"6":{"start":{"line":7,"column":0},"end":{"line":7,"column":68}},"7":{"start":{"line":8,"column":0},"end":{"line":8,"column":89}},"8":{"start":{"line":18,"column":7},"end":{"line":18,"column":null}},"9":{"start":{"line":18,"column":13},"end":{"line":18,"column":25}},"10":{"start":{"line":18,"column":13},"end":{"line":18,"column":null}}},"fnMap":{},"branchMap":{"0":{"loc":{"start":{"line":12,"column":27},"end":{"line":12,"column":84}},"type":"binary-expr","locations":[{"start":{"line":12,"column":27},"end":{"line":12,"column":50}},{"start":{"line":12,"column":54},"end":{"line":12,"column":84}}]}},"s":{"0":0,"1":0,"2":0,"3":0,"4":0,"5":0,"6":0,"7":0,"8":0,"9":0,"10":0},"f":{},"b":{"0":[0,0]}}
,"C:\\Users\\shiiz\\Downloads\\MVP Code Alchemists\\MVP\\microservices\\warehouse\\orders\\src\\application\\orders.service.ts": {"path":"C:\\Users\\shiiz\\Downloads\\MVP Code Alchemists\\MVP\\microservices\\warehouse\\orders\\src\\application\\orders.service.ts","statementMap":{"0":{"start":{"line":1,"column":0},"end":{"line":1,"column":71}},"1":{"start":{"line":5,"column":0},"end":{"line":5,"column":56}},"2":{"start":{"line":8,"column":0},"end":{"line":8,"column":64}},"3":{"start":{"line":9,"column":0},"end":{"line":9,"column":56}},"4":{"start":{"line":10,"column":0},"end":{"line":10,"column":98}},"5":{"start":{"line":11,"column":0},"end":{"line":11,"column":88}},"6":{"start":{"line":14,"column":7},"end":{"line":155,"column":null}},"7":{"start":{"line":17,"column":21},"end":{"line":17,"column":44}},"8":{"start":{"line":18,"column":21},"end":{"line":18,"column":43}},"9":{"start":{"line":23,"column":22},"end":{"line":23,"column":66}},"10":{"start":{"line":24,"column":8},"end":{"line":26,"column":9}},"11":{"start":{"line":25,"column":12},"end":{"line":25,"column":42}},"12":{"start":{"line":27,"column":8},"end":{"line":27,"column":37}},"13":{"start":{"line":50,"column":8},"end":{"line":50,"column":69}},"14":{"start":{"line":56,"column":28},"end":{"line":56,"column":64}},"15":{"start":{"line":58,"column":8},"end":{"line":58,"column":69}},"16":{"start":{"line":62,"column":8},"end":{"line":62,"column":54}},"17":{"start":{"line":68,"column":30},"end":{"line":68,"column":79}},"18":{"start":{"line":71,"column":34},"end":{"line":77,"column":null}},"19":{"start":{"line":80,"column":8},"end":{"line":80,"column":73}},"20":{"start":{"line":84,"column":8},"end":{"line":84,"column":106}},"21":{"start":{"line":90,"column":30},"end":{"line":90,"column":79}},"22":{"start":{"line":93,"column":34},"end":{"line":99,"column":null}},"23":{"start":{"line":102,"column":8},"end":{"line":102,"column":77}},"24":{"start":{"line":106,"column":8},"end":{"line":106,"column":110}},"25":{"start":{"line":111,"column":8},"end":{"line":111,"column":56}},"26":{"start":{"line":112,"column":8},"end":{"line":112,"column":59}},"27":{"start":{"line":117,"column":8},"end":{"line":117,"column":72}},"28":{"start":{"line":124,"column":8},"end":{"line":124,"column":86}},"29":{"start":{"line":129,"column":8},"end":{"line":129,"column":94}},"30":{"start":{"line":134,"column":8},"end":{"line":134,"column":82}},"31":{"start":{"line":136,"column":8},"end":{"line":136,"column":55}},"32":{"start":{"line":150,"column":8},"end":{"line":150,"column":84}},"33":{"start":{"line":151,"column":8},"end":{"line":151,"column":82}},"34":{"start":{"line":152,"column":8},"end":{"line":152,"column":59}},"35":{"start":{"line":14,"column":13},"end":{"line":14,"column":26}},"36":{"start":{"line":14,"column":13},"end":{"line":155,"column":null}}},"fnMap":{"0":{"name":"(anonymous_4)","decl":{"start":{"line":15,"column":4},"end":{"line":15,"column":null}},"loc":{"start":{"line":18,"column":63},"end":{"line":19,"column":8}}},"1":{"name":"(anonymous_5)","decl":{"start":{"line":22,"column":4},"end":{"line":22,"column":9}},"loc":{"start":{"line":22,"column":41},"end":{"line":28,"column":5}}},"2":{"name":"(anonymous_6)","decl":{"start":{"line":48,"column":4},"end":{"line":48,"column":9}},"loc":{"start":{"line":48,"column":57},"end":{"line":59,"column":5}}},"3":{"name":"(anonymous_7)","decl":{"start":{"line":61,"column":4},"end":{"line":61,"column":9}},"loc":{"start":{"line":61,"column":37},"end":{"line":63,"column":5}}},"4":{"name":"(anonymous_8)","decl":{"start":{"line":66,"column":4},"end":{"line":66,"column":9}},"loc":{"start":{"line":66,"column":42},"end":{"line":85,"column":5}}},"5":{"name":"(anonymous_9)","decl":{"start":{"line":88,"column":4},"end":{"line":88,"column":9}},"loc":{"start":{"line":88,"column":50},"end":{"line":107,"column":5}}},"6":{"name":"(anonymous_10)","decl":{"start":{"line":110,"column":4},"end":{"line":110,"column":9}},"loc":{"start":{"line":110,"column":33},"end":{"line":113,"column":5}}},"7":{"name":"(anonymous_11)","decl":{"start":{"line":116,"column":4},"end":{"line":116,"column":9}},"loc":{"start":{"line":116,"column":61},"end":{"line":120,"column":5}}},"8":{"name":"(anonymous_12)","decl":{"start":{"line":123,"column":4},"end":{"line":123,"column":9}},"loc":{"start":{"line":123,"column":64},"end":{"line":125,"column":5}}},"9":{"name":"(anonymous_13)","decl":{"start":{"line":128,"column":4},"end":{"line":128,"column":9}},"loc":{"start":{"line":128,"column":76},"end":{"line":130,"column":5}}},"10":{"name":"(anonymous_14)","decl":{"start":{"line":133,"column":4},"end":{"line":133,"column":9}},"loc":{"start":{"line":133,"column":31},"end":{"line":138,"column":5}}},"11":{"name":"(anonymous_15)","decl":{"start":{"line":141,"column":4},"end":{"line":141,"column":9}},"loc":{"start":{"line":141,"column":34},"end":{"line":146,"column":5}}},"12":{"name":"(anonymous_16)","decl":{"start":{"line":149,"column":4},"end":{"line":149,"column":9}},"loc":{"start":{"line":149,"column":35},"end":{"line":153,"column":5}}}},"branchMap":{"0":{"loc":{"start":{"line":24,"column":8},"end":{"line":26,"column":9}},"type":"if","locations":[{"start":{"line":24,"column":8},"end":{"line":26,"column":9}}]}},"s":{"0":1,"1":1,"2":1,"3":1,"4":1,"5":1,"6":1,"7":2,"8":2,"9":2,"10":2,"11":1,"12":1,"13":0,"14":0,"15":0,"16":0,"17":0,"18":0,"19":0,"20":0,"21":0,"22":0,"23":0,"24":0,"25":0,"26":0,"27":0,"28":0,"29":0,"30":0,"31":0,"32":0,"33":0,"34":0,"35":1,"36":1},"f":{"0":2,"1":2,"2":0,"3":0,"4":0,"5":0,"6":0,"7":0,"8":0,"9":0,"10":0,"11":0,"12":0},"b":{"0":[1]}}
,"C:\\Users\\shiiz\\Downloads\\MVP Code Alchemists\\MVP\\microservices\\warehouse\\orders\\src\\domain\\internalOrder.entity.ts": {"path":"C:\\Users\\shiiz\\Downloads\\MVP Code Alchemists\\MVP\\microservices\\warehouse\\orders\\src\\domain\\internalOrder.entity.ts","statementMap":{"0":{"start":{"line":1,"column":0},"end":{"line":1,"column":39}},"1":{"start":{"line":15,"column":8},"end":{"line":15,"column":76}},"2":{"start":{"line":13,"column":16},"end":{"line":13,"column":44}},"3":{"start":{"line":19,"column":8},"end":{"line":19,"column":41}},"4":{"start":{"line":23,"column":8},"end":{"line":23,"column":60}},"5":{"start":{"line":6,"column":0},"end":{"line":6,"column":13}}},"fnMap":{"0":{"name":"(anonymous_0)","decl":{"start":{"line":7,"column":4},"end":{"line":7,"column":null}},"loc":{"start":{"line":13,"column":44},"end":{"line":16,"column":5}}},"1":{"name":"(anonymous_1)","decl":{"start":{"line":18,"column":4},"end":{"line":18,"column":27}},"loc":{"start":{"line":18,"column":27},"end":{"line":20,"column":5}}},"2":{"name":"(anonymous_2)","decl":{"start":{"line":22,"column":4},"end":{"line":22,"column":27}},"loc":{"start":{"line":22,"column":59},"end":{"line":24,"column":5}}}},"branchMap":{},"s":{"0":3,"1":6,"2":6,"3":2,"4":1,"5":3},"f":{"0":6,"1":2,"2":1},"b":{}}
,"C:\\Users\\shiiz\\Downloads\\MVP Code Alchemists\\MVP\\microservices\\warehouse\\orders\\src\\domain\\itemId.entity.ts": {"path":"C:\\Users\\shiiz\\Downloads\\MVP Code Alchemists\\MVP\\microservices\\warehouse\\orders\\src\\domain\\itemId.entity.ts","statementMap":{"0":{"start":{"line":3,"column":16},"end":{"line":3,"column":26}},"1":{"start":{"line":8,"column":8},"end":{"line":8,"column":23}},"2":{"start":{"line":1,"column":0},"end":{"line":1,"column":13}}},"fnMap":{"0":{"name":"(anonymous_0)","decl":{"start":{"line":2,"column":4},"end":{"line":2,"column":null}},"loc":{"start":{"line":3,"column":26},"end":{"line":5,"column":5}}},"1":{"name":"(anonymous_1)","decl":{"start":{"line":7,"column":4},"end":{"line":7,"column":9}},"loc":{"start":{"line":7,"column":9},"end":{"line":9,"column":5}}}},"branchMap":{},"s":{"0":18,"1":4,"2":6},"f":{"0":18,"1":4},"b":{}}
,"C:\\Users\\shiiz\\Downloads\\MVP Code Alchemists\\MVP\\microservices\\warehouse\\orders\\src\\domain\\order.entity.ts": {"path":"C:\\Users\\shiiz\\Downloads\\MVP Code Alchemists\\MVP\\microservices\\warehouse\\orders\\src\\domain\\order.entity.ts","statementMap":{"0":{"start":{"line":7,"column":16},"end":{"line":7,"column":32}},"1":{"start":{"line":8,"column":16},"end":{"line":8,"column":40}},"2":{"start":{"line":9,"column":16},"end":{"line":9,"column":38}},"3":{"start":{"line":10,"column":16},"end":{"line":10,"column":34}},"4":{"start":{"line":11,"column":16},"end":{"line":11,"column":42}},"5":{"start":{"line":15,"column":4},"end":{"line":15,"column":32}},"6":{"start":{"line":18,"column":8},"end":{"line":18,"column":26}},"7":{"start":{"line":21,"column":8},"end":{"line":21,"column":31}},"8":{"start":{"line":24,"column":8},"end":{"line":24,"column":33}},"9":{"start":{"line":27,"column":8},"end":{"line":27,"column":39}},"10":{"start":{"line":31,"column":8},"end":{"line":31,"column":30}},"11":{"start":{"line":34,"column":8},"end":{"line":34,"column":35}},"12":{"start":{"line":37,"column":8},"end":{"line":37,"column":44}},"13":{"start":{"line":40,"column":8},"end":{"line":40,"column":56}},"14":{"start":{"line":5,"column":0},"end":{"line":5,"column":22}}},"fnMap":{"0":{"name":"(anonymous_0)","decl":{"start":{"line":6,"column":4},"end":{"line":6,"column":null}},"loc":{"start":{"line":11,"column":42},"end":{"line":12,"column":9}}},"1":{"name":"(anonymous_1)","decl":{"start":{"line":14,"column":4},"end":{"line":14,"column":14}},"loc":{"start":{"line":14,"column":14},"end":{"line":16,"column":5}}},"2":{"name":"(anonymous_2)","decl":{"start":{"line":17,"column":4},"end":{"line":17,"column":18}},"loc":{"start":{"line":17,"column":18},"end":{"line":19,"column":5}}},"3":{"name":"(anonymous_3)","decl":{"start":{"line":20,"column":4},"end":{"line":20,"column":17}},"loc":{"start":{"line":20,"column":17},"end":{"line":22,"column":5}}},"4":{"name":"(anonymous_4)","decl":{"start":{"line":23,"column":4},"end":{"line":23,"column":19}},"loc":{"start":{"line":23,"column":19},"end":{"line":25,"column":5}}},"5":{"name":"(anonymous_5)","decl":{"start":{"line":26,"column":4},"end":{"line":26,"column":25}},"loc":{"start":{"line":26,"column":25},"end":{"line":28,"column":5}}},"6":{"name":"(anonymous_6)","decl":{"start":{"line":30,"column":4},"end":{"line":30,"column":18}},"loc":{"start":{"line":30,"column":46},"end":{"line":32,"column":5}}},"7":{"name":"(anonymous_7)","decl":{"start":{"line":33,"column":4},"end":{"line":33,"column":17}},"loc":{"start":{"line":33,"column":38},"end":{"line":35,"column":5}}},"8":{"name":"(anonymous_8)","decl":{"start":{"line":36,"column":4},"end":{"line":36,"column":19}},"loc":{"start":{"line":36,"column":41},"end":{"line":38,"column":5}}},"9":{"name":"(anonymous_9)","decl":{"start":{"line":39,"column":4},"end":{"line":39,"column":25}},"loc":{"start":{"line":39,"column":56},"end":{"line":41,"column":5}}}},"branchMap":{},"s":{"0":22,"1":22,"2":22,"3":22,"4":22,"5":4,"6":10,"7":6,"8":2,"9":3,"10":1,"11":3,"12":1,"13":1,"14":6},"f":{"0":22,"1":4,"2":10,"3":6,"4":2,"5":3,"6":1,"7":3,"8":1,"9":1},"b":{}}
,"C:\\Users\\shiiz\\Downloads\\MVP Code Alchemists\\MVP\\microservices\\warehouse\\orders\\src\\domain\\orderId.entity.ts": {"path":"C:\\Users\\shiiz\\Downloads\\MVP Code Alchemists\\MVP\\microservices\\warehouse\\orders\\src\\domain\\orderId.entity.ts","statementMap":{"0":{"start":{"line":3,"column":16},"end":{"line":3,"column":26}},"1":{"start":{"line":5,"column":8},"end":{"line":5,"column":21}},"2":{"start":{"line":9,"column":8},"end":{"line":9,"column":23}},"3":{"start":{"line":13,"column":8},"end":{"line":13,"column":33}},"4":{"start":{"line":1,"column":0},"end":{"line":1,"column":13}}},"fnMap":{"0":{"name":"(anonymous_0)","decl":{"start":{"line":2,"column":4},"end":{"line":2,"column":null}},"loc":{"start":{"line":3,"column":26},"end":{"line":6,"column":5}}},"1":{"name":"(anonymous_1)","decl":{"start":{"line":8,"column":4},"end":{"line":8,"column":9}},"loc":{"start":{"line":8,"column":9},"end":{"line":10,"column":5}}},"2":{"name":"(anonymous_2)","decl":{"start":{"line":12,"column":4},"end":{"line":12,"column":16}},"loc":{"start":{"line":12,"column":16},"end":{"line":14,"column":5}}}},"branchMap":{},"s":{"0":26,"1":26,"2":5,"3":1,"4":7},"f":{"0":26,"1":5,"2":1},"b":{}}
,"C:\\Users\\shiiz\\Downloads\\MVP Code Alchemists\\MVP\\microservices\\warehouse\\orders\\src\\domain\\orderItem.entity.ts": {"path":"C:\\Users\\shiiz\\Downloads\\MVP Code Alchemists\\MVP\\microservices\\warehouse\\orders\\src\\domain\\orderItem.entity.ts","statementMap":{"0":{"start":{"line":5,"column":16},"end":{"line":5,"column":30}},"1":{"start":{"line":6,"column":16},"end":{"line":6,"column":32}},"2":{"start":{"line":10,"column":8},"end":{"line":10,"column":35}},"3":{"start":{"line":13,"column":8},"end":{"line":13,"column":29}},"4":{"start":{"line":17,"column":8},"end":{"line":17,"column":36}},"5":{"start":{"line":3,"column":0},"end":{"line":3,"column":13}}},"fnMap":{"0":{"name":"(anonymous_0)","decl":{"start":{"line":4,"column":4},"end":{"line":4,"column":null}},"loc":{"start":{"line":6,"column":32},"end":{"line":7,"column":9}}},"1":{"name":"(anonymous_1)","decl":{"start":{"line":9,"column":4},"end":{"line":9,"column":13}},"loc":{"start":{"line":9,"column":13},"end":{"line":11,"column":5}}},"2":{"name":"(anonymous_2)","decl":{"start":{"line":12,"column":4},"end":{"line":12,"column":15}},"loc":{"start":{"line":12,"column":15},"end":{"line":14,"column":5}}},"3":{"name":"(anonymous_3)","decl":{"start":{"line":16,"column":4},"end":{"line":16,"column":15}},"loc":{"start":{"line":16,"column":27},"end":{"line":18,"column":5}}}},"branchMap":{},"s":{"0":18,"1":18,"2":1,"3":2,"4":0,"5":6},"f":{"0":18,"1":1,"2":2,"3":0},"b":{}}
,"C:\\Users\\shiiz\\Downloads\\MVP Code Alchemists\\MVP\\microservices\\warehouse\\orders\\src\\domain\\orderItemDetail.entity.ts": {"path":"C:\\Users\\shiiz\\Downloads\\MVP Code Alchemists\\MVP\\microservices\\warehouse\\orders\\src\\domain\\orderItemDetail.entity.ts","statementMap":{"0":{"start":{"line":5,"column":16},"end":{"line":5,"column":31}},"1":{"start":{"line":6,"column":16},"end":{"line":6,"column":40}},"2":{"start":{"line":7,"column":16},"end":{"line":7,"column":33}},"3":{"start":{"line":11,"column":8},"end":{"line":11,"column":25}},"4":{"start":{"line":15,"column":8},"end":{"line":15,"column":37}},"5":{"start":{"line":18,"column":8},"end":{"line":18,"column":30}},"6":{"start":{"line":22,"column":8},"end":{"line":22,"column":52}},"7":{"start":{"line":25,"column":8},"end":{"line":25,"column":38}},"8":{"start":{"line":3,"column":0},"end":{"line":3,"column":13}}},"fnMap":{"0":{"name":"(anonymous_0)","decl":{"start":{"line":4,"column":4},"end":{"line":4,"column":null}},"loc":{"start":{"line":7,"column":33},"end":{"line":8,"column":9}}},"1":{"name":"(anonymous_1)","decl":{"start":{"line":10,"column":4},"end":{"line":10,"column":11}},"loc":{"start":{"line":10,"column":11},"end":{"line":12,"column":5}}},"2":{"name":"(anonymous_2)","decl":{"start":{"line":14,"column":4},"end":{"line":14,"column":23}},"loc":{"start":{"line":14,"column":23},"end":{"line":16,"column":5}}},"3":{"name":"(anonymous_3)","decl":{"start":{"line":17,"column":4},"end":{"line":17,"column":16}},"loc":{"start":{"line":17,"column":16},"end":{"line":19,"column":5}}},"4":{"name":"(anonymous_4)","decl":{"start":{"line":21,"column":4},"end":{"line":21,"column":23}},"loc":{"start":{"line":21,"column":43},"end":{"line":23,"column":5}}},"5":{"name":"(anonymous_5)","decl":{"start":{"line":24,"column":4},"end":{"line":24,"column":16}},"loc":{"start":{"line":24,"column":29},"end":{"line":26,"column":5}}}},"branchMap":{},"s":{"0":19,"1":19,"2":19,"3":2,"4":4,"5":4,"6":2,"7":2,"8":7},"f":{"0":19,"1":2,"2":4,"3":4,"4":2,"5":2},"b":{}}
,"C:\\Users\\shiiz\\Downloads\\MVP Code Alchemists\\MVP\\microservices\\warehouse\\orders\\src\\domain\\orderState.enum.ts": {"path":"C:\\Users\\shiiz\\Downloads\\MVP Code Alchemists\\MVP\\microservices\\warehouse\\orders\\src\\domain\\orderState.enum.ts","statementMap":{"0":{"start":{"line":1,"column":0},"end":{"line":1,"column":null}},"1":{"start":{"line":2,"column":2},"end":{"line":2,"column":null}},"2":{"start":{"line":3,"column":2},"end":{"line":3,"column":null}},"3":{"start":{"line":4,"column":2},"end":{"line":4,"column":null}},"4":{"start":{"line":5,"column":2},"end":{"line":5,"column":null}},"5":{"start":{"line":6,"column":2},"end":{"line":6,"column":null}}},"fnMap":{"0":{"name":"(anonymous_0)","decl":{"start":{"line":1,"column":0},"end":{"line":1,"column":12}},"loc":{"start":{"line":1,"column":22},"end":{"line":7,"column":1}}}},"branchMap":{"0":{"loc":{"start":{"line":1,"column":12},"end":{"line":1,"column":null}},"type":"binary-expr","locations":[{"start":{"line":1,"column":12},"end":{"line":1,"column":22}},{"start":{"line":1,"column":22},"end":{"line":1,"column":null}}]}},"s":{"0":8,"1":8,"2":8,"3":8,"4":8,"5":8},"f":{"0":8},"b":{"0":[8,8]}}
,"C:\\Users\\shiiz\\Downloads\\MVP Code Alchemists\\MVP\\microservices\\warehouse\\orders\\src\\domain\\orders.entity.ts": {"path":"C:\\Users\\shiiz\\Downloads\\MVP Code Alchemists\\MVP\\microservices\\warehouse\\orders\\src\\domain\\orders.entity.ts","statementMap":{"0":{"start":{"line":6,"column":16},"end":{"line":6,"column":39}},"1":{"start":{"line":7,"column":16},"end":{"line":7,"column":47}},"2":{"start":{"line":11,"column":4},"end":{"line":11,"column":27}},"3":{"start":{"line":14,"column":8},"end":{"line":14,"column":35}},"4":{"start":{"line":18,"column":8},"end":{"line":18,"column":40}},"5":{"start":{"line":21,"column":8},"end":{"line":21,"column":48}},"6":{"start":{"line":4,"column":0},"end":{"line":4,"column":13}}},"fnMap":{"0":{"name":"(anonymous_0)","decl":{"start":{"line":5,"column":4},"end":{"line":5,"column":null}},"loc":{"start":{"line":7,"column":47},"end":{"line":8,"column":9}}},"1":{"name":"(anonymous_1)","decl":{"start":{"line":10,"column":4},"end":{"line":10,"column":17}},"loc":{"start":{"line":10,"column":17},"end":{"line":12,"column":5}}},"2":{"name":"(anonymous_2)","decl":{"start":{"line":13,"column":4},"end":{"line":13,"column":21}},"loc":{"start":{"line":13,"column":21},"end":{"line":15,"column":5}}},"3":{"name":"(anonymous_3)","decl":{"start":{"line":17,"column":4},"end":{"line":17,"column":17}},"loc":{"start":{"line":17,"column":44},"end":{"line":19,"column":5}}},"4":{"name":"(anonymous_4)","decl":{"start":{"line":20,"column":4},"end":{"line":20,"column":21}},"loc":{"start":{"line":20,"column":56},"end":{"line":22,"column":5}}}},"branchMap":{},"s":{"0":2,"1":2,"2":2,"3":2,"4":1,"5":1,"6":2},"f":{"0":2,"1":2,"2":2,"3":1,"4":1},"b":{}}
,"C:\\Users\\shiiz\\Downloads\\MVP Code Alchemists\\MVP\\microservices\\warehouse\\orders\\src\\domain\\orders.repository.ts": {"path":"C:\\Users\\shiiz\\Downloads\\MVP Code Alchemists\\MVP\\microservices\\warehouse\\orders\\src\\domain\\orders.repository.ts","statementMap":{"0":{"start":{"line":24,"column":13},"end":{"line":24,"column":59}}},"fnMap":{},"branchMap":{},"s":{"0":0},"f":{},"b":{}}
,"C:\\Users\\shiiz\\Downloads\\MVP Code Alchemists\\MVP\\microservices\\warehouse\\orders\\src\\domain\\sellOrder.entity.ts": {"path":"C:\\Users\\shiiz\\Downloads\\MVP Code Alchemists\\MVP\\microservices\\warehouse\\orders\\src\\domain\\sellOrder.entity.ts","statementMap":{"0":{"start":{"line":1,"column":0},"end":{"line":1,"column":39}},"1":{"start":{"line":15,"column":8},"end":{"line":15,"column":76}},"2":{"start":{"line":13,"column":16},"end":{"line":13,"column":43}},"3":{"start":{"line":19,"column":8},"end":{"line":19,"column":39}},"4":{"start":{"line":23,"column":8},"end":{"line":23,"column":56}},"5":{"start":{"line":6,"column":0},"end":{"line":6,"column":13}}},"fnMap":{"0":{"name":"(anonymous_0)","decl":{"start":{"line":7,"column":4},"end":{"line":7,"column":null}},"loc":{"start":{"line":13,"column":43},"end":{"line":16,"column":5}}},"1":{"name":"(anonymous_1)","decl":{"start":{"line":18,"column":4},"end":{"line":18,"column":25}},"loc":{"start":{"line":18,"column":25},"end":{"line":20,"column":5}}},"2":{"name":"(anonymous_2)","decl":{"start":{"line":22,"column":4},"end":{"line":22,"column":25}},"loc":{"start":{"line":22,"column":55},"end":{"line":24,"column":5}}}},"branchMap":{},"s":{"0":3,"1":10,"2":10,"3":2,"4":1,"5":3},"f":{"0":10,"1":2,"2":1},"b":{}}
,"C:\\Users\\shiiz\\Downloads\\MVP Code Alchemists\\MVP\\microservices\\warehouse\\orders\\src\\infrastructure\\adapters\\outboundEvent.adapter.ts": {"path":"C:\\Users\\shiiz\\Downloads\\MVP Code Alchemists\\MVP\\microservices\\warehouse\\orders\\src\\infrastructure\\adapters\\outboundEvent.adapter.ts","statementMap":{"0":{"start":{"line":1,"column":0},"end":{"line":1,"column":44}},"1":{"start":{"line":11,"column":0},"end":{"line":11,"column":65}},"2":{"start":{"line":12,"column":0},"end":{"line":12,"column":70}},"3":{"start":{"line":22,"column":7},"end":{"line":157,"column":null}},"4":{"start":{"line":25,"column":31},"end":{"line":25,"column":44}},"5":{"start":{"line":26,"column":23},"end":{"line":26,"column":35}},"6":{"start":{"line":31,"column":6},"end":{"line":36,"column":8}},"7":{"start":{"line":42,"column":6},"end":{"line":47,"column":8}},"8":{"start":{"line":53,"column":6},"end":{"line":58,"column":8}},"9":{"start":{"line":65,"column":23},"end":{"line":68,"column":9}},"10":{"start":{"line":65,"column":42},"end":{"line":68,"column":8}},"11":{"start":{"line":70,"column":6},"end":{"line":76,"column":8}},"12":{"start":{"line":84,"column":3},"end":{"line":93,"column":5}},"13":{"start":{"line":85,"column":25},"end":{"line":85,"column":40}},"14":{"start":{"line":87,"column":30},"end":{"line":87,"column":93}},"15":{"start":{"line":88,"column":6},"end":{"line":88,"column":59}},"16":{"start":{"line":91,"column":8},"end":{"line":91,"column":61}},"17":{"start":{"line":92,"column":8},"end":{"line":92,"column":20}},"18":{"start":{"line":97,"column":3},"end":{"line":106,"column":5}},"19":{"start":{"line":98,"column":25},"end":{"line":98,"column":40}},"20":{"start":{"line":100,"column":30},"end":{"line":100,"column":73}},"21":{"start":{"line":101,"column":6},"end":{"line":101,"column":59}},"22":{"start":{"line":104,"column":8},"end":{"line":104,"column":58}},"23":{"start":{"line":105,"column":8},"end":{"line":105,"column":20}},"24":{"start":{"line":111,"column":3},"end":{"line":120,"column":5}},"25":{"start":{"line":112,"column":25},"end":{"line":112,"column":40}},"26":{"start":{"line":114,"column":30},"end":{"line":114,"column":75}},"27":{"start":{"line":115,"column":6},"end":{"line":115,"column":59}},"28":{"start":{"line":118,"column":8},"end":{"line":118,"column":58}},"29":{"start":{"line":119,"column":8},"end":{"line":119,"column":20}},"30":{"start":{"line":126,"column":30},"end":{"line":126,"column":85}},"31":{"start":{"line":128,"column":4},"end":{"line":128,"column":94}},"32":{"start":{"line":130,"column":4},"end":{"line":137,"column":7}},"33":{"start":{"line":131,"column":6},"end":{"line":131,"column":52}},"34":{"start":{"line":132,"column":6},"end":{"line":132,"column":66}},"35":{"start":{"line":134,"column":11},"end":{"line":137,"column":7}},"36":{"start":{"line":135,"column":8},"end":{"line":135,"column":77}},"37":{"start":{"line":136,"column":8},"end":{"line":136,"column":69}},"38":{"start":{"line":143,"column":26},"end":{"line":143,"column":73}},"39":{"start":{"line":146,"column":4},"end":{"line":153,"column":7}},"40":{"start":{"line":147,"column":6},"end":{"line":147,"column":48}},"41":{"start":{"line":148,"column":6},"end":{"line":148,"column":62}},"42":{"start":{"line":150,"column":11},"end":{"line":153,"column":7}},"43":{"start":{"line":151,"column":8},"end":{"line":151,"column":73}},"44":{"start":{"line":152,"column":8},"end":{"line":152,"column":64}},"45":{"start":{"line":22,"column":13},"end":{"line":22,"column":33}},"46":{"start":{"line":22,"column":13},"end":{"line":157,"column":null}}},"fnMap":{"0":{"name":"(anonymous_2)","decl":{"start":{"line":25,"column":2},"end":{"line":25,"column":31}},"loc":{"start":{"line":26,"column":45},"end":{"line":26,"column":49}}},"1":{"name":"(anonymous_3)","decl":{"start":{"line":30,"column":2},"end":{"line":30,"column":7}},"loc":{"start":{"line":30,"column":64},"end":{"line":37,"column":3}}},"2":{"name":"(anonymous_4)","decl":{"start":{"line":41,"column":2},"end":{"line":41,"column":7}},"loc":{"start":{"line":41,"column":60},"end":{"line":48,"column":3}}},"3":{"name":"(anonymous_5)","decl":{"start":{"line":52,"column":2},"end":{"line":52,"column":7}},"loc":{"start":{"line":52,"column":81},"end":{"line":59,"column":3}}},"4":{"name":"(anonymous_6)","decl":{"start":{"line":63,"column":2},"end":{"line":63,"column":7}},"loc":{"start":{"line":63,"column":61},"end":{"line":77,"column":3}}},"5":{"name":"(anonymous_7)","decl":{"start":{"line":65,"column":33},"end":{"line":65,"column":37}},"loc":{"start":{"line":65,"column":42},"end":{"line":68,"column":8}}},"6":{"name":"(anonymous_8)","decl":{"start":{"line":83,"column":2},"end":{"line":83,"column":7}},"loc":{"start":{"line":83,"column":67},"end":{"line":94,"column":3}}},"7":{"name":"(anonymous_9)","decl":{"start":{"line":96,"column":2},"end":{"line":96,"column":7}},"loc":{"start":{"line":96,"column":39},"end":{"line":107,"column":3}}},"8":{"name":"(anonymous_10)","decl":{"start":{"line":110,"column":2},"end":{"line":110,"column":7}},"loc":{"start":{"line":110,"column":39},"end":{"line":121,"column":3}}},"9":{"name":"(anonymous_11)","decl":{"start":{"line":124,"column":2},"end":{"line":124,"column":7}},"loc":{"start":{"line":124,"column":132},"end":{"line":138,"column":3}}},"10":{"name":"(anonymous_12)","decl":{"start":{"line":141,"column":2},"end":{"line":141,"column":7}},"loc":{"start":{"line":141,"column":120},"end":{"line":155,"column":3}}}},"branchMap":{"0":{"loc":{"start":{"line":130,"column":4},"end":{"line":137,"column":7}},"type":"if","locations":[{"start":{"line":130,"column":4},"end":{"line":137,"column":7}},{"start":{"line":134,"column":11},"end":{"line":137,"column":7}}]},"1":{"loc":{"start":{"line":134,"column":11},"end":{"line":137,"column":7}},"type":"if","locations":[{"start":{"line":134,"column":11},"end":{"line":137,"column":7}}]},"2":{"loc":{"start":{"line":134,"column":15},"end":{"line":134,"column":73}},"type":"binary-expr","locations":[{"start":{"line":134,"column":15},"end":{"line":134,"column":50}},{"start":{"line":134,"column":54},"end":{"line":134,"column":73}}]},"3":{"loc":{"start":{"line":146,"column":4},"end":{"line":153,"column":7}},"type":"if","locations":[{"start":{"line":146,"column":4},"end":{"line":153,"column":7}},{"start":{"line":150,"column":11},"end":{"line":153,"column":7}}]},"4":{"loc":{"start":{"line":150,"column":11},"end":{"line":153,"column":7}},"type":"if","locations":[{"start":{"line":150,"column":11},"end":{"line":153,"column":7}}]},"5":{"loc":{"start":{"line":150,"column":15},"end":{"line":150,"column":73}},"type":"binary-expr","locations":[{"start":{"line":150,"column":15},"end":{"line":150,"column":50}},{"start":{"line":150,"column":54},"end":{"line":150,"column":73}}]}},"s":{"0":1,"1":1,"2":1,"3":1,"4":0,"5":0,"6":0,"7":0,"8":0,"9":0,"10":0,"11":0,"12":0,"13":0,"14":0,"15":0,"16":0,"17":0,"18":0,"19":0,"20":0,"21":0,"22":0,"23":0,"24":0,"25":0,"26":0,"27":0,"28":0,"29":0,"30":0,"31":0,"32":0,"33":0,"34":0,"35":0,"36":0,"37":0,"38":0,"39":0,"40":0,"41":0,"42":0,"43":0,"44":0,"45":1,"46":1},"f":{"0":0,"1":0,"2":0,"3":0,"4":0,"5":0,"6":0,"7":0,"8":0,"9":0,"10":0},"b":{"0":[0,0],"1":[0],"2":[0,0],"3":[0,0],"4":[0],"5":[0,0]}}
,"C:\\Users\\shiiz\\Downloads\\MVP Code Alchemists\\MVP\\microservices\\warehouse\\orders\\src\\infrastructure\\adapters\\mongodb\\orders.repository.impl.ts": {"path":"C:\\Users\\shiiz\\Downloads\\MVP Code Alchemists\\MVP\\microservices\\warehouse\\orders\\src\\infrastructure\\adapters\\mongodb\\orders.repository.impl.ts","statementMap":{"0":{"start":{"line":1,"column":0},"end":{"line":1,"column":71}},"1":{"start":{"line":2,"column":0},"end":{"line":2,"column":47}},"2":{"start":{"line":4,"column":0},"end":{"line":4,"column":68}},"3":{"start":{"line":10,"column":0},"end":{"line":10,"column":50}},"4":{"start":{"line":11,"column":0},"end":{"line":11,"column":56}},"5":{"start":{"line":12,"column":0},"end":{"line":12,"column":68}},"6":{"start":{"line":13,"column":0},"end":{"line":13,"column":56}},"7":{"start":{"line":15,"column":0},"end":{"line":15,"column":52}},"8":{"start":{"line":16,"column":0},"end":{"line":16,"column":50}},"9":{"start":{"line":17,"column":0},"end":{"line":17,"column":64}},"10":{"start":{"line":18,"column":0},"end":{"line":18,"column":56}},"11":{"start":{"line":19,"column":0},"end":{"line":19,"column":36}},"12":{"start":{"line":22,"column":7},"end":{"line":524,"column":null}},"13":{"start":{"line":24,"column":51},"end":{"line":24,"column":89}},"14":{"start":{"line":25,"column":47},"end":{"line":25,"column":77}},"15":{"start":{"line":26,"column":53},"end":{"line":26,"column":95}},"16":{"start":{"line":28,"column":21},"end":{"line":28,"column":29}},"17":{"start":{"line":33,"column":8},"end":{"line":85,"column":9}},"18":{"start":{"line":35,"column":32},"end":{"line":36,"column":66}},"19":{"start":{"line":37,"column":12},"end":{"line":55,"column":13}},"20":{"start":{"line":39,"column":16},"end":{"line":54,"column":18}},"21":{"start":{"line":42,"column":28},"end":{"line":47,"column":null}},"22":{"start":{"line":58,"column":28},"end":{"line":59,"column":66}},"23":{"start":{"line":60,"column":12},"end":{"line":60,"column":53}},"24":{"start":{"line":61,"column":12},"end":{"line":79,"column":13}},"25":{"start":{"line":63,"column":16},"end":{"line":78,"column":18}},"26":{"start":{"line":66,"column":24},"end":{"line":71,"column":null}},"27":{"start":{"line":81,"column":12},"end":{"line":81,"column":71}},"28":{"start":{"line":83,"column":12},"end":{"line":83,"column":82}},"29":{"start":{"line":84,"column":12},"end":{"line":84,"column":24}},"30":{"start":{"line":89,"column":8},"end":{"line":104,"column":9}},"31":{"start":{"line":90,"column":32},"end":{"line":90,"column":132}},"32":{"start":{"line":91,"column":12},"end":{"line":93,"column":13}},"33":{"start":{"line":92,"column":12},"end":{"line":92,"column":56}},"34":{"start":{"line":95,"column":28},"end":{"line":95,"column":124}},"35":{"start":{"line":96,"column":12},"end":{"line":98,"column":13}},"36":{"start":{"line":97,"column":12},"end":{"line":97,"column":52}},"37":{"start":{"line":100,"column":12},"end":{"line":100,"column":76}},"38":{"start":{"line":102,"column":12},"end":{"line":102,"column":87}},"39":{"start":{"line":103,"column":12},"end":{"line":103,"column":24}},"40":{"start":{"line":108,"column":8},"end":{"line":166,"column":9}},"41":{"start":{"line":109,"column":33},"end":{"line":109,"column":92}},"42":{"start":{"line":110,"column":29},"end":{"line":110,"column":84}},"43":{"start":{"line":113,"column":35},"end":{"line":135,"column":14}},"44":{"start":{"line":114,"column":16},"end":{"line":134,"column":17}},"45":{"start":{"line":115,"column":20},"end":{"line":131,"column":22}},"46":{"start":{"line":118,"column":28},"end":{"line":124,"column":null}},"47":{"start":{"line":133,"column":20},"end":{"line":133,"column":78}},"48":{"start":{"line":138,"column":31},"end":{"line":160,"column":14}},"49":{"start":{"line":139,"column":16},"end":{"line":159,"column":17}},"50":{"start":{"line":140,"column":20},"end":{"line":156,"column":22}},"51":{"start":{"line":143,"column":28},"end":{"line":149,"column":null}},"52":{"start":{"line":158,"column":20},"end":{"line":158,"column":74}},"53":{"start":{"line":162,"column":12},"end":{"line":162,"column":58}},"54":{"start":{"line":165,"column":12},"end":{"line":165,"column":87}},"55":{"start":{"line":170,"column":8},"end":{"line":207,"column":9}},"56":{"start":{"line":171,"column":29},"end":{"line":177,"column":null}},"57":{"start":{"line":181,"column":30},"end":{"line":197,"column":14}},"58":{"start":{"line":185,"column":62},"end":{"line":192,"column":18}},"59":{"start":{"line":199,"column":33},"end":{"line":199,"column":67}},"60":{"start":{"line":200,"column":12},"end":{"line":200,"column":38}},"61":{"start":{"line":202,"column":12},"end":{"line":202,"column":93}},"62":{"start":{"line":205,"column":12},"end":{"line":205,"column":77}},"63":{"start":{"line":206,"column":12},"end":{"line":206,"column":24}},"64":{"start":{"line":211,"column":8},"end":{"line":249,"column":9}},"65":{"start":{"line":213,"column":29},"end":{"line":219,"column":null}},"66":{"start":{"line":223,"column":30},"end":{"line":239,"column":14}},"67":{"start":{"line":227,"column":62},"end":{"line":234,"column":18}},"68":{"start":{"line":241,"column":33},"end":{"line":241,"column":71}},"69":{"start":{"line":242,"column":12},"end":{"line":242,"column":38}},"70":{"start":{"line":244,"column":12},"end":{"line":244,"column":97}},"71":{"start":{"line":247,"column":12},"end":{"line":247,"column":82}},"72":{"start":{"line":248,"column":12},"end":{"line":248,"column":24}},"73":{"start":{"line":254,"column":29},"end":{"line":254,"column":52}},"74":{"start":{"line":256,"column":8},"end":{"line":258,"column":9}},"75":{"start":{"line":257,"column":12},"end":{"line":257,"column":25}},"76":{"start":{"line":260,"column":29},"end":{"line":260,"column":81}},"77":{"start":{"line":263,"column":8},"end":{"line":263,"column":68}},"78":{"start":{"line":269,"column":8},"end":{"line":325,"column":9}},"79":{"start":{"line":271,"column":32},"end":{"line":275,"column":34}},"80":{"start":{"line":277,"column":12},"end":{"line":294,"column":13}},"81":{"start":{"line":278,"column":12},"end":{"line":293,"column":18}},"82":{"start":{"line":281,"column":24},"end":{"line":286,"column":null}},"83":{"start":{"line":296,"column":28},"end":{"line":300,"column":34}},"84":{"start":{"line":302,"column":12},"end":{"line":319,"column":13}},"85":{"start":{"line":303,"column":16},"end":{"line":318,"column":18}},"86":{"start":{"line":306,"column":24},"end":{"line":311,"column":null}},"87":{"start":{"line":321,"column":12},"end":{"line":321,"column":104}},"88":{"start":{"line":323,"column":12},"end":{"line":323,"column":92}},"89":{"start":{"line":324,"column":12},"end":{"line":324,"column":24}},"90":{"start":{"line":330,"column":8},"end":{"line":351,"column":9}},"91":{"start":{"line":331,"column":29},"end":{"line":331,"column":37}},"92":{"start":{"line":332,"column":32},"end":{"line":332,"column":57}},"93":{"start":{"line":335,"column":12},"end":{"line":350,"column":13}},"94":{"start":{"line":336,"column":39},"end":{"line":336,"column":63}},"95":{"start":{"line":338,"column":16},"end":{"line":347,"column":17}},"96":{"start":{"line":339,"column":42},"end":{"line":339,"column":76}},"97":{"start":{"line":341,"column":20},"end":{"line":341,"column":68}},"98":{"start":{"line":345,"column":20},"end":{"line":345,"column":71}},"99":{"start":{"line":346,"column":20},"end":{"line":346,"column":42}},"100":{"start":{"line":349,"column":16},"end":{"line":349,"column":93}},"101":{"start":{"line":356,"column":8},"end":{"line":427,"column":9}},"102":{"start":{"line":358,"column":32},"end":{"line":360,"column":35}},"103":{"start":{"line":365,"column":12},"end":{"line":391,"column":13}},"104":{"start":{"line":366,"column":16},"end":{"line":366,"column":48}},"105":{"start":{"line":367,"column":16},"end":{"line":377,"column":18}},"106":{"start":{"line":368,"column":45},"end":{"line":375,"column":22}},"107":{"start":{"line":376,"column":20},"end":{"line":376,"column":79}},"108":{"start":{"line":379,"column":16},"end":{"line":379,"column":44}},"109":{"start":{"line":380,"column":16},"end":{"line":390,"column":18}},"110":{"start":{"line":381,"column":41},"end":{"line":388,"column":22}},"111":{"start":{"line":389,"column":20},"end":{"line":389,"column":71}},"112":{"start":{"line":394,"column":37},"end":{"line":406,"column":15}},"113":{"start":{"line":394,"column":56},"end":{"line":406,"column":14}},"114":{"start":{"line":408,"column":12},"end":{"line":410,"column":13}},"115":{"start":{"line":409,"column":16},"end":{"line":409,"column":56}},"116":{"start":{"line":413,"column":31},"end":{"line":415,"column":28}},"117":{"start":{"line":417,"column":12},"end":{"line":419,"column":13}},"118":{"start":{"line":418,"column":16},"end":{"line":418,"column":96}},"119":{"start":{"line":422,"column":12},"end":{"line":422,"column":51}},"120":{"start":{"line":425,"column":12},"end":{"line":425,"column":93}},"121":{"start":{"line":426,"column":12},"end":{"line":426,"column":81}},"122":{"start":{"line":432,"column":8},"end":{"line":475,"column":9}},"123":{"start":{"line":433,"column":29},"end":{"line":433,"column":51}},"124":{"start":{"line":434,"column":28},"end":{"line":434,"column":49}},"125":{"start":{"line":437,"column":28},"end":{"line":439,"column":34}},"126":{"start":{"line":441,"column":12},"end":{"line":443,"column":13}},"127":{"start":{"line":442,"column":16},"end":{"line":442,"column":69}},"128":{"start":{"line":446,"column":31},"end":{"line":461,"column":null}},"129":{"start":{"line":449,"column":20},"end":{"line":455,"column":null}},"130":{"start":{"line":464,"column":26},"end":{"line":464,"column":53}},"131":{"start":{"line":465,"column":12},"end":{"line":470,"column":15}},"132":{"start":{"line":466,"column":31},"end":{"line":466,"column":63}},"133":{"start":{"line":467,"column":36},"end":{"line":467,"column":68}},"134":{"start":{"line":468,"column":16},"end":{"line":468,"column":85}},"135":{"start":{"line":473,"column":12},"end":{"line":473,"column":91}},"136":{"start":{"line":474,"column":12},"end":{"line":474,"column":24}},"137":{"start":{"line":480,"column":8},"end":{"line":522,"column":9}},"138":{"start":{"line":481,"column":29},"end":{"line":481,"column":55}},"139":{"start":{"line":482,"column":28},"end":{"line":482,"column":49}},"140":{"start":{"line":485,"column":32},"end":{"line":487,"column":34}},"141":{"start":{"line":489,"column":12},"end":{"line":491,"column":13}},"142":{"start":{"line":490,"column":16},"end":{"line":490,"column":73}},"143":{"start":{"line":494,"column":31},"end":{"line":509,"column":null}},"144":{"start":{"line":497,"column":20},"end":{"line":503,"column":null}},"145":{"start":{"line":512,"column":26},"end":{"line":512,"column":53}},"146":{"start":{"line":513,"column":12},"end":{"line":517,"column":15}},"147":{"start":{"line":514,"column":31},"end":{"line":514,"column":63}},"148":{"start":{"line":515,"column":36},"end":{"line":515,"column":68}},"149":{"start":{"line":516,"column":16},"end":{"line":516,"column":89}},"150":{"start":{"line":520,"column":12},"end":{"line":520,"column":95}},"151":{"start":{"line":521,"column":12},"end":{"line":521,"column":24}},"152":{"start":{"line":22,"column":13},"end":{"line":22,"column":34}},"153":{"start":{"line":22,"column":13},"end":{"line":524,"column":null}}},"fnMap":{"0":{"name":"(anonymous_4)","decl":{"start":{"line":23,"column":2},"end":{"line":23,"column":null}},"loc":{"start":{"line":28,"column":39},"end":{"line":29,"column":6}}},"1":{"name":"(anonymous_5)","decl":{"start":{"line":32,"column":4},"end":{"line":32,"column":9}},"loc":{"start":{"line":32,"column":29},"end":{"line":86,"column":5}}},"2":{"name":"(anonymous_6)","decl":{"start":{"line":41,"column":46},"end":{"line":41,"column":50}},"loc":{"start":{"line":42,"column":28},"end":{"line":47,"column":null}}},"3":{"name":"(anonymous_7)","decl":{"start":{"line":65,"column":38},"end":{"line":65,"column":42}},"loc":{"start":{"line":66,"column":24},"end":{"line":71,"column":null}}},"4":{"name":"(anonymous_8)","decl":{"start":{"line":88,"column":4},"end":{"line":88,"column":9}},"loc":{"start":{"line":88,"column":30},"end":{"line":105,"column":5}}},"5":{"name":"(anonymous_9)","decl":{"start":{"line":107,"column":4},"end":{"line":107,"column":9}},"loc":{"start":{"line":107,"column":22},"end":{"line":167,"column":5}}},"6":{"name":"(anonymous_10)","decl":{"start":{"line":113,"column":52},"end":{"line":113,"column":55}},"loc":{"start":{"line":113,"column":58},"end":{"line":135,"column":13}}},"7":{"name":"(anonymous_11)","decl":{"start":{"line":117,"column":46},"end":{"line":117,"column":50}},"loc":{"start":{"line":118,"column":28},"end":{"line":124,"column":null}}},"8":{"name":"(anonymous_12)","decl":{"start":{"line":138,"column":44},"end":{"line":138,"column":47}},"loc":{"start":{"line":138,"column":50},"end":{"line":160,"column":13}}},"9":{"name":"(anonymous_13)","decl":{"start":{"line":142,"column":46},"end":{"line":142,"column":50}},"loc":{"start":{"line":143,"column":28},"end":{"line":149,"column":null}}},"10":{"name":"(anonymous_14)","decl":{"start":{"line":169,"column":4},"end":{"line":169,"column":9}},"loc":{"start":{"line":169,"column":39},"end":{"line":208,"column":5}}},"11":{"name":"(anonymous_15)","decl":{"start":{"line":185,"column":53},"end":{"line":185,"column":57}},"loc":{"start":{"line":185,"column":62},"end":{"line":192,"column":18}}},"12":{"name":"(anonymous_16)","decl":{"start":{"line":210,"column":4},"end":{"line":210,"column":9}},"loc":{"start":{"line":210,"column":47},"end":{"line":250,"column":5}}},"13":{"name":"(anonymous_17)","decl":{"start":{"line":227,"column":53},"end":{"line":227,"column":57}},"loc":{"start":{"line":227,"column":62},"end":{"line":234,"column":18}}},"14":{"name":"(anonymous_18)","decl":{"start":{"line":252,"column":4},"end":{"line":252,"column":9}},"loc":{"start":{"line":252,"column":32},"end":{"line":265,"column":5}}},"15":{"name":"(anonymous_19)","decl":{"start":{"line":268,"column":4},"end":{"line":268,"column":9}},"loc":{"start":{"line":268,"column":57},"end":{"line":326,"column":5}}},"16":{"name":"(anonymous_20)","decl":{"start":{"line":280,"column":42},"end":{"line":280,"column":46}},"loc":{"start":{"line":281,"column":24},"end":{"line":286,"column":null}}},"17":{"name":"(anonymous_21)","decl":{"start":{"line":305,"column":38},"end":{"line":305,"column":42}},"loc":{"start":{"line":306,"column":24},"end":{"line":311,"column":null}}},"18":{"name":"(anonymous_22)","decl":{"start":{"line":329,"column":4},"end":{"line":329,"column":9}},"loc":{"start":{"line":329,"column":42},"end":{"line":352,"column":5}}},"19":{"name":"(anonymous_23)","decl":{"start":{"line":355,"column":4},"end":{"line":355,"column":9}},"loc":{"start":{"line":355,"column":61},"end":{"line":428,"column":5}}},"20":{"name":"(anonymous_24)","decl":{"start":{"line":367,"column":25},"end":{"line":367,"column":30}},"loc":{"start":{"line":367,"column":39},"end":{"line":377,"column":17}}},"21":{"name":"(anonymous_25)","decl":{"start":{"line":380,"column":25},"end":{"line":380,"column":30}},"loc":{"start":{"line":380,"column":39},"end":{"line":390,"column":17}}},"22":{"name":"(anonymous_26)","decl":{"start":{"line":394,"column":47},"end":{"line":394,"column":51}},"loc":{"start":{"line":394,"column":56},"end":{"line":406,"column":14}}},"23":{"name":"(anonymous_27)","decl":{"start":{"line":431,"column":4},"end":{"line":431,"column":9}},"loc":{"start":{"line":431,"column":64},"end":{"line":476,"column":5}}},"24":{"name":"(anonymous_28)","decl":{"start":{"line":448,"column":34},"end":{"line":448,"column":38}},"loc":{"start":{"line":449,"column":20},"end":{"line":455,"column":null}}},"25":{"name":"(anonymous_29)","decl":{"start":{"line":465,"column":26},"end":{"line":465,"column":27}},"loc":{"start":{"line":465,"column":58},"end":{"line":470,"column":13}}},"26":{"name":"(anonymous_30)","decl":{"start":{"line":479,"column":4},"end":{"line":479,"column":9}},"loc":{"start":{"line":479,"column":76},"end":{"line":523,"column":5}}},"27":{"name":"(anonymous_31)","decl":{"start":{"line":496,"column":38},"end":{"line":496,"column":42}},"loc":{"start":{"line":497,"column":20},"end":{"line":503,"column":null}}},"28":{"name":"(anonymous_32)","decl":{"start":{"line":513,"column":26},"end":{"line":513,"column":27}},"loc":{"start":{"line":513,"column":58},"end":{"line":517,"column":13}}}},"branchMap":{"0":{"loc":{"start":{"line":37,"column":12},"end":{"line":55,"column":13}},"type":"if","locations":[{"start":{"line":37,"column":12},"end":{"line":55,"column":13}}]},"1":{"loc":{"start":{"line":61,"column":12},"end":{"line":79,"column":13}},"type":"if","locations":[{"start":{"line":61,"column":12},"end":{"line":79,"column":13}}]},"2":{"loc":{"start":{"line":91,"column":12},"end":{"line":93,"column":13}},"type":"if","locations":[{"start":{"line":91,"column":12},"end":{"line":93,"column":13}}]},"3":{"loc":{"start":{"line":96,"column":12},"end":{"line":98,"column":13}},"type":"if","locations":[{"start":{"line":96,"column":12},"end":{"line":98,"column":13}}]},"4":{"loc":{"start":{"line":117,"column":25},"end":{"line":117,"column":40}},"type":"binary-expr","locations":[{"start":{"line":117,"column":25},"end":{"line":117,"column":34}},{"start":{"line":117,"column":38},"end":{"line":117,"column":40}}]},"5":{"loc":{"start":{"line":142,"column":25},"end":{"line":142,"column":40}},"type":"binary-expr","locations":[{"start":{"line":142,"column":25},"end":{"line":142,"column":34}},{"start":{"line":142,"column":38},"end":{"line":142,"column":40}}]},"6":{"loc":{"start":{"line":256,"column":8},"end":{"line":258,"column":9}},"type":"if","locations":[{"start":{"line":256,"column":8},"end":{"line":258,"column":9}}]},"7":{"loc":{"start":{"line":277,"column":12},"end":{"line":294,"column":13}},"type":"if","locations":[{"start":{"line":277,"column":12},"end":{"line":294,"column":13}}]},"8":{"loc":{"start":{"line":302,"column":12},"end":{"line":319,"column":13}},"type":"if","locations":[{"start":{"line":302,"column":12},"end":{"line":319,"column":13}}]},"9":{"loc":{"start":{"line":365,"column":12},"end":{"line":391,"column":13}},"type":"if","locations":[{"start":{"line":365,"column":12},"end":{"line":391,"column":13}},{"start":{"line":378,"column":19},"end":{"line":391,"column":13}}]},"10":{"loc":{"start":{"line":408,"column":12},"end":{"line":410,"column":13}},"type":"if","locations":[{"start":{"line":408,"column":12},"end":{"line":410,"column":13}}]},"11":{"loc":{"start":{"line":417,"column":12},"end":{"line":419,"column":13}},"type":"if","locations":[{"start":{"line":417,"column":12},"end":{"line":419,"column":13}}]},"12":{"loc":{"start":{"line":441,"column":12},"end":{"line":443,"column":13}},"type":"if","locations":[{"start":{"line":441,"column":12},"end":{"line":443,"column":13}}]},"13":{"loc":{"start":{"line":489,"column":12},"end":{"line":491,"column":13}},"type":"if","locations":[{"start":{"line":489,"column":12},"end":{"line":491,"column":13}}]}},"s":{"0":1,"1":1,"2":1,"3":1,"4":1,"5":1,"6":1,"7":1,"8":1,"9":1,"10":1,"11":1,"12":1,"13":0,"14":0,"15":0,"16":0,"17":0,"18":0,"19":0,"20":0,"21":0,"22":0,"23":0,"24":0,"25":0,"26":0,"27":0,"28":0,"29":0,"30":0,"31":0,"32":0,"33":0,"34":0,"35":0,"36":0,"37":0,"38":0,"39":0,"40":0,"41":0,"42":0,"43":0,"44":0,"45":0,"46":0,"47":0,"48":0,"49":0,"50":0,"51":0,"52":0,"53":0,"54":0,"55":0,"56":0,"57":0,"58":0,"59":0,"60":0,"61":0,"62":0,"63":0,"64":0,"65":0,"66":0,"67":0,"68":0,"69":0,"70":0,"71":0,"72":0,"73":0,"74":0,"75":0,"76":0,"77":0,"78":0,"79":0,"80":0,"81":0,"82":0,"83":0,"84":0,"85":0,"86":0,"87":0,"88":0,"89":0,"90":0,"91":0,"92":0,"93":0,"94":0,"95":0,"96":0,"97":0,"98":0,"99":0,"100":0,"101":0,"102":0,"103":0,"104":0,"105":0,"106":0,"107":0,"108":0,"109":0,"110":0,"111":0,"112":0,"113":0,"114":0,"115":0,"116":0,"117":0,"118":0,"119":0,"120":0,"121":0,"122":0,"123":0,"124":0,"125":0,"126":0,"127":0,"128":0,"129":0,"130":0,"131":0,"132":0,"133":0,"134":0,"135":0,"136":0,"137":0,"138":0,"139":0,"140":0,"141":0,"142":0,"143":0,"144":0,"145":0,"146":0,"147":0,"148":0,"149":0,"150":0,"151":0,"152":1,"153":1},"f":{"0":0,"1":0,"2":0,"3":0,"4":0,"5":0,"6":0,"7":0,"8":0,"9":0,"10":0,"11":0,"12":0,"13":0,"14":0,"15":0,"16":0,"17":0,"18":0,"19":0,"20":0,"21":0,"22":0,"23":0,"24":0,"25":0,"26":0,"27":0,"28":0},"b":{"0":[0],"1":[0],"2":[0],"3":[0],"4":[0,0],"5":[0,0],"6":[0],"7":[0],"8":[0],"9":[0,0],"10":[0],"11":[0],"12":[0],"13":[0]}}
,"C:\\Users\\shiiz\\Downloads\\MVP Code Alchemists\\MVP\\microservices\\warehouse\\orders\\src\\infrastructure\\adapters\\mongodb\\orders.repository.module.ts": {"path":"C:\\Users\\shiiz\\Downloads\\MVP Code Alchemists\\MVP\\microservices\\warehouse\\orders\\src\\infrastructure\\adapters\\mongodb\\orders.repository.module.ts","statementMap":{"0":{"start":{"line":1,"column":0},"end":{"line":1,"column":40}},"1":{"start":{"line":2,"column":0},"end":{"line":2,"column":50}},"2":{"start":{"line":4,"column":0},"end":{"line":4,"column":69}},"3":{"start":{"line":5,"column":0},"end":{"line":5,"column":61}},"4":{"start":{"line":6,"column":0},"end":{"line":6,"column":73}},"5":{"start":{"line":8,"column":0},"end":{"line":8,"column":65}},"6":{"start":{"line":9,"column":0},"end":{"line":9,"column":55}},"7":{"start":{"line":41,"column":7},"end":{"line":41,"column":null}},"8":{"start":{"line":41,"column":13},"end":{"line":41,"column":35}},"9":{"start":{"line":41,"column":13},"end":{"line":41,"column":null}}},"fnMap":{},"branchMap":{},"s":{"0":0,"1":0,"2":0,"3":0,"4":0,"5":0,"6":0,"7":0,"8":0,"9":0},"f":{},"b":{}}
,"C:\\Users\\shiiz\\Downloads\\MVP Code Alchemists\\MVP\\microservices\\warehouse\\orders\\src\\infrastructure\\adapters\\mongodb\\schemas\\internalOrder.schema.ts": {"path":"C:\\Users\\shiiz\\Downloads\\MVP Code Alchemists\\MVP\\microservices\\warehouse\\orders\\src\\infrastructure\\adapters\\mongodb\\schemas\\internalOrder.schema.ts","statementMap":{"0":{"start":{"line":1,"column":0},"end":{"line":1,"column":63}},"1":{"start":{"line":4,"column":0},"end":{"line":4,"column":59}},"2":{"start":{"line":6,"column":0},"end":{"line":6,"column":63}},"3":{"start":{"line":9,"column":7},"end":{"line":27,"column":null}},"4":{"start":{"line":9,"column":13},"end":{"line":9,"column":26}},"5":{"start":{"line":11,"column":2},"end":{"line":11,"column":null}},"6":{"start":{"line":14,"column":2},"end":{"line":14,"column":null}},"7":{"start":{"line":17,"column":2},"end":{"line":17,"column":null}},"8":{"start":{"line":20,"column":2},"end":{"line":20,"column":null}},"9":{"start":{"line":23,"column":2},"end":{"line":23,"column":null}},"10":{"start":{"line":26,"column":2},"end":{"line":26,"column":null}},"11":{"start":{"line":9,"column":13},"end":{"line":27,"column":null}},"12":{"start":{"line":30,"column":13},"end":{"line":30,"column":79}}},"fnMap":{},"branchMap":{},"s":{"0":0,"1":0,"2":0,"3":0,"4":0,"5":0,"6":0,"7":0,"8":0,"9":0,"10":0,"11":0,"12":0},"f":{},"b":{}}
,"C:\\Users\\shiiz\\Downloads\\MVP Code Alchemists\\MVP\\microservices\\warehouse\\orders\\src\\infrastructure\\adapters\\mongodb\\schemas\\orderItemDetail.schema.ts": {"path":"C:\\Users\\shiiz\\Downloads\\MVP Code Alchemists\\MVP\\microservices\\warehouse\\orders\\src\\infrastructure\\adapters\\mongodb\\schemas\\orderItemDetail.schema.ts","statementMap":{"0":{"start":{"line":1,"column":0},"end":{"line":1,"column":63}},"1":{"start":{"line":8,"column":7},"end":{"line":17,"column":null}},"2":{"start":{"line":8,"column":13},"end":{"line":8,"column":28}},"3":{"start":{"line":10,"column":2},"end":{"line":10,"column":null}},"4":{"start":{"line":13,"column":2},"end":{"line":13,"column":null}},"5":{"start":{"line":16,"column":2},"end":{"line":16,"column":null}},"6":{"start":{"line":8,"column":13},"end":{"line":17,"column":null}},"7":{"start":{"line":20,"column":13},"end":{"line":20,"column":83}}},"fnMap":{},"branchMap":{},"s":{"0":0,"1":0,"2":0,"3":0,"4":0,"5":0,"6":0,"7":0},"f":{},"b":{}}
,"C:\\Users\\shiiz\\Downloads\\MVP Code Alchemists\\MVP\\microservices\\warehouse\\orders\\src\\infrastructure\\adapters\\mongodb\\schemas\\sellOrder.schema.ts": {"path":"C:\\Users\\shiiz\\Downloads\\MVP Code Alchemists\\MVP\\microservices\\warehouse\\orders\\src\\infrastructure\\adapters\\mongodb\\schemas\\sellOrder.schema.ts","statementMap":{"0":{"start":{"line":1,"column":0},"end":{"line":1,"column":63}},"1":{"start":{"line":4,"column":0},"end":{"line":4,"column":59}},"2":{"start":{"line":6,"column":0},"end":{"line":6,"column":63}},"3":{"start":{"line":9,"column":7},"end":{"line":27,"column":null}},"4":{"start":{"line":9,"column":13},"end":{"line":9,"column":22}},"5":{"start":{"line":11,"column":2},"end":{"line":11,"column":null}},"6":{"start":{"line":14,"column":2},"end":{"line":14,"column":null}},"7":{"start":{"line":17,"column":2},"end":{"line":17,"column":null}},"8":{"start":{"line":20,"column":2},"end":{"line":20,"column":null}},"9":{"start":{"line":23,"column":2},"end":{"line":23,"column":null}},"10":{"start":{"line":26,"column":2},"end":{"line":26,"column":null}},"11":{"start":{"line":9,"column":13},"end":{"line":27,"column":null}},"12":{"start":{"line":30,"column":13},"end":{"line":30,"column":71}}},"fnMap":{},"branchMap":{},"s":{"0":0,"1":0,"2":0,"3":0,"4":0,"5":0,"6":0,"7":0,"8":0,"9":0,"10":0,"11":0,"12":0},"f":{},"b":{}}
,"C:\\Users\\shiiz\\Downloads\\MVP Code Alchemists\\MVP\\microservices\\warehouse\\orders\\src\\infrastructure\\mappers\\data.mapper.ts": {"path":"C:\\Users\\shiiz\\Downloads\\MVP Code Alchemists\\MVP\\microservices\\warehouse\\orders\\src\\infrastructure\\mappers\\data.mapper.ts","statementMap":{"0":{"start":{"line":1,"column":0},"end":{"line":1,"column":64}},"1":{"start":{"line":2,"column":0},"end":{"line":2,"column":56}},"2":{"start":{"line":3,"column":0},"end":{"line":3,"column":56}},"3":{"start":{"line":4,"column":0},"end":{"line":4,"column":68}},"4":{"start":{"line":5,"column":0},"end":{"line":5,"column":56}},"5":{"start":{"line":6,"column":0},"end":{"line":6,"column":52}},"6":{"start":{"line":8,"column":0},"end":{"line":8,"column":50}},"7":{"start":{"line":27,"column":2},"end":{"line":29,"column":3}},"8":{"start":{"line":28,"column":4},"end":{"line":28,"column":121}},"9":{"start":{"line":31,"column":2},"end":{"line":38,"column":4}},"10":{"start":{"line":33,"column":46},"end":{"line":33,"column":77}},"11":{"start":{"line":42,"column":2},"end":{"line":49,"column":4}},"12":{"start":{"line":44,"column":46},"end":{"line":44,"column":77}},"13":{"start":{"line":53,"column":4},"end":{"line":56,"column":10}},"14":{"start":{"line":60,"column":2},"end":{"line":60,"column":29}},"15":{"start":{"line":64,"column":16},"end":{"line":64,"column":30}},"16":{"start":{"line":66,"column":2},"end":{"line":68,"column":3}},"17":{"start":{"line":67,"column":4},"end":{"line":67,"column":112}},"18":{"start":{"line":69,"column":2},"end":{"line":69,"column":29}},"19":{"start":{"line":74,"column":2},"end":{"line":76,"column":3}},"20":{"start":{"line":75,"column":4},"end":{"line":75,"column":124}},"21":{"start":{"line":78,"column":2},"end":{"line":82,"column":4}},"22":{"start":{"line":89,"column":47},"end":{"line":98,"column":6}},"23":{"start":{"line":92,"column":45},"end":{"line":92,"column":73}},"24":{"start":{"line":100,"column":4},"end":{"line":100,"column":28}},"25":{"start":{"line":104,"column":39},"end":{"line":113,"column":6}},"26":{"start":{"line":107,"column":45},"end":{"line":107,"column":73}},"27":{"start":{"line":115,"column":4},"end":{"line":115,"column":24}},"28":{"start":{"line":119,"column":4},"end":{"line":122,"column":6}},"29":{"start":{"line":126,"column":4},"end":{"line":126,"column":34}},"30":{"start":{"line":130,"column":4},"end":{"line":130,"column":33}},"31":{"start":{"line":134,"column":4},"end":{"line":138,"column":6}},"32":{"start":{"line":142,"column":4},"end":{"line":145,"column":6}},"33":{"start":{"line":144,"column":48},"end":{"line":144,"column":70}},"34":{"start":{"line":192,"column":4},"end":{"line":229,"column":5}},"35":{"start":{"line":194,"column":27},"end":{"line":204,"column":null}},"36":{"start":{"line":196,"column":16},"end":{"line":203,"column":17}},"37":{"start":{"line":197,"column":35},"end":{"line":197,"column":67}},"38":{"start":{"line":198,"column":20},"end":{"line":198,"column":75}},"39":{"start":{"line":199,"column":20},"end":{"line":199,"column":34}},"40":{"start":{"line":201,"column":20},"end":{"line":201,"column":89}},"41":{"start":{"line":202,"column":20},"end":{"line":202,"column":32}},"42":{"start":{"line":207,"column":31},"end":{"line":217,"column":null}},"43":{"start":{"line":209,"column":16},"end":{"line":216,"column":17}},"44":{"start":{"line":210,"column":35},"end":{"line":210,"column":71}},"45":{"start":{"line":211,"column":20},"end":{"line":211,"column":79}},"46":{"start":{"line":212,"column":20},"end":{"line":212,"column":34}},"47":{"start":{"line":214,"column":20},"end":{"line":214,"column":93}},"48":{"start":{"line":215,"column":20},"end":{"line":215,"column":32}},"49":{"start":{"line":220,"column":8},"end":{"line":220,"column":59}},"50":{"start":{"line":221,"column":8},"end":{"line":224,"column":10}},"51":{"start":{"line":227,"column":8},"end":{"line":227,"column":55}},"52":{"start":{"line":228,"column":8},"end":{"line":228,"column":20}},"53":{"start":{"line":21,"column":0},"end":{"line":21,"column":13}}},"fnMap":{"0":{"name":"(anonymous_0)","decl":{"start":{"line":25,"column":0},"end":{"line":25,"column":5}},"loc":{"start":{"line":25,"column":54},"end":{"line":39,"column":1}}},"1":{"name":"(anonymous_1)","decl":{"start":{"line":33,"column":41},"end":{"line":33,"column":42}},"loc":{"start":{"line":33,"column":46},"end":{"line":33,"column":77}}},"2":{"name":"(anonymous_2)","decl":{"start":{"line":41,"column":0},"end":{"line":41,"column":5}},"loc":{"start":{"line":41,"column":46},"end":{"line":50,"column":1}}},"3":{"name":"(anonymous_3)","decl":{"start":{"line":44,"column":41},"end":{"line":44,"column":42}},"loc":{"start":{"line":44,"column":46},"end":{"line":44,"column":77}}},"4":{"name":"(anonymous_4)","decl":{"start":{"line":52,"column":0},"end":{"line":52,"column":5}},"loc":{"start":{"line":52,"column":41},"end":{"line":57,"column":1}}},"5":{"name":"(anonymous_5)","decl":{"start":{"line":59,"column":0},"end":{"line":59,"column":5}},"loc":{"start":{"line":59,"column":37},"end":{"line":61,"column":1}}},"6":{"name":"(anonymous_6)","decl":{"start":{"line":63,"column":0},"end":{"line":63,"column":5}},"loc":{"start":{"line":63,"column":43},"end":{"line":70,"column":1}}},"7":{"name":"(anonymous_7)","decl":{"start":{"line":72,"column":0},"end":{"line":72,"column":5}},"loc":{"start":{"line":72,"column":53},"end":{"line":83,"column":1}}},"8":{"name":"(anonymous_8)","decl":{"start":{"line":87,"column":0},"end":{"line":87,"column":5}},"loc":{"start":{"line":87,"column":46},"end":{"line":101,"column":1}}},"9":{"name":"(anonymous_9)","decl":{"start":{"line":92,"column":40},"end":{"line":92,"column":41}},"loc":{"start":{"line":92,"column":45},"end":{"line":92,"column":73}}},"10":{"name":"(anonymous_10)","decl":{"start":{"line":103,"column":0},"end":{"line":103,"column":5}},"loc":{"start":{"line":103,"column":38},"end":{"line":116,"column":1}}},"11":{"name":"(anonymous_11)","decl":{"start":{"line":107,"column":40},"end":{"line":107,"column":41}},"loc":{"start":{"line":107,"column":45},"end":{"line":107,"column":73}}},"12":{"name":"(anonymous_12)","decl":{"start":{"line":118,"column":0},"end":{"line":118,"column":5}},"loc":{"start":{"line":118,"column":38},"end":{"line":123,"column":1}}},"13":{"name":"(anonymous_13)","decl":{"start":{"line":125,"column":0},"end":{"line":125,"column":5}},"loc":{"start":{"line":125,"column":34},"end":{"line":127,"column":1}}},"14":{"name":"(anonymous_14)","decl":{"start":{"line":129,"column":0},"end":{"line":129,"column":5}},"loc":{"start":{"line":129,"column":39},"end":{"line":131,"column":1}}},"15":{"name":"(anonymous_15)","decl":{"start":{"line":133,"column":0},"end":{"line":133,"column":5}},"loc":{"start":{"line":133,"column":50},"end":{"line":139,"column":1}}},"16":{"name":"(anonymous_16)","decl":{"start":{"line":141,"column":0},"end":{"line":141,"column":5}},"loc":{"start":{"line":141,"column":61},"end":{"line":146,"column":1}}},"17":{"name":"(anonymous_17)","decl":{"start":{"line":144,"column":43},"end":{"line":144,"column":44}},"loc":{"start":{"line":144,"column":48},"end":{"line":144,"column":70}}},"18":{"name":"(anonymous_18)","decl":{"start":{"line":191,"column":0},"end":{"line":191,"column":5}},"loc":{"start":{"line":191,"column":32},"end":{"line":230,"column":1}}},"19":{"name":"(anonymous_19)","decl":{"start":{"line":195,"column":39},"end":{"line":195,"column":44}},"loc":{"start":{"line":195,"column":62},"end":{"line":204,"column":13}}},"20":{"name":"(anonymous_20)","decl":{"start":{"line":208,"column":43},"end":{"line":208,"column":48}},"loc":{"start":{"line":208,"column":66},"end":{"line":217,"column":13}}}},"branchMap":{"0":{"loc":{"start":{"line":27,"column":2},"end":{"line":29,"column":3}},"type":"if","locations":[{"start":{"line":27,"column":2},"end":{"line":29,"column":3}}]},"1":{"loc":{"start":{"line":66,"column":2},"end":{"line":68,"column":3}},"type":"if","locations":[{"start":{"line":66,"column":2},"end":{"line":68,"column":3}}]},"2":{"loc":{"start":{"line":74,"column":2},"end":{"line":76,"column":3}},"type":"if","locations":[{"start":{"line":74,"column":2},"end":{"line":76,"column":3}}]}},"s":{"0":1,"1":1,"2":1,"3":1,"4":1,"5":1,"6":1,"7":0,"8":0,"9":0,"10":0,"11":0,"12":0,"13":0,"14":0,"15":0,"16":0,"17":0,"18":0,"19":0,"20":0,"21":0,"22":0,"23":0,"24":0,"25":0,"26":0,"27":0,"28":0,"29":0,"30":0,"31":0,"32":0,"33":0,"34":0,"35":0,"36":0,"37":0,"38":0,"39":0,"40":0,"41":0,"42":0,"43":0,"44":0,"45":0,"46":0,"47":0,"48":0,"49":0,"50":0,"51":0,"52":0,"53":1},"f":{"0":0,"1":0,"2":0,"3":0,"4":0,"5":0,"6":0,"7":0,"8":0,"9":0,"10":0,"11":0,"12":0,"13":0,"14":0,"15":0,"16":0,"17":0,"18":0,"19":0,"20":0},"b":{"0":[0],"1":[0],"2":[0]}}
,"C:\\Users\\shiiz\\Downloads\\MVP Code Alchemists\\MVP\\microservices\\warehouse\\orders\\src\\interfaces\\orders.controller.ts": {"path":"C:\\Users\\shiiz\\Downloads\\MVP Code Alchemists\\MVP\\microservices\\warehouse\\orders\\src\\interfaces\\orders.controller.ts","statementMap":{"0":{"start":{"line":1,"column":0},"end":{"line":1,"column":52}},"1":{"start":{"line":2,"column":0},"end":{"line":2,"column":69}},"2":{"start":{"line":17,"column":0},"end":{"line":17,"column":63}},"3":{"start":{"line":18,"column":0},"end":{"line":18,"column":67}},"4":{"start":{"line":19,"column":0},"end":{"line":19,"column":63}},"5":{"start":{"line":23,"column":0},"end":{"line":23,"column":56}},"6":{"start":{"line":25,"column":0},"end":{"line":25,"column":52}},"7":{"start":{"line":26,"column":0},"end":{"line":26,"column":64}},"8":{"start":{"line":27,"column":0},"end":{"line":27,"column":56}},"9":{"start":{"line":29,"column":0},"end":{"line":29,"column":72}},"10":{"start":{"line":30,"column":0},"end":{"line":30,"column":60}},"11":{"start":{"line":39,"column":7},"end":{"line":328,"column":null}},"12":{"start":{"line":43,"column":21},"end":{"line":43,"column":36}},"13":{"start":{"line":44,"column":21},"end":{"line":44,"column":33}},"14":{"start":{"line":46,"column":21},"end":{"line":46,"column":55}},"15":{"start":{"line":53,"column":4},"end":{"line":72,"column":5}},"16":{"start":{"line":55,"column":22},"end":{"line":55,"column":80}},"17":{"start":{"line":58,"column":38},"end":{"line":58,"column":40}},"18":{"start":{"line":59,"column":6},"end":{"line":62,"column":7}},"19":{"start":{"line":60,"column":26},"end":{"line":60,"column":74}},"20":{"start":{"line":61,"column":8},"end":{"line":61,"column":35}},"21":{"start":{"line":65,"column":6},"end":{"line":65,"column":72}},"22":{"start":{"line":67,"column":6},"end":{"line":67,"column":91}},"23":{"start":{"line":70,"column":6},"end":{"line":70,"column":55}},"24":{"start":{"line":71,"column":6},"end":{"line":71,"column":18}},"25":{"start":{"line":77,"column":4},"end":{"line":93,"column":5}},"26":{"start":{"line":78,"column":39},"end":{"line":85,"column":6}},"27":{"start":{"line":87,"column":28},"end":{"line":87,"column":81}},"28":{"start":{"line":88,"column":4},"end":{"line":88,"column":62}},"29":{"start":{"line":91,"column":6},"end":{"line":91,"column":70}},"30":{"start":{"line":92,"column":6},"end":{"line":92,"column":18}},"31":{"start":{"line":98,"column":5},"end":{"line":114,"column":5}},"32":{"start":{"line":99,"column":51},"end":{"line":106,"column":10}},"33":{"start":{"line":108,"column":36},"end":{"line":108,"column":97}},"34":{"start":{"line":109,"column":8},"end":{"line":109,"column":74}},"35":{"start":{"line":112,"column":8},"end":{"line":112,"column":76}},"36":{"start":{"line":113,"column":8},"end":{"line":113,"column":20}},"37":{"start":{"line":140,"column":19},"end":{"line":140,"column":50}},"38":{"start":{"line":141,"column":23},"end":{"line":141,"column":48}},"39":{"start":{"line":144,"column":26},"end":{"line":144,"column":36}},"40":{"start":{"line":145,"column":35},"end":{"line":145,"column":50}},"41":{"start":{"line":146,"column":26},"end":{"line":146,"column":75}},"42":{"start":{"line":148,"column":4},"end":{"line":148,"column":81}},"43":{"start":{"line":155,"column":20},"end":{"line":155,"column":46}},"44":{"start":{"line":156,"column":4},"end":{"line":156,"column":51}},"45":{"start":{"line":163,"column":20},"end":{"line":163,"column":46}},"46":{"start":{"line":164,"column":4},"end":{"line":164,"column":52}},"47":{"start":{"line":170,"column":4},"end":{"line":194,"column":5}},"48":{"start":{"line":172,"column":21},"end":{"line":172,"column":52}},"49":{"start":{"line":174,"column":25},"end":{"line":174,"column":34}},"50":{"start":{"line":175,"column":28},"end":{"line":175,"column":37}},"51":{"start":{"line":178,"column":28},"end":{"line":178,"column":38}},"52":{"start":{"line":179,"column":31},"end":{"line":179,"column":44}},"53":{"start":{"line":181,"column":37},"end":{"line":181,"column":52}},"54":{"start":{"line":182,"column":43},"end":{"line":182,"column":86}},"55":{"start":{"line":184,"column":28},"end":{"line":184,"column":77}},"56":{"start":{"line":185,"column":31},"end":{"line":185,"column":86}},"57":{"start":{"line":187,"column":6},"end":{"line":187,"column":81}},"58":{"start":{"line":189,"column":6},"end":{"line":189,"column":108}},"59":{"start":{"line":192,"column":6},"end":{"line":192,"column":83}},"60":{"start":{"line":193,"column":6},"end":{"line":193,"column":18}},"61":{"start":{"line":199,"column":6},"end":{"line":214,"column":7}},"62":{"start":{"line":201,"column":23},"end":{"line":201,"column":54}},"63":{"start":{"line":202,"column":27},"end":{"line":202,"column":52}},"64":{"start":{"line":205,"column":30},"end":{"line":205,"column":40}},"65":{"start":{"line":206,"column":39},"end":{"line":206,"column":54}},"66":{"start":{"line":207,"column":30},"end":{"line":207,"column":79}},"67":{"start":{"line":209,"column":8},"end":{"line":209,"column":60}},"68":{"start":{"line":212,"column":10},"end":{"line":212,"column":75}},"69":{"start":{"line":213,"column":10},"end":{"line":213,"column":22}},"70":{"start":{"line":219,"column":6},"end":{"line":233,"column":7}},"71":{"start":{"line":221,"column":25},"end":{"line":221,"column":56}},"72":{"start":{"line":222,"column":29},"end":{"line":222,"column":54}},"73":{"start":{"line":225,"column":32},"end":{"line":225,"column":42}},"74":{"start":{"line":226,"column":41},"end":{"line":226,"column":56}},"75":{"start":{"line":227,"column":32},"end":{"line":227,"column":81}},"76":{"start":{"line":229,"column":10},"end":{"line":229,"column":64}},"77":{"start":{"line":231,"column":10},"end":{"line":231,"column":73}},"78":{"start":{"line":232,"column":10},"end":{"line":232,"column":22}},"79":{"start":{"line":238,"column":4},"end":{"line":255,"column":5}},"80":{"start":{"line":240,"column":21},"end":{"line":240,"column":52}},"81":{"start":{"line":241,"column":25},"end":{"line":241,"column":50}},"82":{"start":{"line":244,"column":28},"end":{"line":244,"column":38}},"83":{"start":{"line":245,"column":37},"end":{"line":245,"column":52}},"84":{"start":{"line":246,"column":28},"end":{"line":246,"column":77}},"85":{"start":{"line":248,"column":28},"end":{"line":248,"column":79}},"86":{"start":{"line":249,"column":23},"end":{"line":249,"column":75}},"87":{"start":{"line":251,"column":6},"end":{"line":251,"column":22}},"88":{"start":{"line":254,"column":6},"end":{"line":254,"column":74}},"89":{"start":{"line":261,"column":23},"end":{"line":261,"column":60}},"90":{"start":{"line":264,"column":26},"end":{"line":264,"column":36}},"91":{"start":{"line":265,"column":33},"end":{"line":265,"column":48}},"92":{"start":{"line":266,"column":24},"end":{"line":266,"column":73}},"93":{"start":{"line":268,"column":26},"end":{"line":268,"column":76}},"94":{"start":{"line":270,"column":4},"end":{"line":273,"column":5}},"95":{"start":{"line":271,"column":33},"end":{"line":271,"column":88}},"96":{"start":{"line":272,"column":8},"end":{"line":272,"column":32}},"97":{"start":{"line":274,"column":4},"end":{"line":277,"column":5}},"98":{"start":{"line":275,"column":29},"end":{"line":275,"column":80}},"99":{"start":{"line":276,"column":8},"end":{"line":276,"column":28}},"100":{"start":{"line":278,"column":4},"end":{"line":280,"column":6}},"101":{"start":{"line":285,"column":6},"end":{"line":297,"column":7}},"102":{"start":{"line":287,"column":39},"end":{"line":287,"column":81}},"103":{"start":{"line":288,"column":10},"end":{"line":288,"column":64}},"104":{"start":{"line":290,"column":39},"end":{"line":290,"column":86}},"105":{"start":{"line":291,"column":10},"end":{"line":291,"column":74}},"106":{"start":{"line":293,"column":10},"end":{"line":293,"column":27}},"107":{"start":{"line":296,"column":10},"end":{"line":296,"column":102}},"108":{"start":{"line":303,"column":6},"end":{"line":326,"column":7}},"109":{"start":{"line":305,"column":23},"end":{"line":305,"column":54}},"110":{"start":{"line":306,"column":27},"end":{"line":306,"column":52}},"111":{"start":{"line":309,"column":30},"end":{"line":309,"column":40}},"112":{"start":{"line":310,"column":39},"end":{"line":310,"column":54}},"113":{"start":{"line":311,"column":30},"end":{"line":311,"column":79}},"114":{"start":{"line":313,"column":30},"end":{"line":313,"column":80}},"115":{"start":{"line":315,"column":8},"end":{"line":317,"column":11}},"116":{"start":{"line":316,"column":30},"end":{"line":316,"column":104}},"117":{"start":{"line":319,"column":10},"end":{"line":321,"column":11}},"118":{"start":{"line":320,"column":30},"end":{"line":320,"column":100}},"119":{"start":{"line":325,"column":10},"end":{"line":325,"column":102}},"120":{"start":{"line":39,"column":13},"end":{"line":39,"column":29}},"121":{"start":{"line":52,"column":8},"end":{"line":73,"column":null}},"122":{"start":{"line":76,"column":8},"end":{"line":94,"column":null}},"123":{"start":{"line":97,"column":8},"end":{"line":115,"column":null}},"124":{"start":{"line":120,"column":8},"end":{"line":132,"column":null}},"125":{"start":{"line":137,"column":8},"end":{"line":149,"column":null}},"126":{"start":{"line":154,"column":8},"end":{"line":157,"column":null}},"127":{"start":{"line":162,"column":8},"end":{"line":165,"column":null}},"128":{"start":{"line":169,"column":8},"end":{"line":195,"column":null}},"129":{"start":{"line":198,"column":8},"end":{"line":215,"column":null}},"130":{"start":{"line":218,"column":8},"end":{"line":234,"column":null}},"131":{"start":{"line":237,"column":8},"end":{"line":256,"column":null}},"132":{"start":{"line":259,"column":8},"end":{"line":281,"column":null}},"133":{"start":{"line":284,"column":8},"end":{"line":298,"column":null}},"134":{"start":{"line":302,"column":8},"end":{"line":327,"column":null}},"135":{"start":{"line":39,"column":13},"end":{"line":328,"column":null}}},"fnMap":{"0":{"name":"(anonymous_4)","decl":{"start":{"line":42,"column":2},"end":{"line":42,"column":null}},"loc":{"start":{"line":46,"column":55},"end":{"line":47,"column":6}}},"1":{"name":"(anonymous_5)","decl":{"start":{"line":52,"column":2},"end":{"line":52,"column":7}},"loc":{"start":{"line":52,"column":67},"end":{"line":73,"column":1}}},"2":{"name":"(anonymous_6)","decl":{"start":{"line":76,"column":2},"end":{"line":76,"column":7}},"loc":{"start":{"line":76,"column":44},"end":{"line":94,"column":3}}},"3":{"name":"(anonymous_7)","decl":{"start":{"line":97,"column":2},"end":{"line":97,"column":7}},"loc":{"start":{"line":97,"column":48},"end":{"line":115,"column":3}}},"4":{"name":"(anonymous_8)","decl":{"start":{"line":120,"column":2},"end":{"line":120,"column":7}},"loc":{"start":{"line":120,"column":43},"end":{"line":132,"column":3}}},"5":{"name":"(anonymous_9)","decl":{"start":{"line":137,"column":2},"end":{"line":137,"column":7}},"loc":{"start":{"line":137,"column":40},"end":{"line":149,"column":3}}},"6":{"name":"(anonymous_10)","decl":{"start":{"line":154,"column":2},"end":{"line":154,"column":7}},"loc":{"start":{"line":154,"column":44},"end":{"line":157,"column":3}}},"7":{"name":"(anonymous_11)","decl":{"start":{"line":162,"column":2},"end":{"line":162,"column":7}},"loc":{"start":{"line":162,"column":52},"end":{"line":165,"column":3}}},"8":{"name":"(anonymous_12)","decl":{"start":{"line":169,"column":2},"end":{"line":169,"column":7}},"loc":{"start":{"line":169,"column":44},"end":{"line":195,"column":3}}},"9":{"name":"(anonymous_13)","decl":{"start":{"line":198,"column":2},"end":{"line":198,"column":7}},"loc":{"start":{"line":198,"column":39},"end":{"line":215,"column":3}}},"10":{"name":"(anonymous_14)","decl":{"start":{"line":218,"column":2},"end":{"line":218,"column":7}},"loc":{"start":{"line":218,"column":41},"end":{"line":234,"column":3}}},"11":{"name":"(anonymous_15)","decl":{"start":{"line":237,"column":2},"end":{"line":237,"column":7}},"loc":{"start":{"line":237,"column":41},"end":{"line":256,"column":3}}},"12":{"name":"(anonymous_16)","decl":{"start":{"line":259,"column":2},"end":{"line":259,"column":7}},"loc":{"start":{"line":259,"column":36},"end":{"line":281,"column":3}}},"13":{"name":"(anonymous_17)","decl":{"start":{"line":284,"column":2},"end":{"line":284,"column":7}},"loc":{"start":{"line":284,"column":20},"end":{"line":298,"column":3}}},"14":{"name":"(anonymous_18)","decl":{"start":{"line":302,"column":2},"end":{"line":302,"column":7}},"loc":{"start":{"line":302,"column":51},"end":{"line":327,"column":3}}}},"branchMap":{"0":{"loc":{"start":{"line":270,"column":4},"end":{"line":273,"column":5}},"type":"if","locations":[{"start":{"line":270,"column":4},"end":{"line":273,"column":5}}]},"1":{"loc":{"start":{"line":274,"column":4},"end":{"line":277,"column":5}},"type":"if","locations":[{"start":{"line":274,"column":4},"end":{"line":277,"column":5}}]},"2":{"loc":{"start":{"line":315,"column":8},"end":{"line":317,"column":11}},"type":"if","locations":[{"start":{"line":315,"column":8},"end":{"line":317,"column":11}}]},"3":{"loc":{"start":{"line":319,"column":10},"end":{"line":321,"column":11}},"type":"if","locations":[{"start":{"line":319,"column":10},"end":{"line":321,"column":11}}]}},"s":{"0":0,"1":0,"2":0,"3":0,"4":0,"5":0,"6":0,"7":0,"8":0,"9":0,"10":0,"11":0,"12":0,"13":0,"14":0,"15":0,"16":0,"17":0,"18":0,"19":0,"20":0,"21":0,"22":0,"23":0,"24":0,"25":0,"26":0,"27":0,"28":0,"29":0,"30":0,"31":0,"32":0,"33":0,"34":0,"35":0,"36":0,"37":0,"38":0,"39":0,"40":0,"41":0,"42":0,"43":0,"44":0,"45":0,"46":0,"47":0,"48":0,"49":0,"50":0,"51":0,"52":0,"53":0,"54":0,"55":0,"56":0,"57":0,"58":0,"59":0,"60":0,"61":0,"62":0,"63":0,"64":0,"65":0,"66":0,"67":0,"68":0,"69":0,"70":0,"71":0,"72":0,"73":0,"74":0,"75":0,"76":0,"77":0,"78":0,"79":0,"80":0,"81":0,"82":0,"83":0,"84":0,"85":0,"86":0,"87":0,"88":0,"89":0,"90":0,"91":0,"92":0,"93":0,"94":0,"95":0,"96":0,"97":0,"98":0,"99":0,"100":0,"101":0,"102":0,"103":0,"104":0,"105":0,"106":0,"107":0,"108":0,"109":0,"110":0,"111":0,"112":0,"113":0,"114":0,"115":0,"116":0,"117":0,"118":0,"119":0,"120":0,"121":0,"122":0,"123":0,"124":0,"125":0,"126":0,"127":0,"128":0,"129":0,"130":0,"131":0,"132":0,"133":0,"134":0,"135":0},"f":{"0":0,"1":0,"2":0,"3":0,"4":0,"5":0,"6":0,"7":0,"8":0,"9":0,"10":0,"11":0,"12":0,"13":0,"14":0},"b":{"0":[0],"1":[0],"2":[0],"3":[0]}}
,"C:\\Users\\shiiz\\Downloads\\MVP Code Alchemists\\MVP\\microservices\\warehouse\\orders\\src\\interfaces\\dto\\internalOrder.dto.ts": {"path":"C:\\Users\\shiiz\\Downloads\\MVP Code Alchemists\\MVP\\microservices\\warehouse\\orders\\src\\interfaces\\dto\\internalOrder.dto.ts","statementMap":{"0":{"start":{"line":1,"column":0},"end":{"line":1,"column":116}},"1":{"start":{"line":2,"column":0},"end":{"line":2,"column":41}},"2":{"start":{"line":4,"column":0},"end":{"line":4,"column":43}},"3":{"start":{"line":5,"column":0},"end":{"line":5,"column":59}},"4":{"start":{"line":6,"column":0},"end":{"line":6,"column":49}},"5":{"start":{"line":8,"column":0},"end":{"line":8,"column":13}},"6":{"start":{"line":11,"column":8},"end":{"line":11,"column":null}},"7":{"start":{"line":10,"column":20},"end":{"line":10,"column":30}},"8":{"start":{"line":17,"column":8},"end":{"line":17,"column":null}},"9":{"start":{"line":16,"column":20},"end":{"line":16,"column":38}},"10":{"start":{"line":22,"column":8},"end":{"line":22,"column":null}},"11":{"start":{"line":21,"column":20},"end":{"line":21,"column":33}},"12":{"start":{"line":27,"column":8},"end":{"line":27,"column":null}},"13":{"start":{"line":26,"column":20},"end":{"line":26,"column":24}},"14":{"start":{"line":31,"column":8},"end":{"line":31,"column":null}},"15":{"start":{"line":35,"column":8},"end":{"line":35,"column":null}}},"fnMap":{"0":{"name":"(anonymous_2)","decl":{"start":{"line":10,"column":14},"end":{"line":10,"column":17}},"loc":{"start":{"line":10,"column":20},"end":{"line":10,"column":30}}},"1":{"name":"(anonymous_3)","decl":{"start":{"line":16,"column":14},"end":{"line":16,"column":17}},"loc":{"start":{"line":16,"column":20},"end":{"line":16,"column":38}}},"2":{"name":"(anonymous_4)","decl":{"start":{"line":21,"column":14},"end":{"line":21,"column":17}},"loc":{"start":{"line":21,"column":20},"end":{"line":21,"column":33}}},"3":{"name":"(anonymous_5)","decl":{"start":{"line":26,"column":14},"end":{"line":26,"column":17}},"loc":{"start":{"line":26,"column":20},"end":{"line":26,"column":24}}}},"branchMap":{},"s":{"0":2,"1":2,"2":2,"3":2,"4":2,"5":2,"6":2,"7":5,"8":2,"9":5,"10":2,"11":5,"12":2,"13":5,"14":2,"15":2},"f":{"0":5,"1":5,"2":5,"3":5},"b":{}}
,"C:\\Users\\shiiz\\Downloads\\MVP Code Alchemists\\MVP\\microservices\\warehouse\\orders\\src\\interfaces\\dto\\itemId.dto.ts": {"path":"C:\\Users\\shiiz\\Downloads\\MVP Code Alchemists\\MVP\\microservices\\warehouse\\orders\\src\\interfaces\\dto\\itemId.dto.ts","statementMap":{"0":{"start":{"line":1,"column":0},"end":{"line":1,"column":57}},"1":{"start":{"line":3,"column":0},"end":{"line":3,"column":13}},"2":{"start":{"line":7,"column":4},"end":{"line":7,"column":null}}},"fnMap":{},"branchMap":{},"s":{"0":5,"1":5,"2":5},"f":{},"b":{}}
,"C:\\Users\\shiiz\\Downloads\\MVP Code Alchemists\\MVP\\microservices\\warehouse\\orders\\src\\interfaces\\dto\\orderId.dto.ts": {"path":"C:\\Users\\shiiz\\Downloads\\MVP Code Alchemists\\MVP\\microservices\\warehouse\\orders\\src\\interfaces\\dto\\orderId.dto.ts","statementMap":{"0":{"start":{"line":1,"column":0},"end":{"line":1,"column":64}},"1":{"start":{"line":3,"column":0},"end":{"line":3,"column":13}},"2":{"start":{"line":6,"column":4},"end":{"line":6,"column":null}}},"fnMap":{},"branchMap":{},"s":{"0":4,"1":4,"2":4},"f":{},"b":{}}
,"C:\\Users\\shiiz\\Downloads\\MVP Code Alchemists\\MVP\\microservices\\warehouse\\orders\\src\\interfaces\\dto\\orderItem.dto.ts": {"path":"C:\\Users\\shiiz\\Downloads\\MVP Code Alchemists\\MVP\\microservices\\warehouse\\orders\\src\\interfaces\\dto\\orderItem.dto.ts","statementMap":{"0":{"start":{"line":1,"column":0},"end":{"line":1,"column":73}},"1":{"start":{"line":2,"column":0},"end":{"line":2,"column":41}},"2":{"start":{"line":4,"column":0},"end":{"line":4,"column":41}},"3":{"start":{"line":6,"column":0},"end":{"line":6,"column":13}},"4":{"start":{"line":10,"column":4},"end":{"line":10,"column":null}},"5":{"start":{"line":9,"column":16},"end":{"line":9,"column":25}},"6":{"start":{"line":15,"column":4},"end":{"line":15,"column":null}}},"fnMap":{"0":{"name":"(anonymous_2)","decl":{"start":{"line":9,"column":10},"end":{"line":9,"column":13}},"loc":{"start":{"line":9,"column":16},"end":{"line":9,"column":25}}}},"branchMap":{},"s":{"0":5,"1":5,"2":5,"3":5,"4":5,"5":4,"6":5},"f":{"0":4},"b":{}}
,"C:\\Users\\shiiz\\Downloads\\MVP Code Alchemists\\MVP\\microservices\\warehouse\\orders\\src\\interfaces\\dto\\orderItemDetail.dto.ts": {"path":"C:\\Users\\shiiz\\Downloads\\MVP Code Alchemists\\MVP\\microservices\\warehouse\\orders\\src\\interfaces\\dto\\orderItemDetail.dto.ts","statementMap":{"0":{"start":{"line":1,"column":0},"end":{"line":1,"column":67}},"1":{"start":{"line":3,"column":0},"end":{"line":3,"column":47}},"2":{"start":{"line":5,"column":0},"end":{"line":5,"column":13}},"3":{"start":{"line":7,"column":4},"end":{"line":7,"column":null}},"4":{"start":{"line":12,"column":4},"end":{"line":12,"column":null}},"5":{"start":{"line":17,"column":4},"end":{"line":17,"column":null}}},"fnMap":{},"branchMap":{},"s":{"0":4,"1":4,"2":4,"3":4,"4":4,"5":4},"f":{},"b":{}}
,"C:\\Users\\shiiz\\Downloads\\MVP Code Alchemists\\MVP\\microservices\\warehouse\\orders\\src\\interfaces\\dto\\orderQuantity.dto.ts": {"path":"C:\\Users\\shiiz\\Downloads\\MVP Code Alchemists\\MVP\\microservices\\warehouse\\orders\\src\\interfaces\\dto\\orderQuantity.dto.ts","statementMap":{"0":{"start":{"line":1,"column":0},"end":{"line":1,"column":84}},"1":{"start":{"line":2,"column":0},"end":{"line":2,"column":41}},"2":{"start":{"line":4,"column":0},"end":{"line":4,"column":43}},"3":{"start":{"line":5,"column":0},"end":{"line":5,"column":47}},"4":{"start":{"line":7,"column":0},"end":{"line":7,"column":13}},"5":{"start":{"line":11,"column":4},"end":{"line":11,"column":null}},"6":{"start":{"line":9,"column":16},"end":{"line":9,"column":26}},"7":{"start":{"line":18,"column":4},"end":{"line":18,"column":null}},"8":{"start":{"line":17,"column":16},"end":{"line":17,"column":28}}},"fnMap":{"0":{"name":"(anonymous_2)","decl":{"start":{"line":9,"column":10},"end":{"line":9,"column":13}},"loc":{"start":{"line":9,"column":16},"end":{"line":9,"column":26}}},"1":{"name":"(anonymous_3)","decl":{"start":{"line":17,"column":10},"end":{"line":17,"column":13}},"loc":{"start":{"line":17,"column":16},"end":{"line":17,"column":28}}}},"branchMap":{},"s":{"0":1,"1":1,"2":1,"3":1,"4":1,"5":1,"6":4,"7":1,"8":5},"f":{"0":4,"1":5},"b":{}}
,"C:\\Users\\shiiz\\Downloads\\MVP Code Alchemists\\MVP\\microservices\\warehouse\\orders\\src\\interfaces\\dto\\orderState.dto.ts": {"path":"C:\\Users\\shiiz\\Downloads\\MVP Code Alchemists\\MVP\\microservices\\warehouse\\orders\\src\\interfaces\\dto\\orderState.dto.ts","statementMap":{"0":{"start":{"line":1,"column":0},"end":{"line":1,"column":63}},"1":{"start":{"line":2,"column":0},"end":{"line":2,"column":58}},"2":{"start":{"line":4,"column":0},"end":{"line":4,"column":13}},"3":{"start":{"line":8,"column":4},"end":{"line":8,"column":null}}},"fnMap":{},"branchMap":{},"s":{"0":3,"1":3,"2":3,"3":3},"f":{},"b":{}}
,"C:\\Users\\shiiz\\Downloads\\MVP Code Alchemists\\MVP\\microservices\\warehouse\\orders\\src\\interfaces\\dto\\orders.dto.ts": {"path":"C:\\Users\\shiiz\\Downloads\\MVP Code Alchemists\\MVP\\microservices\\warehouse\\orders\\src\\interfaces\\dto\\orders.dto.ts","statementMap":{"0":{"start":{"line":1,"column":0},"end":{"line":1,"column":56}},"1":{"start":{"line":2,"column":0},"end":{"line":2,"column":41}},"2":{"start":{"line":5,"column":0},"end":{"line":5,"column":47}},"3":{"start":{"line":6,"column":0},"end":{"line":6,"column":55}},"4":{"start":{"line":8,"column":0},"end":{"line":8,"column":13}},"5":{"start":{"line":12,"column":4},"end":{"line":12,"column":null}},"6":{"start":{"line":11,"column":16},"end":{"line":11,"column":28}},"7":{"start":{"line":17,"column":4},"end":{"line":17,"column":null}},"8":{"start":{"line":16,"column":16},"end":{"line":16,"column":32}}},"fnMap":{"0":{"name":"(anonymous_2)","decl":{"start":{"line":11,"column":10},"end":{"line":11,"column":13}},"loc":{"start":{"line":11,"column":16},"end":{"line":11,"column":28}}},"1":{"name":"(anonymous_3)","decl":{"start":{"line":16,"column":10},"end":{"line":16,"column":13}},"loc":{"start":{"line":16,"column":16},"end":{"line":16,"column":32}}}},"branchMap":{},"s":{"0":1,"1":1,"2":1,"3":1,"4":1,"5":1,"6":3,"7":1,"8":3},"f":{"0":3,"1":3},"b":{}}
,"C:\\Users\\shiiz\\Downloads\\MVP Code Alchemists\\MVP\\microservices\\warehouse\\orders\\src\\interfaces\\dto\\sellOrder.dto.ts": {"path":"C:\\Users\\shiiz\\Downloads\\MVP Code Alchemists\\MVP\\microservices\\warehouse\\orders\\src\\interfaces\\dto\\sellOrder.dto.ts","statementMap":{"0":{"start":{"line":1,"column":0},"end":{"line":1,"column":116}},"1":{"start":{"line":2,"column":0},"end":{"line":2,"column":41}},"2":{"start":{"line":4,"column":0},"end":{"line":4,"column":43}},"3":{"start":{"line":5,"column":0},"end":{"line":5,"column":59}},"4":{"start":{"line":6,"column":0},"end":{"line":6,"column":49}},"5":{"start":{"line":8,"column":0},"end":{"line":8,"column":13}},"6":{"start":{"line":11,"column":8},"end":{"line":11,"column":null}},"7":{"start":{"line":10,"column":20},"end":{"line":10,"column":30}},"8":{"start":{"line":17,"column":8},"end":{"line":17,"column":null}},"9":{"start":{"line":16,"column":20},"end":{"line":16,"column":38}},"10":{"start":{"line":22,"column":8},"end":{"line":22,"column":null}},"11":{"start":{"line":21,"column":20},"end":{"line":21,"column":33}},"12":{"start":{"line":27,"column":8},"end":{"line":27,"column":null}},"13":{"start":{"line":26,"column":20},"end":{"line":26,"column":24}},"14":{"start":{"line":31,"column":8},"end":{"line":31,"column":null}},"15":{"start":{"line":35,"column":8},"end":{"line":35,"column":null}}},"fnMap":{"0":{"name":"(anonymous_2)","decl":{"start":{"line":10,"column":14},"end":{"line":10,"column":17}},"loc":{"start":{"line":10,"column":20},"end":{"line":10,"column":30}}},"1":{"name":"(anonymous_3)","decl":{"start":{"line":16,"column":14},"end":{"line":16,"column":17}},"loc":{"start":{"line":16,"column":20},"end":{"line":16,"column":38}}},"2":{"name":"(anonymous_4)","decl":{"start":{"line":21,"column":14},"end":{"line":21,"column":17}},"loc":{"start":{"line":21,"column":20},"end":{"line":21,"column":33}}},"3":{"name":"(anonymous_5)","decl":{"start":{"line":26,"column":14},"end":{"line":26,"column":17}},"loc":{"start":{"line":26,"column":20},"end":{"line":26,"column":24}}}},"branchMap":{},"s":{"0":2,"1":2,"2":2,"3":2,"4":2,"5":2,"6":2,"7":6,"8":2,"9":6,"10":2,"11":6,"12":2,"13":6,"14":2,"15":2},"f":{"0":6,"1":6,"2":6,"3":6},"b":{}}
,"C:\\Users\\shiiz\\Downloads\\MVP Code Alchemists\\MVP\\microservices\\warehouse\\orders\\src\\interfaces\\nats\\nats.config.ts": {"path":"C:\\Users\\shiiz\\Downloads\\MVP Code Alchemists\\MVP\\microservices\\warehouse\\orders\\src\\interfaces\\nats\\nats.config.ts","statementMap":{"0":{"start":{"line":1,"column":0},"end":{"line":1,"column":50}},"1":{"start":{"line":3,"column":13},"end":{"line":13,"column":2}}},"fnMap":{},"branchMap":{"0":{"loc":{"start":{"line":6,"column":14},"end":{"line":6,"column":61}},"type":"binary-expr","locations":[{"start":{"line":6,"column":14},"end":{"line":6,"column":34}},{"start":{"line":6,"column":38},"end":{"line":6,"column":61}}]}},"s":{"0":0,"1":0},"f":{},"b":{"0":[0,0]}}
,"C:\\Users\\shiiz\\Downloads\\MVP Code Alchemists\\MVP\\microservices\\warehouse\\orders\\src\\interfaces\\nats\\nats.module.ts": {"path":"C:\\Users\\shiiz\\Downloads\\MVP Code Alchemists\\MVP\\microservices\\warehouse\\orders\\src\\interfaces\\nats\\nats.module.ts","statementMap":{"0":{"start":{"line":1,"column":0},"end":{"line":1,"column":40}},"1":{"start":{"line":2,"column":0},"end":{"line":2,"column":45}},"2":{"start":{"line":8,"column":7},"end":{"line":8,"column":null}},"3":{"start":{"line":8,"column":13},"end":{"line":8,"column":23}},"4":{"start":{"line":8,"column":13},"end":{"line":8,"column":null}}},"fnMap":{},"branchMap":{},"s":{"0":0,"1":0,"2":0,"3":0,"4":0},"f":{},"b":{}}
,"C:\\Users\\shiiz\\Downloads\\MVP Code Alchemists\\MVP\\microservices\\warehouse\\orders\\src\\interfaces\\nats\\nats.service.ts": {"path":"C:\\Users\\shiiz\\Downloads\\MVP Code Alchemists\\MVP\\microservices\\warehouse\\orders\\src\\interfaces\\nats\\nats.service.ts","statementMap":{"0":{"start":{"line":1,"column":0},"end":{"line":1,"column":75}},"1":{"start":{"line":2,"column":0},"end":{"line":2,"column":58}},"2":{"start":{"line":5,"column":7},"end":{"line":22,"column":null}},"3":{"start":{"line":7,"column":22},"end":{"line":7,"column":33}},"4":{"start":{"line":10,"column":4},"end":{"line":12,"column":7}},"5":{"start":{"line":16,"column":4},"end":{"line":16,"column":27}},"6":{"start":{"line":20,"column":4},"end":{"line":20,"column":58}},"7":{"start":{"line":5,"column":13},"end":{"line":5,"column":24}},"8":{"start":{"line":5,"column":13},"end":{"line":22,"column":null}}},"fnMap":{"0":{"name":"(anonymous_1)","decl":{"start":{"line":9,"column":2},"end":{"line":9,"column":7}},"loc":{"start":{"line":9,"column":20},"end":{"line":13,"column":3}}},"1":{"name":"(anonymous_2)","decl":{"start":{"line":15,"column":2},"end":{"line":15,"column":7}},"loc":{"start":{"line":15,"column":23},"end":{"line":17,"column":3}}},"2":{"name":"(anonymous_3)","decl":{"start":{"line":19,"column":2},"end":{"line":19,"column":7}},"loc":{"start":{"line":19,"column":42},"end":{"line":21,"column":3}}}},"branchMap":{"0":{"loc":{"start":{"line":11,"column":15},"end":{"line":11,"column":57}},"type":"binary-expr","locations":[{"start":{"line":11,"column":15},"end":{"line":11,"column":35}},{"start":{"line":11,"column":39},"end":{"line":11,"column":57}}]}},"s":{"0":1,"1":1,"2":1,"3":0,"4":0,"5":0,"6":0,"7":1,"8":1},"f":{"0":0,"1":0,"2":0},"b":{"0":[0,0]}}
,"C:\\Users\\shiiz\\Downloads\\MVP Code Alchemists\\MVP\\microservices\\warehouse\\orders\\src\\interfaces\\nats\\order.saga.ts": {"path":"C:\\Users\\shiiz\\Downloads\\MVP Code Alchemists\\MVP\\microservices\\warehouse\\orders\\src\\interfaces\\nats\\order.saga.ts","statementMap":{"0":{"start":{"line":3,"column":0},"end":{"line":3,"column":13}}},"fnMap":{"0":{"name":"(anonymous_0)","decl":{"start":{"line":5,"column":4},"end":{"line":5,"column":9}},"loc":{"start":{"line":5,"column":24},"end":{"line":7,"column":5}}},"1":{"name":"(anonymous_1)","decl":{"start":{"line":9,"column":4},"end":{"line":9,"column":9}},"loc":{"start":{"line":9,"column":28},"end":{"line":11,"column":5}}}},"branchMap":{},"s":{"0":0},"f":{"0":0,"1":0},"b":{}}
,"C:\\Users\\shiiz\\Downloads\\MVP Code Alchemists\\MVP\\microservices\\warehouse\\orders\\src\\interfaces\\nats\\natsMessagesFormatters\\inbound-response.deserializer.ts": {"path":"C:\\Users\\shiiz\\Downloads\\MVP Code Alchemists\\MVP\\microservices\\warehouse\\orders\\src\\interfaces\\nats\\natsMessagesFormatters\\inbound-response.deserializer.ts","statementMap":{"0":{"start":{"line":1,"column":0},"end":{"line":1,"column":40}},"1":{"start":{"line":2,"column":0},"end":{"line":2,"column":36}},"2":{"start":{"line":6,"column":28},"end":{"line":6,"column":68}},"3":{"start":{"line":9,"column":4},"end":{"line":9,"column":48}},"4":{"start":{"line":11,"column":20},"end":{"line":11,"column":25}},"5":{"start":{"line":14,"column":4},"end":{"line":33,"column":5}},"6":{"start":{"line":15,"column":6},"end":{"line":15,"column":23}},"7":{"start":{"line":16,"column":6},"end":{"line":16,"column":68}},"8":{"start":{"line":19,"column":9},"end":{"line":33,"column":5}},"9":{"start":{"line":20,"column":6},"end":{"line":20,"column":36}},"10":{"start":{"line":21,"column":6},"end":{"line":21,"column":59}},"11":{"start":{"line":24,"column":6},"end":{"line":32,"column":7}},"12":{"start":{"line":25,"column":8},"end":{"line":28,"column":9}},"13":{"start":{"line":26,"column":10},"end":{"line":26,"column":34}},"14":{"start":{"line":27,"column":10},"end":{"line":27,"column":71}},"15":{"start":{"line":31,"column":8},"end":{"line":31,"column":72}},"16":{"start":{"line":35,"column":4},"end":{"line":39,"column":6}},"17":{"start":{"line":5,"column":0},"end":{"line":5,"column":13}}},"fnMap":{"0":{"name":"(anonymous_0)","decl":{"start":{"line":8,"column":2},"end":{"line":8,"column":13}},"loc":{"start":{"line":8,"column":55},"end":{"line":40,"column":3}}}},"branchMap":{"0":{"loc":{"start":{"line":14,"column":4},"end":{"line":33,"column":5}},"type":"if","locations":[{"start":{"line":14,"column":4},"end":{"line":33,"column":5}},{"start":{"line":19,"column":9},"end":{"line":33,"column":5}}]},"1":{"loc":{"start":{"line":14,"column":8},"end":{"line":14,"column":52}},"type":"binary-expr","locations":[{"start":{"line":14,"column":8},"end":{"line":14,"column":30}},{"start":{"line":14,"column":34},"end":{"line":14,"column":52}}]},"2":{"loc":{"start":{"line":19,"column":9},"end":{"line":33,"column":5}},"type":"if","locations":[{"start":{"line":19,"column":9},"end":{"line":33,"column":5}}]},"3":{"loc":{"start":{"line":25,"column":8},"end":{"line":28,"column":9}},"type":"if","locations":[{"start":{"line":25,"column":8},"end":{"line":28,"column":9}}]}},"s":{"0":0,"1":0,"2":0,"3":0,"4":0,"5":0,"6":0,"7":0,"8":0,"9":0,"10":0,"11":0,"12":0,"13":0,"14":0,"15":0,"16":0,"17":0},"f":{"0":0},"b":{"0":[0,0],"1":[0,0],"2":[0],"3":[0]}}
,"C:\\Users\\shiiz\\Downloads\\MVP Code Alchemists\\MVP\\microservices\\warehouse\\orders\\src\\interfaces\\nats\\natsMessagesFormatters\\outbound-response.serializer.ts": {"path":"C:\\Users\\shiiz\\Downloads\\MVP Code Alchemists\\MVP\\microservices\\warehouse\\orders\\src\\interfaces\\nats\\natsMessagesFormatters\\outbound-response.serializer.ts","statementMap":{"0":{"start":{"line":9,"column":4},"end":{"line":9,"column":17}},"1":{"start":{"line":5,"column":0},"end":{"line":5,"column":13}}},"fnMap":{"0":{"name":"(anonymous_0)","decl":{"start":{"line":6,"column":2},"end":{"line":6,"column":11}},"loc":{"start":{"line":6,"column":22},"end":{"line":10,"column":3}}}},"branchMap":{},"s":{"0":0,"1":0},"f":{"0":0},"b":{}}
}
