{"total": {"lines":{"total":641,"covered":176,"skipped":0,"pct":27.45},"statements":{"total":665,"covered":184,"skipped":0,"pct":27.66},"functions":{"total":147,"covered":51,"skipped":0,"pct":34.69},"branches":{"total":49,"covered":3,"skipped":0,"pct":6.12},"branchesTrue":{"total":0,"covered":0,"skipped":0,"pct":100}}
,"C:\\Users\\shiiz\\Downloads\\MVP Code Alchemists\\MVP\\microservices\\warehouse\\orders\\src\\main.ts": {"lines":{"total":8,"covered":0,"skipped":0,"pct":0},"functions":{"total":1,"covered":0,"skipped":0,"pct":0},"statements":{"total":8,"covered":0,"skipped":0,"pct":0},"branches":{"total":0,"covered":0,"skipped":0,"pct":100}}
,"C:\\Users\\shiiz\\Downloads\\MVP Code Alchemists\\MVP\\microservices\\warehouse\\orders\\src\\application\\orders.module.ts": {"lines":{"total":9,"covered":0,"skipped":0,"pct":0},"functions":{"total":0,"covered":0,"skipped":0,"pct":100},"statements":{"total":11,"covered":0,"skipped":0,"pct":0},"branches":{"total":2,"covered":0,"skipped":0,"pct":0}}
,"C:\\Users\\shiiz\\Downloads\\MVP Code Alchemists\\MVP\\microservices\\warehouse\\orders\\src\\application\\orders.service.ts": {"lines":{"total":35,"covered":13,"skipped":0,"pct":37.14},"functions":{"total":13,"covered":2,"skipped":0,"pct":15.38},"statements":{"total":37,"covered":15,"skipped":0,"pct":40.54},"branches":{"total":1,"covered":1,"skipped":0,"pct":100}}
,"C:\\Users\\shiiz\\Downloads\\MVP Code Alchemists\\MVP\\microservices\\warehouse\\orders\\src\\domain\\internalOrder.entity.ts": {"lines":{"total":6,"covered":6,"skipped":0,"pct":100},"functions":{"total":3,"covered":3,"skipped":0,"pct":100},"statements":{"total":6,"covered":6,"skipped":0,"pct":100},"branches":{"total":0,"covered":0,"skipped":0,"pct":100}}
,"C:\\Users\\shiiz\\Downloads\\MVP Code Alchemists\\MVP\\microservices\\warehouse\\orders\\src\\domain\\itemId.entity.ts": {"lines":{"total":3,"covered":3,"skipped":0,"pct":100},"functions":{"total":2,"covered":2,"skipped":0,"pct":100},"statements":{"total":3,"covered":3,"skipped":0,"pct":100},"branches":{"total":0,"covered":0,"skipped":0,"pct":100}}
,"C:\\Users\\shiiz\\Downloads\\MVP Code Alchemists\\MVP\\microservices\\warehouse\\orders\\src\\domain\\order.entity.ts": {"lines":{"total":15,"covered":15,"skipped":0,"pct":100},"functions":{"total":10,"covered":10,"skipped":0,"pct":100},"statements":{"total":15,"covered":15,"skipped":0,"pct":100},"branches":{"total":0,"covered":0,"skipped":0,"pct":100}}
,"C:\\Users\\shiiz\\Downloads\\MVP Code Alchemists\\MVP\\microservices\\warehouse\\orders\\src\\domain\\orderId.entity.ts": {"lines":{"total":5,"covered":5,"skipped":0,"pct":100},"functions":{"total":3,"covered":3,"skipped":0,"pct":100},"statements":{"total":5,"covered":5,"skipped":0,"pct":100},"branches":{"total":0,"covered":0,"skipped":0,"pct":100}}
,"C:\\Users\\shiiz\\Downloads\\MVP Code Alchemists\\MVP\\microservices\\warehouse\\orders\\src\\domain\\orderItem.entity.ts": {"lines":{"total":6,"covered":5,"skipped":0,"pct":83.33},"functions":{"total":4,"covered":3,"skipped":0,"pct":75},"statements":{"total":6,"covered":5,"skipped":0,"pct":83.33},"branches":{"total":0,"covered":0,"skipped":0,"pct":100}}
,"C:\\Users\\shiiz\\Downloads\\MVP Code Alchemists\\MVP\\microservices\\warehouse\\orders\\src\\domain\\orderItemDetail.entity.ts": {"lines":{"total":9,"covered":9,"skipped":0,"pct":100},"functions":{"total":6,"covered":6,"skipped":0,"pct":100},"statements":{"total":9,"covered":9,"skipped":0,"pct":100},"branches":{"total":0,"covered":0,"skipped":0,"pct":100}}
,"C:\\Users\\shiiz\\Downloads\\MVP Code Alchemists\\MVP\\microservices\\warehouse\\orders\\src\\domain\\orderState.enum.ts": {"lines":{"total":6,"covered":6,"skipped":0,"pct":100},"functions":{"total":1,"covered":1,"skipped":0,"pct":100},"statements":{"total":6,"covered":6,"skipped":0,"pct":100},"branches":{"total":2,"covered":2,"skipped":0,"pct":100}}
,"C:\\Users\\shiiz\\Downloads\\MVP Code Alchemists\\MVP\\microservices\\warehouse\\orders\\src\\domain\\orders.entity.ts": {"lines":{"total":7,"covered":7,"skipped":0,"pct":100},"functions":{"total":5,"covered":5,"skipped":0,"pct":100},"statements":{"total":7,"covered":7,"skipped":0,"pct":100},"branches":{"total":0,"covered":0,"skipped":0,"pct":100}}
,"C:\\Users\\shiiz\\Downloads\\MVP Code Alchemists\\MVP\\microservices\\warehouse\\orders\\src\\domain\\orders.repository.ts": {"lines":{"total":1,"covered":0,"skipped":0,"pct":0},"functions":{"total":0,"covered":0,"skipped":0,"pct":100},"statements":{"total":1,"covered":0,"skipped":0,"pct":0},"branches":{"total":0,"covered":0,"skipped":0,"pct":100}}
,"C:\\Users\\shiiz\\Downloads\\MVP Code Alchemists\\MVP\\microservices\\warehouse\\orders\\src\\domain\\sellOrder.entity.ts": {"lines":{"total":6,"covered":6,"skipped":0,"pct":100},"functions":{"total":3,"covered":3,"skipped":0,"pct":100},"statements":{"total":6,"covered":6,"skipped":0,"pct":100},"branches":{"total":0,"covered":0,"skipped":0,"pct":100}}
,"C:\\Users\\shiiz\\Downloads\\MVP Code Alchemists\\MVP\\microservices\\warehouse\\orders\\src\\infrastructure\\adapters\\outboundEvent.adapter.ts": {"lines":{"total":44,"covered":4,"skipped":0,"pct":9.09},"functions":{"total":11,"covered":0,"skipped":0,"pct":0},"statements":{"total":47,"covered":6,"skipped":0,"pct":12.76},"branches":{"total":10,"covered":0,"skipped":0,"pct":0}}
,"C:\\Users\\shiiz\\Downloads\\MVP Code Alchemists\\MVP\\microservices\\warehouse\\orders\\src\\infrastructure\\adapters\\mongodb\\orders.repository.impl.ts": {"lines":{"total":151,"covered":13,"skipped":0,"pct":8.6},"functions":{"total":29,"covered":0,"skipped":0,"pct":0},"statements":{"total":154,"covered":15,"skipped":0,"pct":9.74},"branches":{"total":17,"covered":0,"skipped":0,"pct":0}}
,"C:\\Users\\shiiz\\Downloads\\MVP Code Alchemists\\MVP\\microservices\\warehouse\\orders\\src\\infrastructure\\adapters\\mongodb\\orders.repository.module.ts": {"lines":{"total":8,"covered":0,"skipped":0,"pct":0},"functions":{"total":0,"covered":0,"skipped":0,"pct":100},"statements":{"total":10,"covered":0,"skipped":0,"pct":0},"branches":{"total":0,"covered":0,"skipped":0,"pct":100}}
,"C:\\Users\\shiiz\\Downloads\\MVP Code Alchemists\\MVP\\microservices\\warehouse\\orders\\src\\infrastructure\\adapters\\mongodb\\schemas\\internalOrder.schema.ts": {"lines":{"total":11,"covered":0,"skipped":0,"pct":0},"functions":{"total":0,"covered":0,"skipped":0,"pct":100},"statements":{"total":13,"covered":0,"skipped":0,"pct":0},"branches":{"total":0,"covered":0,"skipped":0,"pct":100}}
,"C:\\Users\\shiiz\\Downloads\\MVP Code Alchemists\\MVP\\microservices\\warehouse\\orders\\src\\infrastructure\\adapters\\mongodb\\schemas\\orderItemDetail.schema.ts": {"lines":{"total":6,"covered":0,"skipped":0,"pct":0},"functions":{"total":0,"covered":0,"skipped":0,"pct":100},"statements":{"total":8,"covered":0,"skipped":0,"pct":0},"branches":{"total":0,"covered":0,"skipped":0,"pct":100}}
,"C:\\Users\\shiiz\\Downloads\\MVP Code Alchemists\\MVP\\microservices\\warehouse\\orders\\src\\infrastructure\\adapters\\mongodb\\schemas\\sellOrder.schema.ts": {"lines":{"total":11,"covered":0,"skipped":0,"pct":0},"functions":{"total":0,"covered":0,"skipped":0,"pct":100},"statements":{"total":13,"covered":0,"skipped":0,"pct":0},"branches":{"total":0,"covered":0,"skipped":0,"pct":100}}
,"C:\\Users\\shiiz\\Downloads\\MVP Code Alchemists\\MVP\\microservices\\warehouse\\orders\\src\\infrastructure\\mappers\\data.mapper.ts": {"lines":{"total":54,"covered":8,"skipped":0,"pct":14.81},"functions":{"total":21,"covered":0,"skipped":0,"pct":0},"statements":{"total":54,"covered":8,"skipped":0,"pct":14.81},"branches":{"total":3,"covered":0,"skipped":0,"pct":0}}
,"C:\\Users\\shiiz\\Downloads\\MVP Code Alchemists\\MVP\\microservices\\warehouse\\orders\\src\\interfaces\\orders.controller.ts": {"lines":{"total":134,"covered":0,"skipped":0,"pct":0},"functions":{"total":15,"covered":0,"skipped":0,"pct":0},"statements":{"total":136,"covered":0,"skipped":0,"pct":0},"branches":{"total":4,"covered":0,"skipped":0,"pct":0}}
,"C:\\Users\\shiiz\\Downloads\\MVP Code Alchemists\\MVP\\microservices\\warehouse\\orders\\src\\interfaces\\dto\\internalOrder.dto.ts": {"lines":{"total":16,"covered":16,"skipped":0,"pct":100},"functions":{"total":4,"covered":4,"skipped":0,"pct":100},"statements":{"total":16,"covered":16,"skipped":0,"pct":100},"branches":{"total":0,"covered":0,"skipped":0,"pct":100}}
,"C:\\Users\\shiiz\\Downloads\\MVP Code Alchemists\\MVP\\microservices\\warehouse\\orders\\src\\interfaces\\dto\\itemId.dto.ts": {"lines":{"total":3,"covered":3,"skipped":0,"pct":100},"functions":{"total":0,"covered":0,"skipped":0,"pct":100},"statements":{"total":3,"covered":3,"skipped":0,"pct":100},"branches":{"total":0,"covered":0,"skipped":0,"pct":100}}
,"C:\\Users\\shiiz\\Downloads\\MVP Code Alchemists\\MVP\\microservices\\warehouse\\orders\\src\\interfaces\\dto\\orderId.dto.ts": {"lines":{"total":3,"covered":3,"skipped":0,"pct":100},"functions":{"total":0,"covered":0,"skipped":0,"pct":100},"statements":{"total":3,"covered":3,"skipped":0,"pct":100},"branches":{"total":0,"covered":0,"skipped":0,"pct":100}}
,"C:\\Users\\shiiz\\Downloads\\MVP Code Alchemists\\MVP\\microservices\\warehouse\\orders\\src\\interfaces\\dto\\orderItem.dto.ts": {"lines":{"total":7,"covered":7,"skipped":0,"pct":100},"functions":{"total":1,"covered":1,"skipped":0,"pct":100},"statements":{"total":7,"covered":7,"skipped":0,"pct":100},"branches":{"total":0,"covered":0,"skipped":0,"pct":100}}
,"C:\\Users\\shiiz\\Downloads\\MVP Code Alchemists\\MVP\\microservices\\warehouse\\orders\\src\\interfaces\\dto\\orderItemDetail.dto.ts": {"lines":{"total":6,"covered":6,"skipped":0,"pct":100},"functions":{"total":0,"covered":0,"skipped":0,"pct":100},"statements":{"total":6,"covered":6,"skipped":0,"pct":100},"branches":{"total":0,"covered":0,"skipped":0,"pct":100}}
,"C:\\Users\\shiiz\\Downloads\\MVP Code Alchemists\\MVP\\microservices\\warehouse\\orders\\src\\interfaces\\dto\\orderQuantity.dto.ts": {"lines":{"total":9,"covered":9,"skipped":0,"pct":100},"functions":{"total":2,"covered":2,"skipped":0,"pct":100},"statements":{"total":9,"covered":9,"skipped":0,"pct":100},"branches":{"total":0,"covered":0,"skipped":0,"pct":100}}
,"C:\\Users\\shiiz\\Downloads\\MVP Code Alchemists\\MVP\\microservices\\warehouse\\orders\\src\\interfaces\\dto\\orderState.dto.ts": {"lines":{"total":4,"covered":4,"skipped":0,"pct":100},"functions":{"total":0,"covered":0,"skipped":0,"pct":100},"statements":{"total":4,"covered":4,"skipped":0,"pct":100},"branches":{"total":0,"covered":0,"skipped":0,"pct":100}}
,"C:\\Users\\shiiz\\Downloads\\MVP Code Alchemists\\MVP\\microservices\\warehouse\\orders\\src\\interfaces\\dto\\orders.dto.ts": {"lines":{"total":9,"covered":9,"skipped":0,"pct":100},"functions":{"total":2,"covered":2,"skipped":0,"pct":100},"statements":{"total":9,"covered":9,"skipped":0,"pct":100},"branches":{"total":0,"covered":0,"skipped":0,"pct":100}}
,"C:\\Users\\shiiz\\Downloads\\MVP Code Alchemists\\MVP\\microservices\\warehouse\\orders\\src\\interfaces\\dto\\sellOrder.dto.ts": {"lines":{"total":16,"covered":16,"skipped":0,"pct":100},"functions":{"total":4,"covered":4,"skipped":0,"pct":100},"statements":{"total":16,"covered":16,"skipped":0,"pct":100},"branches":{"total":0,"covered":0,"skipped":0,"pct":100}}
,"C:\\Users\\shiiz\\Downloads\\MVP Code Alchemists\\MVP\\microservices\\warehouse\\orders\\src\\interfaces\\nats\\nats.config.ts": {"lines":{"total":2,"covered":0,"skipped":0,"pct":0},"functions":{"total":0,"covered":0,"skipped":0,"pct":100},"statements":{"total":2,"covered":0,"skipped":0,"pct":0},"branches":{"total":2,"covered":0,"skipped":0,"pct":0}}
,"C:\\Users\\shiiz\\Downloads\\MVP Code Alchemists\\MVP\\microservices\\warehouse\\orders\\src\\interfaces\\nats\\nats.module.ts": {"lines":{"total":3,"covered":0,"skipped":0,"pct":0},"functions":{"total":0,"covered":0,"skipped":0,"pct":100},"statements":{"total":5,"covered":0,"skipped":0,"pct":0},"branches":{"total":0,"covered":0,"skipped":0,"pct":100}}
,"C:\\Users\\shiiz\\Downloads\\MVP Code Alchemists\\MVP\\microservices\\warehouse\\orders\\src\\interfaces\\nats\\nats.service.ts": {"lines":{"total":7,"covered":3,"skipped":0,"pct":42.85},"functions":{"total":3,"covered":0,"skipped":0,"pct":0},"statements":{"total":9,"covered":5,"skipped":0,"pct":55.55},"branches":{"total":2,"covered":0,"skipped":0,"pct":0}}
,"C:\\Users\\shiiz\\Downloads\\MVP Code Alchemists\\MVP\\microservices\\warehouse\\orders\\src\\interfaces\\nats\\order.saga.ts": {"lines":{"total":1,"covered":0,"skipped":0,"pct":0},"functions":{"total":2,"covered":0,"skipped":0,"pct":0},"statements":{"total":1,"covered":0,"skipped":0,"pct":0},"branches":{"total":0,"covered":0,"skipped":0,"pct":100}}
,"C:\\Users\\shiiz\\Downloads\\MVP Code Alchemists\\MVP\\microservices\\warehouse\\orders\\src\\interfaces\\nats\\natsMessagesFormatters\\inbound-response.deserializer.ts": {"lines":{"total":18,"covered":0,"skipped":0,"pct":0},"functions":{"total":1,"covered":0,"skipped":0,"pct":0},"statements":{"total":18,"covered":0,"skipped":0,"pct":0},"branches":{"total":6,"covered":0,"skipped":0,"pct":0}}
,"C:\\Users\\shiiz\\Downloads\\MVP Code Alchemists\\MVP\\microservices\\warehouse\\orders\\src\\interfaces\\nats\\natsMessagesFormatters\\outbound-response.serializer.ts": {"lines":{"total":2,"covered":0,"skipped":0,"pct":0},"functions":{"total":1,"covered":0,"skipped":0,"pct":0},"statements":{"total":2,"covered":0,"skipped":0,"pct":0},"branches":{"total":0,"covered":0,"skipped":0,"pct":100}}
}
