{"total": {"lines":{"total":114,"covered":62,"skipped":0,"pct":54.38},"statements":{"total":128,"covered":70,"skipped":0,"pct":54.68},"functions":{"total":58,"covered":25,"skipped":0,"pct":43.1},"branches":{"total":5,"covered":3,"skipped":0,"pct":60},"branchesTrue":{"total":0,"covered":0,"skipped":0,"pct":100}}
,"C:\\Users\\alex shu\\Desktop\\myThings\\Project\\Uni\\MVP\\microservices\\warehouse\\orders\\src\\app.controller.ts": {"lines":{"total":6,"covered":6,"skipped":0,"pct":100},"functions":{"total":2,"covered":2,"skipped":0,"pct":100},"statements":{"total":8,"covered":8,"skipped":0,"pct":100},"branches":{"total":0,"covered":0,"skipped":0,"pct":100}}
,"C:\\Users\\alex shu\\Desktop\\myThings\\Project\\Uni\\MVP\\microservices\\warehouse\\orders\\src\\app.module.ts": {"lines":{"total":4,"covered":0,"skipped":0,"pct":0},"functions":{"total":0,"covered":0,"skipped":0,"pct":100},"statements":{"total":6,"covered":0,"skipped":0,"pct":0},"branches":{"total":0,"covered":0,"skipped":0,"pct":100}}
,"C:\\Users\\alex shu\\Desktop\\myThings\\Project\\Uni\\MVP\\microservices\\warehouse\\orders\\src\\app.service.ts": {"lines":{"total":3,"covered":3,"skipped":0,"pct":100},"functions":{"total":1,"covered":1,"skipped":0,"pct":100},"statements":{"total":5,"covered":5,"skipped":0,"pct":100},"branches":{"total":0,"covered":0,"skipped":0,"pct":100}}
,"C:\\Users\\alex shu\\Desktop\\myThings\\Project\\Uni\\MVP\\microservices\\warehouse\\orders\\src\\main.ts": {"lines":{"total":5,"covered":0,"skipped":0,"pct":0},"functions":{"total":1,"covered":0,"skipped":0,"pct":0},"statements":{"total":5,"covered":0,"skipped":0,"pct":0},"branches":{"total":2,"covered":0,"skipped":0,"pct":0}}
,"C:\\Users\\alex shu\\Desktop\\myThings\\Project\\Uni\\MVP\\microservices\\warehouse\\orders\\src\\application\\orders.module.ts": {"lines":{"total":5,"covered":0,"skipped":0,"pct":0},"functions":{"total":0,"covered":0,"skipped":0,"pct":100},"statements":{"total":7,"covered":0,"skipped":0,"pct":0},"branches":{"total":0,"covered":0,"skipped":0,"pct":100}}
,"C:\\Users\\alex shu\\Desktop\\myThings\\Project\\Uni\\MVP\\microservices\\warehouse\\orders\\src\\application\\orders.service.ts": {"lines":{"total":8,"covered":8,"skipped":0,"pct":100},"functions":{"total":13,"covered":2,"skipped":0,"pct":15.38},"statements":{"total":10,"covered":10,"skipped":0,"pct":100},"branches":{"total":1,"covered":1,"skipped":0,"pct":100}}
,"C:\\Users\\alex shu\\Desktop\\myThings\\Project\\Uni\\MVP\\microservices\\warehouse\\orders\\src\\domain\\internalOrder.entity.ts": {"lines":{"total":6,"covered":2,"skipped":0,"pct":33.33},"functions":{"total":3,"covered":0,"skipped":0,"pct":0},"statements":{"total":6,"covered":2,"skipped":0,"pct":33.33},"branches":{"total":0,"covered":0,"skipped":0,"pct":100}}
,"C:\\Users\\alex shu\\Desktop\\myThings\\Project\\Uni\\MVP\\microservices\\warehouse\\orders\\src\\domain\\itemId.entity.ts": {"lines":{"total":3,"covered":3,"skipped":0,"pct":100},"functions":{"total":2,"covered":2,"skipped":0,"pct":100},"statements":{"total":3,"covered":3,"skipped":0,"pct":100},"branches":{"total":0,"covered":0,"skipped":0,"pct":100}}
,"C:\\Users\\alex shu\\Desktop\\myThings\\Project\\Uni\\MVP\\microservices\\warehouse\\orders\\src\\domain\\order.entity.ts": {"lines":{"total":15,"covered":10,"skipped":0,"pct":66.66},"functions":{"total":10,"covered":5,"skipped":0,"pct":50},"statements":{"total":15,"covered":10,"skipped":0,"pct":66.66},"branches":{"total":0,"covered":0,"skipped":0,"pct":100}}
,"C:\\Users\\alex shu\\Desktop\\myThings\\Project\\Uni\\MVP\\microservices\\warehouse\\orders\\src\\domain\\orderId.entity.ts": {"lines":{"total":5,"covered":5,"skipped":0,"pct":100},"functions":{"total":3,"covered":3,"skipped":0,"pct":100},"statements":{"total":5,"covered":5,"skipped":0,"pct":100},"branches":{"total":0,"covered":0,"skipped":0,"pct":100}}
,"C:\\Users\\alex shu\\Desktop\\myThings\\Project\\Uni\\MVP\\microservices\\warehouse\\orders\\src\\domain\\orderItem.entity.ts": {"lines":{"total":6,"covered":5,"skipped":0,"pct":83.33},"functions":{"total":4,"covered":3,"skipped":0,"pct":75},"statements":{"total":6,"covered":5,"skipped":0,"pct":83.33},"branches":{"total":0,"covered":0,"skipped":0,"pct":100}}
,"C:\\Users\\alex shu\\Desktop\\myThings\\Project\\Uni\\MVP\\microservices\\warehouse\\orders\\src\\domain\\orderItemDetail.entity.ts": {"lines":{"total":9,"covered":9,"skipped":0,"pct":100},"functions":{"total":6,"covered":6,"skipped":0,"pct":100},"statements":{"total":9,"covered":9,"skipped":0,"pct":100},"branches":{"total":0,"covered":0,"skipped":0,"pct":100}}
,"C:\\Users\\alex shu\\Desktop\\myThings\\Project\\Uni\\MVP\\microservices\\warehouse\\orders\\src\\domain\\orderState.enum.ts": {"lines":{"total":6,"covered":6,"skipped":0,"pct":100},"functions":{"total":1,"covered":1,"skipped":0,"pct":100},"statements":{"total":6,"covered":6,"skipped":0,"pct":100},"branches":{"total":2,"covered":2,"skipped":0,"pct":100}}
,"C:\\Users\\alex shu\\Desktop\\myThings\\Project\\Uni\\MVP\\microservices\\warehouse\\orders\\src\\domain\\orders.entity.ts": {"lines":{"total":7,"covered":0,"skipped":0,"pct":0},"functions":{"total":5,"covered":0,"skipped":0,"pct":0},"statements":{"total":7,"covered":0,"skipped":0,"pct":0},"branches":{"total":0,"covered":0,"skipped":0,"pct":100}}
,"C:\\Users\\alex shu\\Desktop\\myThings\\Project\\Uni\\MVP\\microservices\\warehouse\\orders\\src\\domain\\orders.repository.ts": {"lines":{"total":1,"covered":0,"skipped":0,"pct":0},"functions":{"total":0,"covered":0,"skipped":0,"pct":100},"statements":{"total":1,"covered":0,"skipped":0,"pct":0},"branches":{"total":0,"covered":0,"skipped":0,"pct":100}}
,"C:\\Users\\alex shu\\Desktop\\myThings\\Project\\Uni\\MVP\\microservices\\warehouse\\orders\\src\\domain\\sellOrder.entity.ts": {"lines":{"total":6,"covered":0,"skipped":0,"pct":0},"functions":{"total":3,"covered":0,"skipped":0,"pct":0},"statements":{"total":6,"covered":0,"skipped":0,"pct":0},"branches":{"total":0,"covered":0,"skipped":0,"pct":100}}
,"C:\\Users\\alex shu\\Desktop\\myThings\\Project\\Uni\\MVP\\microservices\\warehouse\\orders\\src\\infrastructure\\adapters\\mongodb\\orders.repository.impl.ts": {"lines":{"total":6,"covered":5,"skipped":0,"pct":83.33},"functions":{"total":1,"covered":0,"skipped":0,"pct":0},"statements":{"total":8,"covered":7,"skipped":0,"pct":87.5},"branches":{"total":0,"covered":0,"skipped":0,"pct":100}}
,"C:\\Users\\alex shu\\Desktop\\myThings\\Project\\Uni\\MVP\\microservices\\warehouse\\orders\\src\\infrastructure\\adapters\\mongodb\\orders.repository.module.ts": {"lines":{"total":3,"covered":0,"skipped":0,"pct":0},"functions":{"total":0,"covered":0,"skipped":0,"pct":100},"statements":{"total":5,"covered":0,"skipped":0,"pct":0},"branches":{"total":0,"covered":0,"skipped":0,"pct":100}}
,"C:\\Users\\alex shu\\Desktop\\myThings\\Project\\Uni\\MVP\\microservices\\warehouse\\orders\\test\\app.e2e-spec.ts": {"lines":{"total":10,"covered":0,"skipped":0,"pct":0},"functions":{"total":3,"covered":0,"skipped":0,"pct":0},"statements":{"total":10,"covered":0,"skipped":0,"pct":0},"branches":{"total":0,"covered":0,"skipped":0,"pct":100}}
}
