{"/mnt/c/Users/nicho/Documents/GitHub/CodeAlchemists/MVP/microservices/centralized/state_aggregate/src/main.ts": {"path":"/mnt/c/Users/nicho/Documents/GitHub/CodeAlchemists/MVP/microservices/centralized/state_aggregate/src/main.ts","statementMap":{"0":{"start":{"line":15,"column":4},"end":{"line":15,"column":11}},"1":{"start":{"line":1,"column":4},"end":{"line":1,"column":79}},"2":{"start":{"line":2,"column":4},"end":{"line":2,"column":47}},"3":{"start":{"line":3,"column":4},"end":{"line":3,"column":75}},"4":{"start":{"line":4,"column":4},"end":{"line":4,"column":44}},"5":{"start":{"line":6,"column":4},"end":{"line":6,"column":52}},"6":{"start":{"line":7,"column":4},"end":{"line":7,"column":57}},"7":{"start":{"line":10,"column":4},"end":{"line":10,"column":119}},"8":{"start":{"line":11,"column":4},"end":{"line":11,"column":121}},"9":{"start":{"line":13,"column":19},"end":{"line":13,"column":31}},"10":{"start":{"line":16,"column":16},"end":{"line":24,"column":6}},"11":{"start":{"line":25,"column":4},"end":{"line":25,"column":103}},"12":{"start":{"line":25,"column":74},"end":{"line":25,"column":98}},"13":{"start":{"line":26,"column":4},"end":{"line":26,"column":23}},"14":{"start":{"line":29,"column":4},"end":{"line":29,"column":16}}},"fnMap":{"0":{"name":"bootstrap","decl":{"start":{"line":15,"column":26},"end":{"line":15,"column":35}},"loc":{"start":{"line":15,"column":35},"end":{"line":27,"column":5}}},"1":{"name":"(anonymous_1)","decl":{"start":{"line":25,"column":62},"end":{"line":25,"column":63}},"loc":{"start":{"line":25,"column":74},"end":{"line":25,"column":98}}}},"branchMap":{},"s":{"0":1,"1":1,"2":1,"3":1,"4":1,"5":1,"6":1,"7":1,"8":1,"9":1,"10":2,"11":2,"12":0,"13":2,"14":1},"f":{"0":2,"1":0},"b":{}}
,"/mnt/c/Users/nicho/Documents/GitHub/CodeAlchemists/MVP/microservices/centralized/state_aggregate/src/application/stateAggregate.module.ts": {"path":"/mnt/c/Users/nicho/Documents/GitHub/CodeAlchemists/MVP/microservices/centralized/state_aggregate/src/application/stateAggregate.module.ts","statementMap":{"0":{"start":{"line":1,"column":0},"end":{"line":1,"column":40}},"1":{"start":{"line":2,"column":0},"end":{"line":2,"column":83}},"2":{"start":{"line":3,"column":0},"end":{"line":3,"column":65}},"3":{"start":{"line":4,"column":0},"end":{"line":4,"column":62}},"4":{"start":{"line":5,"column":0},"end":{"line":5,"column":50}},"5":{"start":{"line":6,"column":0},"end":{"line":6,"column":108}},"6":{"start":{"line":7,"column":0},"end":{"line":7,"column":69}},"7":{"start":{"line":8,"column":0},"end":{"line":8,"column":111}},"8":{"start":{"line":9,"column":0},"end":{"line":9,"column":67}},"9":{"start":{"line":10,"column":0},"end":{"line":10,"column":95}},"10":{"start":{"line":34,"column":7},"end":{"line":34,"column":null}},"11":{"start":{"line":34,"column":13},"end":{"line":34,"column":33}},"12":{"start":{"line":34,"column":13},"end":{"line":34,"column":null}},"13":{"start":{"line":25,"column":56},"end":{"line":25,"column":99}}},"fnMap":{"0":{"name":"(anonymous_1)","decl":{"start":{"line":25,"column":18},"end":{"line":25,"column":19}},"loc":{"start":{"line":25,"column":56},"end":{"line":25,"column":99}}}},"branchMap":{"0":{"loc":{"start":{"line":15,"column":27},"end":{"line":15,"column":105}},"type":"binary-expr","locations":[{"start":{"line":15,"column":27},"end":{"line":15,"column":47}},{"start":{"line":15,"column":51},"end":{"line":15,"column":105}}]}},"s":{"0":1,"1":1,"2":1,"3":1,"4":1,"5":1,"6":1,"7":1,"8":1,"9":1,"10":1,"11":1,"12":1,"13":0},"f":{"0":0},"b":{"0":[1,1]}}
,"/mnt/c/Users/nicho/Documents/GitHub/CodeAlchemists/MVP/microservices/centralized/state_aggregate/src/application/stateAggregate.service.ts": {"path":"/mnt/c/Users/nicho/Documents/GitHub/CodeAlchemists/MVP/microservices/centralized/state_aggregate/src/application/stateAggregate.service.ts","statementMap":{"0":{"start":{"line":1,"column":0},"end":{"line":1,"column":66}},"1":{"start":{"line":3,"column":0},"end":{"line":3,"column":65}},"2":{"start":{"line":4,"column":0},"end":{"line":4,"column":75}},"3":{"start":{"line":5,"column":0},"end":{"line":5,"column":71}},"4":{"start":{"line":6,"column":0},"end":{"line":6,"column":93}},"5":{"start":{"line":7,"column":0},"end":{"line":7,"column":44}},"6":{"start":{"line":10,"column":7},"end":{"line":97,"column":null}},"7":{"start":{"line":13,"column":21},"end":{"line":13,"column":43}},"8":{"start":{"line":14,"column":21},"end":{"line":14,"column":45}},"9":{"start":{"line":19,"column":4},"end":{"line":19,"column":39}},"10":{"start":{"line":23,"column":86},"end":{"line":23,"column":88}},"11":{"start":{"line":26,"column":2},"end":{"line":26,"column":41}},"12":{"start":{"line":31,"column":2},"end":{"line":31,"column":57}},"13":{"start":{"line":31,"column":40},"end":{"line":31,"column":55}},"14":{"start":{"line":32,"column":2},"end":{"line":32,"column":31}},"15":{"start":{"line":33,"column":2},"end":{"line":33,"column":89}},"16":{"start":{"line":38,"column":24},"end":{"line":38,"column":76}},"17":{"start":{"line":39,"column":2},"end":{"line":41,"column":3}},"18":{"start":{"line":40,"column":4},"end":{"line":40,"column":43}},"19":{"start":{"line":45,"column":2},"end":{"line":45,"column":102}},"20":{"start":{"line":47,"column":21},"end":{"line":47,"column":26}},"21":{"start":{"line":48,"column":2},"end":{"line":77,"column":5}},"22":{"start":{"line":49,"column":19},"end":{"line":49,"column":24}},"23":{"start":{"line":51,"column":23},"end":{"line":67,"column":5}},"24":{"start":{"line":52,"column":6},"end":{"line":66,"column":7}},"25":{"start":{"line":53,"column":8},"end":{"line":53,"column":24}},"26":{"start":{"line":54,"column":25},"end":{"line":54,"column":55}},"27":{"start":{"line":57,"column":29},"end":{"line":57,"column":82}},"28":{"start":{"line":60,"column":8},"end":{"line":63,"column":9}},"29":{"start":{"line":61,"column":10},"end":{"line":61,"column":102}},"30":{"start":{"line":62,"column":10},"end":{"line":62,"column":99}},"31":{"start":{"line":65,"column":8},"end":{"line":65,"column":26}},"32":{"start":{"line":69,"column":4},"end":{"line":69,"column":41}},"33":{"start":{"line":71,"column":4},"end":{"line":76,"column":19}},"34":{"start":{"line":72,"column":6},"end":{"line":75,"column":7}},"35":{"start":{"line":73,"column":8},"end":{"line":73,"column":24}},"36":{"start":{"line":74,"column":8},"end":{"line":74,"column":27}},"37":{"start":{"line":81,"column":4},"end":{"line":81,"column":52}},"38":{"start":{"line":82,"column":4},"end":{"line":82,"column":70}},"39":{"start":{"line":86,"column":4},"end":{"line":86,"column":100}},"40":{"start":{"line":87,"column":4},"end":{"line":87,"column":76}},"41":{"start":{"line":91,"column":4},"end":{"line":91,"column":52}},"42":{"start":{"line":95,"column":2},"end":{"line":95,"column":50}},"43":{"start":{"line":10,"column":13},"end":{"line":10,"column":34}},"44":{"start":{"line":37,"column":6},"end":{"line":42,"column":null}},"45":{"start":{"line":10,"column":13},"end":{"line":97,"column":null}}},"fnMap":{"0":{"name":"(anonymous_4)","decl":{"start":{"line":11,"column":2},"end":{"line":11,"column":null}},"loc":{"start":{"line":14,"column":67},"end":{"line":15,"column":6}}},"1":{"name":"(anonymous_5)","decl":{"start":{"line":17,"column":2},"end":{"line":17,"column":14}},"loc":{"start":{"line":17,"column":14},"end":{"line":20,"column":3}}},"2":{"name":"(anonymous_6)","decl":{"start":{"line":25,"column":7},"end":{"line":25,"column":26}},"loc":{"start":{"line":25,"column":85},"end":{"line":27,"column":1}}},"3":{"name":"(anonymous_7)","decl":{"start":{"line":30,"column":7},"end":{"line":30,"column":12}},"loc":{"start":{"line":30,"column":75},"end":{"line":34,"column":1}}},"4":{"name":"(anonymous_8)","decl":{"start":{"line":31,"column":34},"end":{"line":31,"column":36}},"loc":{"start":{"line":31,"column":40},"end":{"line":31,"column":55}}},"5":{"name":"(anonymous_9)","decl":{"start":{"line":37,"column":6},"end":{"line":37,"column":33}},"loc":{"start":{"line":37,"column":33},"end":{"line":42,"column":1}}},"6":{"name":"(anonymous_10)","decl":{"start":{"line":44,"column":0},"end":{"line":44,"column":5}},"loc":{"start":{"line":44,"column":50},"end":{"line":78,"column":1}}},"7":{"name":"(anonymous_11)","decl":{"start":{"line":48,"column":43},"end":{"line":48,"column":44}},"loc":{"start":{"line":48,"column":55},"end":{"line":77,"column":3}}},"8":{"name":"(anonymous_12)","decl":{"start":{"line":51,"column":23},"end":{"line":51,"column":28}},"loc":{"start":{"line":51,"column":72},"end":{"line":67,"column":5}}},"9":{"name":"(anonymous_13)","decl":{"start":{"line":71,"column":15},"end":{"line":71,"column":18}},"loc":{"start":{"line":71,"column":20},"end":{"line":76,"column":5}}},"10":{"name":"(anonymous_14)","decl":{"start":{"line":80,"column":2},"end":{"line":80,"column":7}},"loc":{"start":{"line":80,"column":51},"end":{"line":83,"column":3}}},"11":{"name":"(anonymous_15)","decl":{"start":{"line":85,"column":2},"end":{"line":85,"column":7}},"loc":{"start":{"line":85,"column":60},"end":{"line":88,"column":3}}},"12":{"name":"(anonymous_16)","decl":{"start":{"line":90,"column":9},"end":{"line":90,"column":27}},"loc":{"start":{"line":90,"column":54},"end":{"line":92,"column":3}}},"13":{"name":"(anonymous_17)","decl":{"start":{"line":94,"column":9},"end":{"line":94,"column":21}},"loc":{"start":{"line":94,"column":48},"end":{"line":96,"column":1}}}},"branchMap":{"0":{"loc":{"start":{"line":52,"column":6},"end":{"line":66,"column":7}},"type":"if","locations":[{"start":{"line":52,"column":6},"end":{"line":66,"column":7}},{"start":{},"end":{}}]},"1":{"loc":{"start":{"line":52,"column":10},"end":{"line":52,"column":45}},"type":"binary-expr","locations":[{"start":{"line":52,"column":10},"end":{"line":52,"column":32}},{"start":{"line":52,"column":36},"end":{"line":52,"column":45}}]},"2":{"loc":{"start":{"line":54,"column":25},"end":{"line":54,"column":55}},"type":"cond-expr","locations":[{"start":{"line":54,"column":35},"end":{"line":54,"column":43}},{"start":{"line":54,"column":46},"end":{"line":54,"column":55}}]},"3":{"loc":{"start":{"line":60,"column":8},"end":{"line":63,"column":9}},"type":"if","locations":[{"start":{"line":60,"column":8},"end":{"line":63,"column":9}},{"start":{},"end":{}}]},"4":{"loc":{"start":{"line":60,"column":12},"end":{"line":60,"column":65}},"type":"binary-expr","locations":[{"start":{"line":60,"column":12},"end":{"line":60,"column":25}},{"start":{"line":60,"column":29},"end":{"line":60,"column":65}}]},"5":{"loc":{"start":{"line":72,"column":6},"end":{"line":75,"column":7}},"type":"if","locations":[{"start":{"line":72,"column":6},"end":{"line":75,"column":7}},{"start":{},"end":{}}]},"6":{"loc":{"start":{"line":13,"column":43},"end":{"line":13,"column":null}},"type":"cond-expr","locations":[{"start":{"line":13,"column":63},"end":{"line":13,"column":null}},{"start":{"line":13,"column":63},"end":{"line":13,"column":null}}]},"7":{"loc":{"start":{"line":13,"column":43},"end":{"line":13,"column":63}},"type":"binary-expr","locations":[{"start":{"line":13,"column":43},"end":{"line":13,"column":null}},{"start":{"line":13,"column":43},"end":{"line":13,"column":63}}]},"8":{"loc":{"start":{"line":13,"column":63},"end":{"line":14,"column":null}},"type":"cond-expr","locations":[{"start":{"line":14,"column":67},"end":{"line":14,"column":null}},{"start":{"line":14,"column":67},"end":{"line":14,"column":null}}]},"9":{"loc":{"start":{"line":13,"column":63},"end":{"line":14,"column":67}},"type":"binary-expr","locations":[{"start":{"line":13,"column":63},"end":{"line":14,"column":null}},{"start":{"line":14,"column":45},"end":{"line":14,"column":67}}]}},"s":{"0":4,"1":4,"2":4,"3":4,"4":4,"5":4,"6":4,"7":7,"8":7,"9":0,"10":7,"11":4,"12":2,"13":3,"14":2,"15":2,"16":1,"17":1,"18":2,"19":2,"20":2,"21":2,"22":2,"23":2,"24":1,"25":1,"26":1,"27":1,"28":1,"29":1,"30":1,"31":1,"32":2,"33":2,"34":1,"35":1,"36":1,"37":2,"38":2,"39":2,"40":2,"41":0,"42":0,"43":4,"44":4,"45":4},"f":{"0":7,"1":0,"2":4,"3":2,"4":3,"5":1,"6":2,"7":2,"8":1,"9":1,"10":2,"11":2,"12":0,"13":0},"b":{"0":[1,0],"1":[1,1],"2":[1,0],"3":[1,0],"4":[1,1],"5":[1,0],"6":[0,4],"7":[4,4],"8":[4,0],"9":[4,4]}}
,"/mnt/c/Users/nicho/Documents/GitHub/CodeAlchemists/MVP/microservices/centralized/state_aggregate/src/domain/cloudHeartbeat.entity.ts": {"path":"/mnt/c/Users/nicho/Documents/GitHub/CodeAlchemists/MVP/microservices/centralized/state_aggregate/src/domain/cloudHeartbeat.entity.ts","statementMap":{"0":{"start":{"line":5,"column":16},"end":{"line":5,"column":45}},"1":{"start":{"line":6,"column":16},"end":{"line":6,"column":36}},"2":{"start":{"line":7,"column":16},"end":{"line":7,"column":31}},"3":{"start":{"line":12,"column":8},"end":{"line":12,"column":32}},"4":{"start":{"line":16,"column":8},"end":{"line":16,"column":33}},"5":{"start":{"line":20,"column":8},"end":{"line":20,"column":30}},"6":{"start":{"line":3,"column":0},"end":{"line":3,"column":13}}},"fnMap":{"0":{"name":"(anonymous_0)","decl":{"start":{"line":4,"column":4},"end":{"line":4,"column":null}},"loc":{"start":{"line":7,"column":31},"end":{"line":9,"column":5}}},"1":{"name":"(anonymous_1)","decl":{"start":{"line":11,"column":4},"end":{"line":11,"column":9}},"loc":{"start":{"line":11,"column":9},"end":{"line":13,"column":5}}},"2":{"name":"(anonymous_2)","decl":{"start":{"line":15,"column":4},"end":{"line":15,"column":19}},"loc":{"start":{"line":15,"column":19},"end":{"line":17,"column":5}}},"3":{"name":"(anonymous_3)","decl":{"start":{"line":19,"column":4},"end":{"line":19,"column":16}},"loc":{"start":{"line":19,"column":16},"end":{"line":21,"column":5}}}},"branchMap":{},"s":{"0":8,"1":8,"2":8,"3":6,"4":6,"5":3,"6":6},"f":{"0":8,"1":6,"2":6,"3":3},"b":{}}
,"/mnt/c/Users/nicho/Documents/GitHub/CodeAlchemists/MVP/microservices/centralized/state_aggregate/src/domain/cloudState.repository.ts": {"path":"/mnt/c/Users/nicho/Documents/GitHub/CodeAlchemists/MVP/microservices/centralized/state_aggregate/src/domain/cloudState.repository.ts","statementMap":{"0":{"start":{"line":10,"column":13},"end":{"line":10,"column":67}}},"fnMap":{},"branchMap":{},"s":{"0":4},"f":{},"b":{}}
,"/mnt/c/Users/nicho/Documents/GitHub/CodeAlchemists/MVP/microservices/centralized/state_aggregate/src/domain/cloudWarehouseId.entity.ts": {"path":"/mnt/c/Users/nicho/Documents/GitHub/CodeAlchemists/MVP/microservices/centralized/state_aggregate/src/domain/cloudWarehouseId.entity.ts","statementMap":{"0":{"start":{"line":3,"column":16},"end":{"line":3,"column":35}},"1":{"start":{"line":8,"column":8},"end":{"line":8,"column":32}},"2":{"start":{"line":13,"column":4},"end":{"line":13,"column":50}},"3":{"start":{"line":1,"column":0},"end":{"line":1,"column":13}}},"fnMap":{"0":{"name":"(anonymous_0)","decl":{"start":{"line":2,"column":4},"end":{"line":2,"column":null}},"loc":{"start":{"line":3,"column":35},"end":{"line":5,"column":5}}},"1":{"name":"(anonymous_1)","decl":{"start":{"line":7,"column":4},"end":{"line":7,"column":9}},"loc":{"start":{"line":7,"column":9},"end":{"line":9,"column":5}}},"2":{"name":"(anonymous_2)","decl":{"start":{"line":11,"column":4},"end":{"line":11,"column":10}},"loc":{"start":{"line":11,"column":34},"end":{"line":14,"column":3}}}},"branchMap":{},"s":{"0":39,"1":26,"2":1,"3":6},"f":{"0":39,"1":26,"2":1},"b":{}}
,"/mnt/c/Users/nicho/Documents/GitHub/CodeAlchemists/MVP/microservices/centralized/state_aggregate/src/domain/cloudWarehouseState.entity.ts": {"path":"/mnt/c/Users/nicho/Documents/GitHub/CodeAlchemists/MVP/microservices/centralized/state_aggregate/src/domain/cloudWarehouseState.entity.ts","statementMap":{"0":{"start":{"line":5,"column":16},"end":{"line":5,"column":45}},"1":{"start":{"line":6,"column":16},"end":{"line":6,"column":29}},"2":{"start":{"line":11,"column":8},"end":{"line":11,"column":32}},"3":{"start":{"line":15,"column":8},"end":{"line":15,"column":26}},"4":{"start":{"line":3,"column":0},"end":{"line":3,"column":13}}},"fnMap":{"0":{"name":"(anonymous_0)","decl":{"start":{"line":4,"column":4},"end":{"line":4,"column":null}},"loc":{"start":{"line":6,"column":29},"end":{"line":8,"column":5}}},"1":{"name":"(anonymous_1)","decl":{"start":{"line":10,"column":4},"end":{"line":10,"column":9}},"loc":{"start":{"line":10,"column":9},"end":{"line":12,"column":5}}},"2":{"name":"(anonymous_2)","decl":{"start":{"line":14,"column":4},"end":{"line":14,"column":12}},"loc":{"start":{"line":14,"column":12},"end":{"line":16,"column":5}}}},"branchMap":{},"s":{"0":21,"1":21,"2":10,"3":16,"4":6},"f":{"0":21,"1":10,"2":16},"b":{}}
,"/mnt/c/Users/nicho/Documents/GitHub/CodeAlchemists/MVP/microservices/centralized/state_aggregate/src/infrastructure/adapters/cloudState.event.adapter.ts": {"path":"/mnt/c/Users/nicho/Documents/GitHub/CodeAlchemists/MVP/microservices/centralized/state_aggregate/src/infrastructure/adapters/cloudState.event.adapter.ts","statementMap":{"0":{"start":{"line":4,"column":0},"end":{"line":4,"column":58}},"1":{"start":{"line":18,"column":33},"end":{"line":18,"column":65}},"2":{"start":{"line":21,"column":39},"end":{"line":21,"column":80}},"3":{"start":{"line":22,"column":8},"end":{"line":22,"column":51}},"4":{"start":{"line":26,"column":44},"end":{"line":26,"column":86}},"5":{"start":{"line":27,"column":8},"end":{"line":27,"column":47}},"6":{"start":{"line":30,"column":44},"end":{"line":30,"column":86}},"7":{"start":{"line":31,"column":8},"end":{"line":31,"column":47}},"8":{"start":{"line":17,"column":0},"end":{"line":17,"column":13}}},"fnMap":{"0":{"name":"(anonymous_0)","decl":{"start":{"line":18,"column":4},"end":{"line":18,"column":33}},"loc":{"start":{"line":18,"column":65},"end":{"line":18,"column":69}}},"1":{"name":"(anonymous_1)","decl":{"start":{"line":20,"column":4},"end":{"line":20,"column":20}},"loc":{"start":{"line":20,"column":46},"end":{"line":23,"column":5}}},"2":{"name":"(anonymous_2)","decl":{"start":{"line":25,"column":4},"end":{"line":25,"column":16}},"loc":{"start":{"line":25,"column":43},"end":{"line":28,"column":5}}},"3":{"name":"(anonymous_3)","decl":{"start":{"line":29,"column":4},"end":{"line":29,"column":16}},"loc":{"start":{"line":29,"column":43},"end":{"line":32,"column":5}}}},"branchMap":{},"s":{"0":5,"1":4,"2":1,"3":1,"4":1,"5":1,"6":1,"7":1,"8":5},"f":{"0":4,"1":1,"2":1,"3":1},"b":{}}
,"/mnt/c/Users/nicho/Documents/GitHub/CodeAlchemists/MVP/microservices/centralized/state_aggregate/src/infrastructure/adapters/mongodb/cloudState.repository.impl.ts": {"path":"/mnt/c/Users/nicho/Documents/GitHub/CodeAlchemists/MVP/microservices/centralized/state_aggregate/src/infrastructure/adapters/mongodb/cloudState.repository.impl.ts","statementMap":{"0":{"start":{"line":1,"column":0},"end":{"line":1,"column":44}},"1":{"start":{"line":2,"column":0},"end":{"line":2,"column":47}},"2":{"start":{"line":4,"column":0},"end":{"line":4,"column":75}},"3":{"start":{"line":5,"column":0},"end":{"line":5,"column":81}},"4":{"start":{"line":10,"column":7},"end":{"line":35,"column":null}},"5":{"start":{"line":13,"column":25},"end":{"line":13,"column":57}},"6":{"start":{"line":17,"column":23},"end":{"line":17,"column":112}},"7":{"start":{"line":19,"column":8},"end":{"line":19,"column":87}},"8":{"start":{"line":23,"column":23},"end":{"line":27,"column":16}},"9":{"start":{"line":28,"column":8},"end":{"line":28,"column":35}},"10":{"start":{"line":32,"column":24},"end":{"line":32,"column":86}},"11":{"start":{"line":33,"column":8},"end":{"line":33,"column":78}},"12":{"start":{"line":33,"column":34},"end":{"line":33,"column":76}},"13":{"start":{"line":10,"column":13},"end":{"line":10,"column":38}},"14":{"start":{"line":10,"column":13},"end":{"line":35,"column":null}}},"fnMap":{"0":{"name":"(anonymous_4)","decl":{"start":{"line":11,"column":4},"end":{"line":11,"column":null}},"loc":{"start":{"line":13,"column":57},"end":{"line":14,"column":8}}},"1":{"name":"(anonymous_5)","decl":{"start":{"line":16,"column":4},"end":{"line":16,"column":9}},"loc":{"start":{"line":16,"column":53},"end":{"line":20,"column":5}}},"2":{"name":"(anonymous_6)","decl":{"start":{"line":22,"column":4},"end":{"line":22,"column":9}},"loc":{"start":{"line":22,"column":62},"end":{"line":29,"column":5}}},"3":{"name":"(anonymous_7)","decl":{"start":{"line":31,"column":4},"end":{"line":31,"column":9}},"loc":{"start":{"line":31,"column":28},"end":{"line":34,"column":5}}},"4":{"name":"(anonymous_8)","decl":{"start":{"line":33,"column":27},"end":{"line":33,"column":30}},"loc":{"start":{"line":33,"column":34},"end":{"line":33,"column":76}}}},"branchMap":{"0":{"loc":{"start":{"line":19,"column":15},"end":{"line":19,"column":86}},"type":"cond-expr","locations":[{"start":{"line":19,"column":24},"end":{"line":19,"column":79}},{"start":{"line":19,"column":82},"end":{"line":19,"column":86}}]}},"s":{"0":2,"1":2,"2":2,"3":2,"4":2,"5":5,"6":2,"7":2,"8":2,"9":2,"10":1,"11":1,"12":2,"13":2,"14":2},"f":{"0":5,"1":2,"2":2,"3":1,"4":2},"b":{"0":[1,1]}}
,"/mnt/c/Users/nicho/Documents/GitHub/CodeAlchemists/MVP/microservices/centralized/state_aggregate/src/infrastructure/adapters/mongodb/cloudState.repository.module.ts": {"path":"/mnt/c/Users/nicho/Documents/GitHub/CodeAlchemists/MVP/microservices/centralized/state_aggregate/src/infrastructure/adapters/mongodb/cloudState.repository.module.ts","statementMap":{"0":{"start":{"line":1,"column":0},"end":{"line":1,"column":40}},"1":{"start":{"line":2,"column":0},"end":{"line":2,"column":50}},"2":{"start":{"line":3,"column":0},"end":{"line":3,"column":73}},"3":{"start":{"line":4,"column":0},"end":{"line":4,"column":63}},"4":{"start":{"line":21,"column":7},"end":{"line":21,"column":null}},"5":{"start":{"line":21,"column":13},"end":{"line":21,"column":39}},"6":{"start":{"line":21,"column":13},"end":{"line":21,"column":null}}},"fnMap":{},"branchMap":{},"s":{"0":1,"1":1,"2":1,"3":1,"4":1,"5":1,"6":1},"f":{},"b":{}}
,"/mnt/c/Users/nicho/Documents/GitHub/CodeAlchemists/MVP/microservices/centralized/state_aggregate/src/infrastructure/adapters/mongodb/schemas/cloudState.schema.ts": {"path":"/mnt/c/Users/nicho/Documents/GitHub/CodeAlchemists/MVP/microservices/centralized/state_aggregate/src/infrastructure/adapters/mongodb/schemas/cloudState.schema.ts","statementMap":{"0":{"start":{"line":1,"column":0},"end":{"line":1,"column":63}},"1":{"start":{"line":7,"column":7},"end":{"line":13,"column":null}},"2":{"start":{"line":7,"column":13},"end":{"line":7,"column":23}},"3":{"start":{"line":9,"column":4},"end":{"line":9,"column":null}},"4":{"start":{"line":12,"column":4},"end":{"line":12,"column":null}},"5":{"start":{"line":7,"column":13},"end":{"line":13,"column":null}},"6":{"start":{"line":15,"column":13},"end":{"line":15,"column":73}}},"fnMap":{},"branchMap":{},"s":{"0":1,"1":1,"2":1,"3":1,"4":1,"5":1,"6":1},"f":{},"b":{}}
,"/mnt/c/Users/nicho/Documents/GitHub/CodeAlchemists/MVP/microservices/centralized/state_aggregate/src/interfaces/access.controller.ts": {"path":"/mnt/c/Users/nicho/Documents/GitHub/CodeAlchemists/MVP/microservices/centralized/state_aggregate/src/interfaces/access.controller.ts","statementMap":{"0":{"start":{"line":1,"column":0},"end":{"line":1,"column":50}},"1":{"start":{"line":2,"column":0},"end":{"line":2,"column":55}},"2":{"start":{"line":6,"column":7},"end":{"line":12,"column":null}},"3":{"start":{"line":10,"column":8},"end":{"line":10,"column":null}},"4":{"start":{"line":6,"column":13},"end":{"line":6,"column":29}},"5":{"start":{"line":8,"column":4},"end":{"line":11,"column":null}},"6":{"start":{"line":6,"column":13},"end":{"line":12,"column":null}}},"fnMap":{"0":{"name":"(anonymous_2)","decl":{"start":{"line":8,"column":4},"end":{"line":8,"column":10}},"loc":{"start":{"line":8,"column":10},"end":{"line":11,"column":5}}}},"branchMap":{},"s":{"0":1,"1":1,"2":1,"3":0,"4":1,"5":1,"6":1},"f":{"0":0},"b":{}}
,"/mnt/c/Users/nicho/Documents/GitHub/CodeAlchemists/MVP/microservices/centralized/state_aggregate/src/interfaces/data.mapper.ts": {"path":"/mnt/c/Users/nicho/Documents/GitHub/CodeAlchemists/MVP/microservices/centralized/state_aggregate/src/interfaces/data.mapper.ts","statementMap":{"0":{"start":{"line":5,"column":0},"end":{"line":5,"column":75}},"1":{"start":{"line":6,"column":0},"end":{"line":6,"column":69}},"2":{"start":{"line":7,"column":0},"end":{"line":7,"column":65}},"3":{"start":{"line":10,"column":13},"end":{"line":49,"column":null}},"4":{"start":{"line":12,"column":8},"end":{"line":12,"column":69}},"5":{"start":{"line":16,"column":8},"end":{"line":19,"column":10}},"6":{"start":{"line":23,"column":8},"end":{"line":27,"column":10}},"7":{"start":{"line":31,"column":8},"end":{"line":33,"column":10}},"8":{"start":{"line":37,"column":8},"end":{"line":40,"column":10}},"9":{"start":{"line":43,"column":8},"end":{"line":47,"column":10}}},"fnMap":{"0":{"name":"(anonymous_0)","decl":{"start":{"line":11,"column":4},"end":{"line":11,"column":28}},"loc":{"start":{"line":11,"column":69},"end":{"line":13,"column":5}}},"1":{"name":"(anonymous_1)","decl":{"start":{"line":15,"column":4},"end":{"line":15,"column":31}},"loc":{"start":{"line":15,"column":78},"end":{"line":20,"column":5}}},"2":{"name":"(anonymous_2)","decl":{"start":{"line":22,"column":4},"end":{"line":22,"column":26}},"loc":{"start":{"line":22,"column":63},"end":{"line":28,"column":5}}},"3":{"name":"(anonymous_3)","decl":{"start":{"line":30,"column":4},"end":{"line":30,"column":25}},"loc":{"start":{"line":30,"column":60},"end":{"line":34,"column":5}}},"4":{"name":"(anonymous_4)","decl":{"start":{"line":36,"column":4},"end":{"line":36,"column":28}},"loc":{"start":{"line":36,"column":69},"end":{"line":41,"column":5}}},"5":{"name":"(anonymous_5)","decl":{"start":{"line":42,"column":4},"end":{"line":42,"column":23}},"loc":{"start":{"line":42,"column":54},"end":{"line":48,"column":5}}}},"branchMap":{"0":{"loc":{"start":{"line":26,"column":12},"end":{"line":26,"column":129}},"type":"cond-expr","locations":[{"start":{"line":26,"column":62},"end":{"line":26,"column":99}},{"start":{"line":26,"column":102},"end":{"line":26,"column":129}}]}},"s":{"0":6,"1":6,"2":6,"3":6,"4":4,"5":1,"6":3,"7":1,"8":3,"9":2},"f":{"0":4,"1":1,"2":3,"3":1,"4":3,"5":2},"b":{"0":[0,3]}}
,"/mnt/c/Users/nicho/Documents/GitHub/CodeAlchemists/MVP/microservices/centralized/state_aggregate/src/interfaces/outbound.service.ts": {"path":"/mnt/c/Users/nicho/Documents/GitHub/CodeAlchemists/MVP/microservices/centralized/state_aggregate/src/interfaces/outbound.service.ts","statementMap":{"0":{"start":{"line":1,"column":0},"end":{"line":1,"column":52}},"1":{"start":{"line":5,"column":0},"end":{"line":5,"column":62}},"2":{"start":{"line":10,"column":7},"end":{"line":29,"column":null}},"3":{"start":{"line":13,"column":21},"end":{"line":13,"column":34}},"4":{"start":{"line":17,"column":4},"end":{"line":17,"column":64}},"5":{"start":{"line":21,"column":4},"end":{"line":21,"column":51}},"6":{"start":{"line":25,"column":4},"end":{"line":25,"column":58}},"7":{"start":{"line":10,"column":13},"end":{"line":10,"column":28}},"8":{"start":{"line":10,"column":13},"end":{"line":29,"column":null}}},"fnMap":{"0":{"name":"(anonymous_2)","decl":{"start":{"line":12,"column":2},"end":{"line":12,"column":null}},"loc":{"start":{"line":13,"column":45},"end":{"line":14,"column":6}}},"1":{"name":"(anonymous_3)","decl":{"start":{"line":16,"column":2},"end":{"line":16,"column":18}},"loc":{"start":{"line":16,"column":47},"end":{"line":18,"column":3}}},"2":{"name":"(anonymous_4)","decl":{"start":{"line":20,"column":2},"end":{"line":20,"column":14}},"loc":{"start":{"line":20,"column":44},"end":{"line":22,"column":3}}},"3":{"name":"(anonymous_5)","decl":{"start":{"line":24,"column":2},"end":{"line":24,"column":14}},"loc":{"start":{"line":24,"column":44},"end":{"line":26,"column":3}}}},"branchMap":{"0":{"loc":{"start":{"line":13,"column":34},"end":{"line":13,"column":null}},"type":"cond-expr","locations":[{"start":{"line":13,"column":45},"end":{"line":13,"column":null}},{"start":{"line":13,"column":45},"end":{"line":13,"column":null}}]},"1":{"loc":{"start":{"line":13,"column":34},"end":{"line":13,"column":45}},"type":"binary-expr","locations":[{"start":{"line":13,"column":34},"end":{"line":13,"column":null}},{"start":{"line":13,"column":34},"end":{"line":13,"column":45}}]}},"s":{"0":3,"1":3,"2":3,"3":4,"4":1,"5":1,"6":1,"7":3,"8":3},"f":{"0":4,"1":1,"2":1,"3":1},"b":{"0":[3,0],"1":[3,3]}}
,"/mnt/c/Users/nicho/Documents/GitHub/CodeAlchemists/MVP/microservices/centralized/state_aggregate/src/interfaces/stateAggregate.controller.ts": {"path":"/mnt/c/Users/nicho/Documents/GitHub/CodeAlchemists/MVP/microservices/centralized/state_aggregate/src/interfaces/stateAggregate.controller.ts","statementMap":{"0":{"start":{"line":1,"column":0},"end":{"line":1,"column":54}},"1":{"start":{"line":2,"column":0},"end":{"line":2,"column":78}},"2":{"start":{"line":3,"column":0},"end":{"line":3,"column":69}},"3":{"start":{"line":4,"column":0},"end":{"line":4,"column":78}},"4":{"start":{"line":5,"column":0},"end":{"line":5,"column":75}},"5":{"start":{"line":10,"column":0},"end":{"line":10,"column":61}},"6":{"start":{"line":11,"column":0},"end":{"line":11,"column":43}},"7":{"start":{"line":12,"column":0},"end":{"line":12,"column":65}},"8":{"start":{"line":15,"column":7},"end":{"line":88,"column":null}},"9":{"start":{"line":16,"column":31},"end":{"line":16,"column":54}},"10":{"start":{"line":20,"column":4},"end":{"line":33,"column":3}},"11":{"start":{"line":21,"column":30},"end":{"line":21,"column":72}},"12":{"start":{"line":22,"column":26},"end":{"line":22,"column":79}},"13":{"start":{"line":23,"column":22},"end":{"line":23,"column":68}},"14":{"start":{"line":25,"column":6},"end":{"line":25,"column":92}},"15":{"start":{"line":27,"column":6},"end":{"line":32,"column":10}},"16":{"start":{"line":38,"column":4},"end":{"line":59,"column":5}},"17":{"start":{"line":39,"column":26},"end":{"line":39,"column":64}},"18":{"start":{"line":40,"column":23},"end":{"line":40,"column":36}},"19":{"start":{"line":43,"column":27},"end":{"line":43,"column":81}},"20":{"start":{"line":46,"column":6},"end":{"line":50,"column":7}},"21":{"start":{"line":47,"column":8},"end":{"line":47,"column":101}},"22":{"start":{"line":49,"column":8},"end":{"line":49,"column":102}},"23":{"start":{"line":51,"column":6},"end":{"line":51,"column":89}},"24":{"start":{"line":53,"column":6},"end":{"line":58,"column":10}},"25":{"start":{"line":64,"column":4},"end":{"line":86,"column":5}},"26":{"start":{"line":65,"column":23},"end":{"line":65,"column":71}},"27":{"start":{"line":66,"column":31},"end":{"line":66,"column":69}},"28":{"start":{"line":67,"column":27},"end":{"line":67,"column":86}},"29":{"start":{"line":68,"column":6},"end":{"line":77,"column":7}},"30":{"start":{"line":70,"column":8},"end":{"line":70,"column":62}},"31":{"start":{"line":71,"column":8},"end":{"line":76,"column":12}},"32":{"start":{"line":78,"column":6},"end":{"line":78,"column":99}},"33":{"start":{"line":80,"column":8},"end":{"line":85,"column":12}},"34":{"start":{"line":15,"column":13},"end":{"line":15,"column":37}},"35":{"start":{"line":19,"column":8},"end":{"line":34,"column":null}},"36":{"start":{"line":37,"column":8},"end":{"line":60,"column":null}},"37":{"start":{"line":63,"column":8},"end":{"line":87,"column":null}},"38":{"start":{"line":15,"column":13},"end":{"line":88,"column":null}}},"fnMap":{"0":{"name":"(anonymous_4)","decl":{"start":{"line":16,"column":2},"end":{"line":16,"column":31}},"loc":{"start":{"line":16,"column":75},"end":{"line":16,"column":79}}},"1":{"name":"(anonymous_5)","decl":{"start":{"line":19,"column":8},"end":{"line":19,"column":29}},"loc":{"start":{"line":19,"column":75},"end":{"line":34,"column":1}}},"2":{"name":"(anonymous_6)","decl":{"start":{"line":37,"column":8},"end":{"line":37,"column":19}},"loc":{"start":{"line":37,"column":99},"end":{"line":60,"column":3}}},"3":{"name":"(anonymous_7)","decl":{"start":{"line":63,"column":8},"end":{"line":63,"column":16}},"loc":{"start":{"line":63,"column":68},"end":{"line":87,"column":3}}}},"branchMap":{"0":{"loc":{"start":{"line":46,"column":6},"end":{"line":50,"column":7}},"type":"if","locations":[{"start":{"line":46,"column":6},"end":{"line":50,"column":7}},{"start":{},"end":{}}]},"1":{"loc":{"start":{"line":46,"column":10},"end":{"line":46,"column":63}},"type":"binary-expr","locations":[{"start":{"line":46,"column":10},"end":{"line":46,"column":23}},{"start":{"line":46,"column":27},"end":{"line":46,"column":63}}]},"2":{"loc":{"start":{"line":68,"column":6},"end":{"line":77,"column":7}},"type":"if","locations":[{"start":{"line":68,"column":6},"end":{"line":77,"column":7}},{"start":{},"end":{}}]},"3":{"loc":{"start":{"line":19,"column":58},"end":{"line":19,"column":null}},"type":"cond-expr","locations":[{"start":{"line":19,"column":75},"end":{"line":19,"column":null}},{"start":{"line":19,"column":75},"end":{"line":19,"column":null}}]},"4":{"loc":{"start":{"line":19,"column":58},"end":{"line":19,"column":75}},"type":"binary-expr","locations":[{"start":{"line":19,"column":58},"end":{"line":19,"column":null}},{"start":{"line":19,"column":58},"end":{"line":19,"column":75}}]},"5":{"loc":{"start":{"line":37,"column":102},"end":{"line":37,"column":null}},"type":"cond-expr","locations":[{"start":{"line":37,"column":109},"end":{"line":37,"column":null}},{"start":{"line":37,"column":109},"end":{"line":37,"column":null}}]},"6":{"loc":{"start":{"line":37,"column":102},"end":{"line":37,"column":109}},"type":"binary-expr","locations":[{"start":{"line":37,"column":102},"end":{"line":37,"column":null}},{"start":{"line":37,"column":102},"end":{"line":37,"column":109}}]},"7":{"loc":{"start":{"line":63,"column":49},"end":{"line":63,"column":71}},"type":"cond-expr","locations":[{"start":{"line":63,"column":68},"end":{"line":63,"column":71}},{"start":{"line":63,"column":68},"end":{"line":63,"column":71}}]},"8":{"loc":{"start":{"line":63,"column":49},"end":{"line":63,"column":68}},"type":"binary-expr","locations":[{"start":{"line":63,"column":49},"end":{"line":63,"column":71}},{"start":{"line":63,"column":49},"end":{"line":63,"column":68}}]},"9":{"loc":{"start":{"line":63,"column":71},"end":{"line":63,"column":null}},"type":"cond-expr","locations":[{"start":{"line":63,"column":78},"end":{"line":63,"column":null}},{"start":{"line":63,"column":78},"end":{"line":63,"column":null}}]},"10":{"loc":{"start":{"line":63,"column":71},"end":{"line":63,"column":78}},"type":"binary-expr","locations":[{"start":{"line":63,"column":71},"end":{"line":63,"column":null}},{"start":{"line":63,"column":71},"end":{"line":63,"column":78}}]},"11":{"loc":{"start":{"line":16,"column":54},"end":{"line":16,"column":78}},"type":"cond-expr","locations":[{"start":{"line":16,"column":75},"end":{"line":16,"column":78}},{"start":{"line":16,"column":75},"end":{"line":16,"column":78}}]},"12":{"loc":{"start":{"line":16,"column":54},"end":{"line":16,"column":75}},"type":"binary-expr","locations":[{"start":{"line":16,"column":54},"end":{"line":16,"column":78}},{"start":{"line":16,"column":54},"end":{"line":16,"column":75}}]}},"s":{"0":2,"1":2,"2":2,"3":2,"4":2,"5":2,"6":2,"7":2,"8":2,"9":8,"10":2,"11":2,"12":2,"13":2,"14":2,"15":1,"16":3,"17":3,"18":3,"19":3,"20":2,"21":1,"22":1,"23":2,"24":1,"25":3,"26":3,"27":3,"28":3,"29":2,"30":1,"31":1,"32":1,"33":1,"34":2,"35":2,"36":2,"37":2,"38":2},"f":{"0":8,"1":2,"2":3,"3":3},"b":{"0":[1,1],"1":[2,2],"2":[1,1],"3":[2,0],"4":[2,2],"5":[2,0],"6":[2,2],"7":[2,0],"8":[2,2],"9":[2,0],"10":[2,2],"11":[2,0],"12":[2,2]}}
,"/mnt/c/Users/nicho/Documents/GitHub/CodeAlchemists/MVP/microservices/centralized/state_aggregate/src/interfaces/dto/cloudHeartbeat.dto.ts": {"path":"/mnt/c/Users/nicho/Documents/GitHub/CodeAlchemists/MVP/microservices/centralized/state_aggregate/src/interfaces/dto/cloudHeartbeat.dto.ts","statementMap":{"0":{"start":{"line":1,"column":0},"end":{"line":1,"column":86}},"1":{"start":{"line":2,"column":0},"end":{"line":2,"column":61}},"2":{"start":{"line":3,"column":0},"end":{"line":3,"column":41}},"3":{"start":{"line":5,"column":0},"end":{"line":5,"column":13}},"4":{"start":{"line":10,"column":4},"end":{"line":10,"column":null}},"5":{"start":{"line":9,"column":16},"end":{"line":9,"column":35}},"6":{"start":{"line":14,"column":4},"end":{"line":14,"column":null}},"7":{"start":{"line":18,"column":4},"end":{"line":18,"column":null}}},"fnMap":{"0":{"name":"(anonymous_2)","decl":{"start":{"line":9,"column":10},"end":{"line":9,"column":13}},"loc":{"start":{"line":9,"column":16},"end":{"line":9,"column":35}}}},"branchMap":{"0":{"loc":{"start":{"line":18,"column":15},"end":{"line":18,"column":20}},"type":"cond-expr","locations":[{"start":{"line":18,"column":19},"end":{"line":18,"column":20}},{"start":{"line":18,"column":19},"end":{"line":18,"column":20}}]},"1":{"loc":{"start":{"line":18,"column":15},"end":{"line":18,"column":19}},"type":"binary-expr","locations":[{"start":{"line":18,"column":15},"end":{"line":18,"column":20}},{"start":{"line":18,"column":15},"end":{"line":18,"column":19}}]}},"s":{"0":2,"1":2,"2":2,"3":2,"4":2,"5":0,"6":2,"7":2},"f":{"0":0},"b":{"0":[2,0],"1":[2,2]}}
,"/mnt/c/Users/nicho/Documents/GitHub/CodeAlchemists/MVP/microservices/centralized/state_aggregate/src/interfaces/dto/cloudWarehouseId.dto.ts": {"path":"/mnt/c/Users/nicho/Documents/GitHub/CodeAlchemists/MVP/microservices/centralized/state_aggregate/src/interfaces/dto/cloudWarehouseId.dto.ts","statementMap":{"0":{"start":{"line":1,"column":0},"end":{"line":1,"column":57}},"1":{"start":{"line":3,"column":0},"end":{"line":3,"column":13}},"2":{"start":{"line":7,"column":4},"end":{"line":7,"column":null}}},"fnMap":{},"branchMap":{},"s":{"0":3,"1":3,"2":3},"f":{},"b":{}}
,"/mnt/c/Users/nicho/Documents/GitHub/CodeAlchemists/MVP/microservices/centralized/state_aggregate/src/interfaces/dto/cloudWarehouseState.dto.ts": {"path":"/mnt/c/Users/nicho/Documents/GitHub/CodeAlchemists/MVP/microservices/centralized/state_aggregate/src/interfaces/dto/cloudWarehouseState.dto.ts","statementMap":{"0":{"start":{"line":1,"column":0},"end":{"line":1,"column":67}},"1":{"start":{"line":2,"column":0},"end":{"line":2,"column":61}},"2":{"start":{"line":3,"column":0},"end":{"line":3,"column":41}},"3":{"start":{"line":5,"column":0},"end":{"line":5,"column":13}},"4":{"start":{"line":10,"column":4},"end":{"line":10,"column":null}},"5":{"start":{"line":9,"column":16},"end":{"line":9,"column":35}},"6":{"start":{"line":14,"column":4},"end":{"line":14,"column":null}}},"fnMap":{"0":{"name":"(anonymous_2)","decl":{"start":{"line":9,"column":10},"end":{"line":9,"column":13}},"loc":{"start":{"line":9,"column":16},"end":{"line":9,"column":35}}}},"branchMap":{},"s":{"0":1,"1":1,"2":1,"3":1,"4":1,"5":0,"6":1},"f":{"0":0},"b":{}}
,"/mnt/c/Users/nicho/Documents/GitHub/CodeAlchemists/MVP/microservices/centralized/state_aggregate/src/interfaces/nats/nats.config.ts": {"path":"/mnt/c/Users/nicho/Documents/GitHub/CodeAlchemists/MVP/microservices/centralized/state_aggregate/src/interfaces/nats/nats.config.ts","statementMap":{"0":{"start":{"line":1,"column":0},"end":{"line":1,"column":50}},"1":{"start":{"line":2,"column":0},"end":{"line":2,"column":97}},"2":{"start":{"line":4,"column":13},"end":{"line":15,"column":2}}},"fnMap":{},"branchMap":{"0":{"loc":{"start":{"line":7,"column":14},"end":{"line":7,"column":61}},"type":"binary-expr","locations":[{"start":{"line":7,"column":14},"end":{"line":7,"column":34}},{"start":{"line":7,"column":38},"end":{"line":7,"column":61}}]}},"s":{"0":3,"1":3,"2":3},"f":{},"b":{"0":[3,2]}}
,"/mnt/c/Users/nicho/Documents/GitHub/CodeAlchemists/MVP/microservices/centralized/state_aggregate/src/interfaces/nats/nats.module.ts": {"path":"/mnt/c/Users/nicho/Documents/GitHub/CodeAlchemists/MVP/microservices/centralized/state_aggregate/src/interfaces/nats/nats.module.ts","statementMap":{"0":{"start":{"line":1,"column":0},"end":{"line":1,"column":40}},"1":{"start":{"line":2,"column":0},"end":{"line":2,"column":45}},"2":{"start":{"line":8,"column":7},"end":{"line":8,"column":null}},"3":{"start":{"line":8,"column":13},"end":{"line":8,"column":23}},"4":{"start":{"line":8,"column":13},"end":{"line":8,"column":null}}},"fnMap":{},"branchMap":{},"s":{"0":1,"1":1,"2":1,"3":1,"4":1},"f":{},"b":{}}
,"/mnt/c/Users/nicho/Documents/GitHub/CodeAlchemists/MVP/microservices/centralized/state_aggregate/src/interfaces/nats/nats.service.ts": {"path":"/mnt/c/Users/nicho/Documents/GitHub/CodeAlchemists/MVP/microservices/centralized/state_aggregate/src/interfaces/nats/nats.service.ts","statementMap":{"0":{"start":{"line":1,"column":0},"end":{"line":1,"column":75}},"1":{"start":{"line":2,"column":0},"end":{"line":2,"column":58}},"2":{"start":{"line":6,"column":7},"end":{"line":23,"column":null}},"3":{"start":{"line":8,"column":22},"end":{"line":8,"column":33}},"4":{"start":{"line":11,"column":4},"end":{"line":13,"column":7}},"5":{"start":{"line":17,"column":4},"end":{"line":17,"column":27}},"6":{"start":{"line":21,"column":4},"end":{"line":21,"column":58}},"7":{"start":{"line":6,"column":13},"end":{"line":6,"column":24}},"8":{"start":{"line":6,"column":13},"end":{"line":23,"column":null}}},"fnMap":{"0":{"name":"(anonymous_1)","decl":{"start":{"line":10,"column":2},"end":{"line":10,"column":7}},"loc":{"start":{"line":10,"column":20},"end":{"line":14,"column":3}}},"1":{"name":"(anonymous_2)","decl":{"start":{"line":16,"column":2},"end":{"line":16,"column":7}},"loc":{"start":{"line":16,"column":23},"end":{"line":18,"column":3}}},"2":{"name":"(anonymous_3)","decl":{"start":{"line":20,"column":2},"end":{"line":20,"column":7}},"loc":{"start":{"line":20,"column":42},"end":{"line":22,"column":3}}}},"branchMap":{"0":{"loc":{"start":{"line":12,"column":15},"end":{"line":12,"column":57}},"type":"binary-expr","locations":[{"start":{"line":12,"column":15},"end":{"line":12,"column":35}},{"start":{"line":12,"column":39},"end":{"line":12,"column":57}}]}},"s":{"0":4,"1":4,"2":4,"3":4,"4":3,"5":1,"6":1,"7":4,"8":4},"f":{"0":3,"1":1,"2":1},"b":{"0":[3,3]}}
,"/mnt/c/Users/nicho/Documents/GitHub/CodeAlchemists/MVP/microservices/centralized/state_aggregate/src/interfaces/nats/natsMessagesFormatters/inbound-response.deserializer.ts": {"path":"/mnt/c/Users/nicho/Documents/GitHub/CodeAlchemists/MVP/microservices/centralized/state_aggregate/src/interfaces/nats/natsMessagesFormatters/inbound-response.deserializer.ts","statementMap":{"0":{"start":{"line":1,"column":0},"end":{"line":1,"column":40}},"1":{"start":{"line":2,"column":0},"end":{"line":2,"column":36}},"2":{"start":{"line":7,"column":28},"end":{"line":7,"column":69}},"3":{"start":{"line":9,"column":4},"end":{"line":12,"column":6}},"4":{"start":{"line":17,"column":4},"end":{"line":21,"column":6}},"5":{"start":{"line":5,"column":0},"end":{"line":5,"column":13}}},"fnMap":{"0":{"name":"(anonymous_0)","decl":{"start":{"line":8,"column":2},"end":{"line":8,"column":13}},"loc":{"start":{"line":8,"column":55},"end":{"line":22,"column":3}}}},"branchMap":{},"s":{"0":2,"1":2,"2":4,"3":2,"4":2,"5":2},"f":{"0":2},"b":{}}
,"/mnt/c/Users/nicho/Documents/GitHub/CodeAlchemists/MVP/microservices/centralized/state_aggregate/src/interfaces/nats/natsMessagesFormatters/outbound-request.serializer.ts": {"path":"/mnt/c/Users/nicho/Documents/GitHub/CodeAlchemists/MVP/microservices/centralized/state_aggregate/src/interfaces/nats/natsMessagesFormatters/outbound-request.serializer.ts","statementMap":{"0":{"start":{"line":3,"column":0},"end":{"line":3,"column":40}},"1":{"start":{"line":6,"column":28},"end":{"line":6,"column":67}},"2":{"start":{"line":8,"column":4},"end":{"line":10,"column":6}},"3":{"start":{"line":17,"column":4},"end":{"line":17,"column":31}},"4":{"start":{"line":18,"column":4},"end":{"line":18,"column":70}},"5":{"start":{"line":19,"column":4},"end":{"line":19,"column":17}},"6":{"start":{"line":5,"column":0},"end":{"line":5,"column":13}}},"fnMap":{"0":{"name":"(anonymous_0)","decl":{"start":{"line":7,"column":2},"end":{"line":7,"column":11}},"loc":{"start":{"line":7,"column":22},"end":{"line":20,"column":3}}}},"branchMap":{},"s":{"0":4,"1":6,"2":3,"3":3,"4":3,"5":3,"6":4},"f":{"0":3},"b":{}}
,"/mnt/c/Users/nicho/Documents/GitHub/CodeAlchemists/MVP/microservices/centralized/state_aggregate/src/interfaces/nats/natsMessagesFormatters/outbound-response.serializer.ts": {"path":"/mnt/c/Users/nicho/Documents/GitHub/CodeAlchemists/MVP/microservices/centralized/state_aggregate/src/interfaces/nats/natsMessagesFormatters/outbound-response.serializer.ts","statementMap":{"0":{"start":{"line":2,"column":0},"end":{"line":2,"column":40}},"1":{"start":{"line":5,"column":28},"end":{"line":5,"column":71}},"2":{"start":{"line":7,"column":4},"end":{"line":9,"column":6}},"3":{"start":{"line":15,"column":4},"end":{"line":33,"column":5}},"4":{"start":{"line":16,"column":6},"end":{"line":16,"column":39}},"5":{"start":{"line":17,"column":11},"end":{"line":33,"column":5}},"6":{"start":{"line":19,"column":22},"end":{"line":23,"column":19}},"7":{"start":{"line":21,"column":29},"end":{"line":21,"column":82}},"8":{"start":{"line":25,"column":6},"end":{"line":32,"column":null}},"9":{"start":{"line":35,"column":4},"end":{"line":37,"column":6}},"10":{"start":{"line":39,"column":4},"end":{"line":39,"column":17}},"11":{"start":{"line":4,"column":0},"end":{"line":4,"column":13}}},"fnMap":{"0":{"name":"(anonymous_0)","decl":{"start":{"line":6,"column":2},"end":{"line":6,"column":11}},"loc":{"start":{"line":6,"column":22},"end":{"line":40,"column":3}}},"1":{"name":"(anonymous_1)","decl":{"start":{"line":21,"column":19},"end":{"line":21,"column":20}},"loc":{"start":{"line":21,"column":29},"end":{"line":21,"column":82}}}},"branchMap":{"0":{"loc":{"start":{"line":15,"column":4},"end":{"line":33,"column":5}},"type":"if","locations":[{"start":{"line":15,"column":4},"end":{"line":33,"column":5}},{"start":{"line":17,"column":11},"end":{"line":33,"column":5}}]},"1":{"loc":{"start":{"line":17,"column":11},"end":{"line":33,"column":5}},"type":"if","locations":[{"start":{"line":17,"column":11},"end":{"line":33,"column":5}},{"start":{},"end":{}}]},"2":{"loc":{"start":{"line":19,"column":22},"end":{"line":23,"column":19}},"type":"cond-expr","locations":[{"start":{"line":20,"column":10},"end":{"line":22,"column":21}},{"start":{"line":23,"column":10},"end":{"line":23,"column":19}}]},"3":{"loc":{"start":{"line":21,"column":29},"end":{"line":21,"column":82}},"type":"cond-expr","locations":[{"start":{"line":21,"column":47},"end":{"line":21,"column":77}},{"start":{"line":21,"column":80},"end":{"line":21,"column":82}}]}},"s":{"0":2,"1":6,"2":4,"3":4,"4":1,"5":3,"6":2,"7":2,"8":2,"9":4,"10":4,"11":2},"f":{"0":4,"1":2},"b":{"0":[1,3],"1":[2,1],"2":[1,1],"3":[2,0]}}
}
