TN:
SF:src/main.ts
FN:15,bootstrap
FN:25,(anonymous_1)
FNF:2
FNH:1
FNDA:2,bootstrap
FNDA:0,(anonymous_1)
DA:1,1
DA:2,1
DA:3,1
DA:4,1
DA:6,1
DA:7,1
DA:10,1
DA:11,1
DA:13,1
DA:15,1
DA:16,2
DA:25,2
DA:26,2
DA:29,1
LF:14
LH:14
BRF:0
BRH:0
end_of_record
TN:
SF:src/application/stateAggregate.module.ts
FN:25,(anonymous_1)
FNF:1
FNH:0
FNDA:0,(anonymous_1)
DA:1,1
DA:2,1
DA:3,1
DA:4,1
DA:5,1
DA:6,1
DA:7,1
DA:8,1
DA:9,1
DA:10,1
DA:25,0
DA:34,1
LF:12
LH:11
BRDA:15,0,0,1
BRDA:15,0,1,1
BRF:2
BRH:2
end_of_record
TN:
SF:src/application/stateAggregate.service.ts
FN:11,(anonymous_4)
FN:17,(anonymous_5)
FN:25,(anonymous_6)
FN:30,(anonymous_7)
FN:31,(anonymous_8)
FN:37,(anonymous_9)
FN:44,(anonymous_10)
FN:48,(anonymous_11)
FN:51,(anonymous_12)
FN:71,(anonymous_13)
FN:80,(anonymous_14)
FN:85,(anonymous_15)
FN:90,(anonymous_16)
FN:94,(anonymous_17)
FNF:14
FNH:11
FNDA:7,(anonymous_4)
FNDA:0,(anonymous_5)
FNDA:4,(anonymous_6)
FNDA:2,(anonymous_7)
FNDA:3,(anonymous_8)
FNDA:1,(anonymous_9)
FNDA:2,(anonymous_10)
FNDA:2,(anonymous_11)
FNDA:1,(anonymous_12)
FNDA:1,(anonymous_13)
FNDA:2,(anonymous_14)
FNDA:2,(anonymous_15)
FNDA:0,(anonymous_16)
FNDA:0,(anonymous_17)
DA:1,4
DA:3,4
DA:4,4
DA:5,4
DA:6,4
DA:7,4
DA:10,4
DA:13,7
DA:14,7
DA:19,0
DA:23,7
DA:26,4
DA:31,3
DA:32,2
DA:33,2
DA:37,4
DA:38,1
DA:39,1
DA:40,2
DA:45,2
DA:47,2
DA:48,2
DA:49,2
DA:51,2
DA:52,1
DA:53,1
DA:54,1
DA:57,1
DA:60,1
DA:61,1
DA:62,1
DA:65,1
DA:69,2
DA:71,2
DA:72,1
DA:73,1
DA:74,1
DA:81,2
DA:82,2
DA:86,2
DA:87,2
DA:91,0
DA:95,0
LF:43
LH:40
BRDA:52,0,0,1
BRDA:52,0,1,0
BRDA:52,1,0,1
BRDA:52,1,1,1
BRDA:54,2,0,1
BRDA:54,2,1,0
BRDA:60,3,0,1
BRDA:60,3,1,0
BRDA:60,4,0,1
BRDA:60,4,1,1
BRDA:72,5,0,1
BRDA:72,5,1,0
BRDA:13,6,0,0
BRDA:13,6,1,4
BRDA:13,7,0,4
BRDA:13,7,1,4
BRDA:13,8,0,4
BRDA:13,8,1,0
BRDA:13,9,0,4
BRDA:13,9,1,4
BRF:20
BRH:14
end_of_record
TN:
SF:src/domain/cloudHeartbeat.entity.ts
FN:4,(anonymous_0)
FN:11,(anonymous_1)
FN:15,(anonymous_2)
FN:19,(anonymous_3)
FNF:4
FNH:4
FNDA:8,(anonymous_0)
FNDA:6,(anonymous_1)
FNDA:6,(anonymous_2)
FNDA:3,(anonymous_3)
DA:3,6
DA:5,8
DA:6,8
DA:7,8
DA:12,6
DA:16,6
DA:20,3
LF:7
LH:7
BRF:0
BRH:0
end_of_record
TN:
SF:src/domain/cloudState.repository.ts
FNF:0
FNH:0
DA:10,4
LF:1
LH:1
BRF:0
BRH:0
end_of_record
TN:
SF:src/domain/cloudWarehouseId.entity.ts
FN:2,(anonymous_0)
FN:7,(anonymous_1)
FN:11,(anonymous_2)
FNF:3
FNH:3
FNDA:39,(anonymous_0)
FNDA:26,(anonymous_1)
FNDA:1,(anonymous_2)
DA:1,6
DA:3,39
DA:8,26
DA:13,1
LF:4
LH:4
BRF:0
BRH:0
end_of_record
TN:
SF:src/domain/cloudWarehouseState.entity.ts
FN:4,(anonymous_0)
FN:10,(anonymous_1)
FN:14,(anonymous_2)
FNF:3
FNH:3
FNDA:21,(anonymous_0)
FNDA:10,(anonymous_1)
FNDA:16,(anonymous_2)
DA:3,6
DA:5,21
DA:6,21
DA:11,10
DA:15,16
LF:5
LH:5
BRF:0
BRH:0
end_of_record
TN:
SF:src/infrastructure/adapters/cloudState.event.adapter.ts
FN:18,(anonymous_0)
FN:20,(anonymous_1)
FN:25,(anonymous_2)
FN:29,(anonymous_3)
FNF:4
FNH:4
FNDA:4,(anonymous_0)
FNDA:1,(anonymous_1)
FNDA:1,(anonymous_2)
FNDA:1,(anonymous_3)
DA:4,5
DA:17,5
DA:18,4
DA:21,1
DA:22,1
DA:26,1
DA:27,1
DA:30,1
DA:31,1
LF:9
LH:9
BRF:0
BRH:0
end_of_record
TN:
SF:src/infrastructure/adapters/mongodb/cloudState.repository.impl.ts
FN:11,(anonymous_4)
FN:16,(anonymous_5)
FN:22,(anonymous_6)
FN:31,(anonymous_7)
FN:33,(anonymous_8)
FNF:5
FNH:5
FNDA:5,(anonymous_4)
FNDA:2,(anonymous_5)
FNDA:2,(anonymous_6)
FNDA:1,(anonymous_7)
FNDA:2,(anonymous_8)
DA:1,2
DA:2,2
DA:4,2
DA:5,2
DA:10,2
DA:13,5
DA:17,2
DA:19,2
DA:23,2
DA:28,2
DA:32,1
DA:33,2
LF:12
LH:12
BRDA:19,0,0,1
BRDA:19,0,1,1
BRF:2
BRH:2
end_of_record
TN:
SF:src/infrastructure/adapters/mongodb/cloudState.repository.module.ts
FNF:0
FNH:0
DA:1,1
DA:2,1
DA:3,1
DA:4,1
DA:21,1
LF:5
LH:5
BRF:0
BRH:0
end_of_record
TN:
SF:src/infrastructure/adapters/mongodb/schemas/cloudState.schema.ts
FNF:0
FNH:0
DA:1,1
DA:7,1
DA:9,1
DA:12,1
DA:15,1
LF:5
LH:5
BRF:0
BRH:0
end_of_record
TN:
SF:src/interfaces/access.controller.ts
FN:8,(anonymous_2)
FNF:1
FNH:0
FNDA:0,(anonymous_2)
DA:1,1
DA:2,1
DA:6,1
DA:8,1
DA:10,0
LF:5
LH:4
BRF:0
BRH:0
end_of_record
TN:
SF:src/interfaces/data.mapper.ts
FN:11,(anonymous_0)
FN:15,(anonymous_1)
FN:22,(anonymous_2)
FN:30,(anonymous_3)
FN:36,(anonymous_4)
FN:42,(anonymous_5)
FNF:6
FNH:6
FNDA:4,(anonymous_0)
FNDA:1,(anonymous_1)
FNDA:3,(anonymous_2)
FNDA:1,(anonymous_3)
FNDA:3,(anonymous_4)
FNDA:2,(anonymous_5)
DA:5,6
DA:6,6
DA:7,6
DA:10,6
DA:12,4
DA:16,1
DA:23,3
DA:31,1
DA:37,3
DA:43,2
LF:10
LH:10
BRDA:26,0,0,0
BRDA:26,0,1,3
BRF:2
BRH:1
end_of_record
TN:
SF:src/interfaces/outbound.service.ts
FN:12,(anonymous_2)
FN:16,(anonymous_3)
FN:20,(anonymous_4)
FN:24,(anonymous_5)
FNF:4
FNH:4
FNDA:4,(anonymous_2)
FNDA:1,(anonymous_3)
FNDA:1,(anonymous_4)
FNDA:1,(anonymous_5)
DA:1,3
DA:5,3
DA:10,3
DA:13,4
DA:17,1
DA:21,1
DA:25,1
LF:7
LH:7
BRDA:13,0,0,3
BRDA:13,0,1,0
BRDA:13,1,0,3
BRDA:13,1,1,3
BRF:4
BRH:3
end_of_record
TN:
SF:src/interfaces/stateAggregate.controller.ts
FN:16,(anonymous_4)
FN:19,(anonymous_5)
FN:37,(anonymous_6)
FN:63,(anonymous_7)
FNF:4
FNH:4
FNDA:8,(anonymous_4)
FNDA:2,(anonymous_5)
FNDA:3,(anonymous_6)
FNDA:3,(anonymous_7)
DA:1,2
DA:2,2
DA:3,2
DA:4,2
DA:5,2
DA:10,2
DA:11,2
DA:12,2
DA:15,2
DA:16,8
DA:19,2
DA:20,2
DA:21,2
DA:22,2
DA:23,2
DA:25,2
DA:27,1
DA:37,2
DA:38,3
DA:39,3
DA:40,3
DA:43,3
DA:46,2
DA:47,1
DA:49,1
DA:51,2
DA:53,1
DA:63,2
DA:64,3
DA:65,3
DA:66,3
DA:67,3
DA:68,2
DA:70,1
DA:71,1
DA:78,1
DA:80,1
LF:37
LH:37
BRDA:46,0,0,1
BRDA:46,0,1,1
BRDA:46,1,0,2
BRDA:46,1,1,2
BRDA:68,2,0,1
BRDA:68,2,1,1
BRDA:19,3,0,2
BRDA:19,3,1,0
BRDA:19,4,0,2
BRDA:19,4,1,2
BRDA:37,5,0,2
BRDA:37,5,1,0
BRDA:37,6,0,2
BRDA:37,6,1,2
BRDA:63,7,0,2
BRDA:63,7,1,0
BRDA:63,8,0,2
BRDA:63,8,1,2
BRDA:63,9,0,2
BRDA:63,9,1,0
BRDA:63,10,0,2
BRDA:63,10,1,2
BRDA:16,11,0,2
BRDA:16,11,1,0
BRDA:16,12,0,2
BRDA:16,12,1,2
BRF:26
BRH:21
end_of_record
TN:
SF:src/interfaces/dto/cloudHeartbeat.dto.ts
FN:9,(anonymous_2)
FNF:1
FNH:0
FNDA:0,(anonymous_2)
DA:1,2
DA:2,2
DA:3,2
DA:5,2
DA:9,0
DA:10,2
DA:14,2
DA:18,2
LF:8
LH:7
BRDA:18,0,0,2
BRDA:18,0,1,0
BRDA:18,1,0,2
BRDA:18,1,1,2
BRF:4
BRH:3
end_of_record
TN:
SF:src/interfaces/dto/cloudWarehouseId.dto.ts
FNF:0
FNH:0
DA:1,3
DA:3,3
DA:7,3
LF:3
LH:3
BRF:0
BRH:0
end_of_record
TN:
SF:src/interfaces/dto/cloudWarehouseState.dto.ts
FN:9,(anonymous_2)
FNF:1
FNH:0
FNDA:0,(anonymous_2)
DA:1,1
DA:2,1
DA:3,1
DA:5,1
DA:9,0
DA:10,1
DA:14,1
LF:7
LH:6
BRF:0
BRH:0
end_of_record
TN:
SF:src/interfaces/nats/nats.config.ts
FNF:0
FNH:0
DA:1,3
DA:2,3
DA:4,3
LF:3
LH:3
BRDA:7,0,0,3
BRDA:7,0,1,2
BRF:2
BRH:2
end_of_record
TN:
SF:src/interfaces/nats/nats.module.ts
FNF:0
FNH:0
DA:1,1
DA:2,1
DA:8,1
LF:3
LH:3
BRF:0
BRH:0
end_of_record
TN:
SF:src/interfaces/nats/nats.service.ts
FN:10,(anonymous_1)
FN:16,(anonymous_2)
FN:20,(anonymous_3)
FNF:3
FNH:3
FNDA:3,(anonymous_1)
FNDA:1,(anonymous_2)
FNDA:1,(anonymous_3)
DA:1,4
DA:2,4
DA:6,4
DA:8,4
DA:11,3
DA:17,1
DA:21,1
LF:7
LH:7
BRDA:12,0,0,3
BRDA:12,0,1,3
BRF:2
BRH:2
end_of_record
TN:
SF:src/interfaces/nats/natsMessagesFormatters/inbound-response.deserializer.ts
FN:8,(anonymous_0)
FNF:1
FNH:1
FNDA:2,(anonymous_0)
DA:1,2
DA:2,2
DA:5,2
DA:7,4
DA:9,2
DA:17,2
LF:6
LH:6
BRF:0
BRH:0
end_of_record
TN:
SF:src/interfaces/nats/natsMessagesFormatters/outbound-request.serializer.ts
FN:7,(anonymous_0)
FNF:1
FNH:1
FNDA:3,(anonymous_0)
DA:3,4
DA:5,4
DA:6,6
DA:8,3
DA:17,3
DA:18,3
DA:19,3
LF:7
LH:7
BRF:0
BRH:0
end_of_record
TN:
SF:src/interfaces/nats/natsMessagesFormatters/outbound-response.serializer.ts
FN:6,(anonymous_0)
FN:21,(anonymous_1)
FNF:2
FNH:2
FNDA:4,(anonymous_0)
FNDA:2,(anonymous_1)
DA:2,2
DA:4,2
DA:5,6
DA:7,4
DA:15,4
DA:16,1
DA:17,3
DA:19,2
DA:21,2
DA:25,2
DA:35,4
DA:39,4
LF:12
LH:12
BRDA:15,0,0,1
BRDA:15,0,1,3
BRDA:17,1,0,2
BRDA:17,1,1,1
BRDA:19,2,0,1
BRDA:19,2,1,1
BRDA:21,3,0,2
BRDA:21,3,1,0
BRF:8
BRH:7
end_of_record
