<?xml version="1.0" encoding="UTF-8"?>
<coverage generated="1756827504666" clover="3.2.0">
  <project timestamp="1756827504666" name="All files">
    <metrics statements="85" coveredstatements="79" conditionals="22" coveredconditionals="17" methods="29" coveredmethods="27" elements="136" coveredelements="123" complexity="0" loc="85" ncloc="85" packages="3" files="6" classes="6"/>
    <package name="application">
      <metrics statements="47" coveredstatements="44" conditionals="16" coveredconditionals="13" methods="13" coveredmethods="12"/>
      <file name="routing.service.ts" path="/mnt/c/Users/nicho/Documents/GitHub/CodeAlchemists/MVP/microservices/centralized/routing/src/application/routing.service.ts">
        <metrics statements="47" coveredstatements="44" conditionals="16" coveredconditionals="13" methods="13" coveredmethods="12"/>
        <line num="1" count="1" type="stmt"/>
        <line num="2" count="1" type="stmt"/>
        <line num="3" count="1" type="stmt"/>
        <line num="4" count="1" type="stmt"/>
        <line num="5" count="1" type="stmt"/>
        <line num="6" count="1" type="stmt"/>
        <line num="9" count="1" type="stmt"/>
        <line num="12" count="9" type="cond" truecount="3" falsecount="1"/>
        <line num="17" count="1" type="stmt"/>
        <line num="18" count="1" type="cond" truecount="1" falsecount="1"/>
        <line num="19" count="0" type="stmt"/>
        <line num="21" count="1" type="stmt"/>
        <line num="22" count="1" type="stmt"/>
        <line num="25" count="1" type="stmt"/>
        <line num="26" count="1" type="stmt"/>
        <line num="28" count="3" type="stmt"/>
        <line num="30" count="2" type="stmt"/>
        <line num="31" count="2" type="stmt"/>
        <line num="38" count="1" type="stmt"/>
        <line num="39" count="1" type="stmt"/>
        <line num="40" count="2" type="stmt"/>
        <line num="44" count="2" type="cond" truecount="2" falsecount="0"/>
        <line num="45" count="1" type="stmt"/>
        <line num="47" count="1" type="stmt"/>
        <line num="48" count="1" type="stmt"/>
        <line num="49" count="1" type="stmt"/>
        <line num="50" count="1" type="stmt"/>
        <line num="55" count="2" type="stmt"/>
        <line num="56" count="2" type="stmt"/>
        <line num="60" count="1" type="stmt"/>
        <line num="61" count="1" type="stmt"/>
        <line num="62" count="1" type="stmt"/>
        <line num="66" count="2" type="cond" truecount="4" falsecount="0"/>
        <line num="67" count="1" type="stmt"/>
        <line num="69" count="1" type="stmt"/>
        <line num="70" count="1" type="stmt"/>
        <line num="71" count="1" type="stmt"/>
        <line num="76" count="1" type="stmt"/>
        <line num="77" count="1" type="stmt"/>
        <line num="81" count="2" type="cond" truecount="2" falsecount="0"/>
        <line num="82" count="1" type="stmt"/>
        <line num="85" count="1" type="stmt"/>
        <line num="86" count="1" type="stmt"/>
        <line num="90" count="1" type="stmt"/>
        <line num="91" count="1" type="cond" truecount="1" falsecount="1"/>
        <line num="92" count="0" type="stmt"/>
        <line num="93" count="0" type="stmt"/>
      </file>
    </package>
    <package name="domain">
      <metrics statements="19" coveredstatements="18" conditionals="0" coveredconditionals="0" methods="13" coveredmethods="12"/>
      <file name="routing.repository.ts" path="/mnt/c/Users/nicho/Documents/GitHub/CodeAlchemists/MVP/microservices/centralized/routing/src/domain/routing.repository.ts">
        <metrics statements="1" coveredstatements="1" conditionals="0" coveredconditionals="0" methods="0" coveredmethods="0"/>
        <line num="21" count="1" type="stmt"/>
      </file>
      <file name="warehouseAddress.entity.ts" path="/mnt/c/Users/nicho/Documents/GitHub/CodeAlchemists/MVP/microservices/centralized/routing/src/domain/warehouseAddress.entity.ts">
        <metrics statements="8" coveredstatements="8" conditionals="0" coveredconditionals="0" methods="6" coveredmethods="6"/>
        <line num="4" count="2" type="stmt"/>
        <line num="6" count="5" type="stmt"/>
        <line num="7" count="5" type="stmt"/>
        <line num="12" count="2" type="stmt"/>
        <line num="16" count="3" type="stmt"/>
        <line num="20" count="1" type="stmt"/>
        <line num="24" count="1" type="stmt"/>
        <line num="28" count="1" type="stmt"/>
      </file>
      <file name="warehouseId.entity.ts" path="/mnt/c/Users/nicho/Documents/GitHub/CodeAlchemists/MVP/microservices/centralized/routing/src/domain/warehouseId.entity.ts">
        <metrics statements="4" coveredstatements="3" conditionals="0" coveredconditionals="0" methods="3" coveredmethods="2"/>
        <line num="1" count="2" type="stmt"/>
        <line num="3" count="11" type="stmt"/>
        <line num="8" count="8" type="stmt"/>
        <line num="13" count="0" type="stmt"/>
      </file>
      <file name="warehouseState.entity.ts" path="/mnt/c/Users/nicho/Documents/GitHub/CodeAlchemists/MVP/microservices/centralized/routing/src/domain/warehouseState.entity.ts">
        <metrics statements="6" coveredstatements="6" conditionals="0" coveredconditionals="0" methods="4" coveredmethods="4"/>
        <line num="3" count="2" type="stmt"/>
        <line num="5" count="6" type="stmt"/>
        <line num="6" count="6" type="stmt"/>
        <line num="11" count="2" type="stmt"/>
        <line num="15" count="1" type="stmt"/>
        <line num="19" count="1" type="stmt"/>
      </file>
    </package>
    <package name="interfaces">
      <metrics statements="19" coveredstatements="17" conditionals="6" coveredconditionals="4" methods="3" coveredmethods="3"/>
      <file name="geo.ts" path="/mnt/c/Users/nicho/Documents/GitHub/CodeAlchemists/MVP/microservices/centralized/routing/src/interfaces/geo.ts">
        <metrics statements="19" coveredstatements="17" conditionals="6" coveredconditionals="4" methods="3" coveredmethods="3"/>
        <line num="1" count="1" type="stmt"/>
        <line num="3" count="1" type="stmt"/>
        <line num="5" count="1" type="stmt"/>
        <line num="6" count="3" type="cond" truecount="1" falsecount="1"/>
        <line num="7" count="0" type="stmt"/>
        <line num="10" count="3" type="stmt"/>
        <line num="11" count="3" type="stmt"/>
        <line num="16" count="3" type="cond" truecount="3" falsecount="1"/>
        <line num="17" count="0" type="stmt"/>
        <line num="20" count="3" type="stmt"/>
        <line num="21" count="3" type="stmt"/>
        <line num="22" count="3" type="stmt"/>
        <line num="25" count="1" type="stmt"/>
        <line num="26" count="2" type="stmt"/>
        <line num="27" count="8" type="stmt"/>
        <line num="29" count="2" type="stmt"/>
        <line num="30" count="2" type="stmt"/>
        <line num="33" count="2" type="stmt"/>
        <line num="36" count="2" type="stmt"/>
      </file>
    </package>
  </project>
</coverage>
