{"/mnt/c/Users/nicho/Documents/GitHub/CodeAlchemists/MVP/microservices/centralized/routing/src/application/routing.service.ts": {"path":"/mnt/c/Users/nicho/Documents/GitHub/CodeAlchemists/MVP/microservices/centralized/routing/src/application/routing.service.ts","statementMap":{"0":{"start":{"line":1,"column":0},"end":{"line":1,"column":52}},"1":{"start":{"line":2,"column":0},"end":{"line":2,"column":59}},"2":{"start":{"line":3,"column":0},"end":{"line":3,"column":69}},"3":{"start":{"line":4,"column":0},"end":{"line":4,"column":65}},"4":{"start":{"line":5,"column":0},"end":{"line":5,"column":65}},"5":{"start":{"line":6,"column":0},"end":{"line":6,"column":61}},"6":{"start":{"line":9,"column":7},"end":{"line":95,"column":null}},"7":{"start":{"line":12,"column":21},"end":{"line":12,"column":40}},"8":{"start":{"line":17,"column":29},"end":{"line":17,"column":100}},"9":{"start":{"line":18,"column":4},"end":{"line":20,"column":5}},"10":{"start":{"line":19,"column":6},"end":{"line":19,"column":56}},"11":{"start":{"line":21,"column":26},"end":{"line":21,"column":55}},"12":{"start":{"line":22,"column":35},"end":{"line":22,"column":70}},"13":{"start":{"line":25,"column":25},"end":{"line":25,"column":80}},"14":{"start":{"line":26,"column":22},"end":{"line":35,"column":null}},"15":{"start":{"line":28,"column":24},"end":{"line":28,"column":94}},"16":{"start":{"line":30,"column":29},"end":{"line":30,"column":68}},"17":{"start":{"line":31,"column":10},"end":{"line":34,"column":12}},"18":{"start":{"line":38,"column":4},"end":{"line":40,"column":22}},"19":{"start":{"line":39,"column":22},"end":{"line":39,"column":45}},"20":{"start":{"line":40,"column":16},"end":{"line":40,"column":20}},"21":{"start":{"line":44,"column":4},"end":{"line":46,"column":5}},"22":{"start":{"line":45,"column":6},"end":{"line":45,"column":19}},"23":{"start":{"line":47,"column":27},"end":{"line":47,"column":69}},"24":{"start":{"line":48,"column":29},"end":{"line":48,"column":74}},"25":{"start":{"line":49,"column":4},"end":{"line":49,"column":74}},"26":{"start":{"line":50,"column":4},"end":{"line":50,"column":70}},"27":{"start":{"line":55,"column":4},"end":{"line":55,"column":69}},"28":{"start":{"line":56,"column":4},"end":{"line":56,"column":70}},"29":{"start":{"line":60,"column":27},"end":{"line":60,"column":65}},"30":{"start":{"line":61,"column":29},"end":{"line":61,"column":74}},"31":{"start":{"line":62,"column":4},"end":{"line":62,"column":72}},"32":{"start":{"line":66,"column":6},"end":{"line":68,"column":7}},"33":{"start":{"line":67,"column":8},"end":{"line":67,"column":21}},"34":{"start":{"line":69,"column":19},"end":{"line":69,"column":55}},"35":{"start":{"line":70,"column":24},"end":{"line":70,"column":47}},"36":{"start":{"line":71,"column":4},"end":{"line":75,"column":7}},"37":{"start":{"line":76,"column":4},"end":{"line":76,"column":65}},"38":{"start":{"line":77,"column":4},"end":{"line":77,"column":72}},"39":{"start":{"line":81,"column":4},"end":{"line":83,"column":5}},"40":{"start":{"line":82,"column":6},"end":{"line":82,"column":19}},"41":{"start":{"line":85,"column":4},"end":{"line":85,"column":94}},"42":{"start":{"line":86,"column":4},"end":{"line":86,"column":78}},"43":{"start":{"line":90,"column":23},"end":{"line":90,"column":70}},"44":{"start":{"line":91,"column":4},"end":{"line":91,"column":42}},"45":{"start":{"line":91,"column":33},"end":{"line":91,"column":42}},"46":{"start":{"line":92,"column":18},"end":{"line":92,"column":61}},"47":{"start":{"line":92,"column":50},"end":{"line":92,"column":59}},"48":{"start":{"line":93,"column":4},"end":{"line":93,"column":21}},"49":{"start":{"line":9,"column":13},"end":{"line":9,"column":27}},"50":{"start":{"line":9,"column":13},"end":{"line":95,"column":null}}},"fnMap":{"0":{"name":"(anonymous_4)","decl":{"start":{"line":10,"column":2},"end":{"line":10,"column":null}},"loc":{"start":{"line":12,"column":57},"end":{"line":13,"column":6}}},"1":{"name":"(anonymous_5)","decl":{"start":{"line":15,"column":2},"end":{"line":15,"column":7}},"loc":{"start":{"line":15,"column":56},"end":{"line":41,"column":3}}},"2":{"name":"(anonymous_6)","decl":{"start":{"line":28,"column":16},"end":{"line":28,"column":20}},"loc":{"start":{"line":28,"column":24},"end":{"line":28,"column":94}}},"3":{"name":"(anonymous_7)","decl":{"start":{"line":29,"column":13},"end":{"line":29,"column":18}},"loc":{"start":{"line":29,"column":28},"end":{"line":35,"column":9}}},"4":{"name":"(anonymous_8)","decl":{"start":{"line":39,"column":12},"end":{"line":39,"column":13}},"loc":{"start":{"line":39,"column":22},"end":{"line":39,"column":45}}},"5":{"name":"(anonymous_9)","decl":{"start":{"line":40,"column":11},"end":{"line":40,"column":12}},"loc":{"start":{"line":40,"column":16},"end":{"line":40,"column":20}}},"6":{"name":"(anonymous_10)","decl":{"start":{"line":43,"column":2},"end":{"line":43,"column":7}},"loc":{"start":{"line":43,"column":72},"end":{"line":51,"column":3}}},"7":{"name":"(anonymous_11)","decl":{"start":{"line":53,"column":2},"end":{"line":53,"column":7}},"loc":{"start":{"line":53,"column":55},"end":{"line":57,"column":3}}},"8":{"name":"(anonymous_12)","decl":{"start":{"line":59,"column":2},"end":{"line":59,"column":7}},"loc":{"start":{"line":59,"column":85},"end":{"line":63,"column":3}}},"9":{"name":"(anonymous_13)","decl":{"start":{"line":65,"column":2},"end":{"line":65,"column":7}},"loc":{"start":{"line":65,"column":52},"end":{"line":78,"column":3}}},"10":{"name":"(anonymous_14)","decl":{"start":{"line":80,"column":2},"end":{"line":80,"column":7}},"loc":{"start":{"line":80,"column":68},"end":{"line":87,"column":3}}},"11":{"name":"(anonymous_15)","decl":{"start":{"line":89,"column":2},"end":{"line":89,"column":7}},"loc":{"start":{"line":89,"column":31},"end":{"line":94,"column":3}}},"12":{"name":"(anonymous_16)","decl":{"start":{"line":92,"column":45},"end":{"line":92,"column":46}},"loc":{"start":{"line":92,"column":50},"end":{"line":92,"column":59}}}},"branchMap":{"0":{"loc":{"start":{"line":18,"column":4},"end":{"line":20,"column":5}},"type":"if","locations":[{"start":{"line":18,"column":4},"end":{"line":20,"column":5}},{"start":{},"end":{}}]},"1":{"loc":{"start":{"line":44,"column":4},"end":{"line":46,"column":5}},"type":"if","locations":[{"start":{"line":44,"column":4},"end":{"line":46,"column":5}},{"start":{},"end":{}}]},"2":{"loc":{"start":{"line":66,"column":6},"end":{"line":68,"column":7}},"type":"if","locations":[{"start":{"line":66,"column":6},"end":{"line":68,"column":7}},{"start":{},"end":{}}]},"3":{"loc":{"start":{"line":66,"column":10},"end":{"line":66,"column":28}},"type":"binary-expr","locations":[{"start":{"line":66,"column":10},"end":{"line":66,"column":18}},{"start":{"line":66,"column":22},"end":{"line":66,"column":28}}]},"4":{"loc":{"start":{"line":81,"column":4},"end":{"line":83,"column":5}},"type":"if","locations":[{"start":{"line":81,"column":4},"end":{"line":83,"column":5}},{"start":{},"end":{}}]},"5":{"loc":{"start":{"line":91,"column":4},"end":{"line":91,"column":42}},"type":"if","locations":[{"start":{"line":91,"column":4},"end":{"line":91,"column":42}},{"start":{},"end":{}}]},"6":{"loc":{"start":{"line":12,"column":40},"end":{"line":12,"column":null}},"type":"cond-expr","locations":[{"start":{"line":12,"column":57},"end":{"line":12,"column":null}},{"start":{"line":12,"column":57},"end":{"line":12,"column":null}}]},"7":{"loc":{"start":{"line":12,"column":40},"end":{"line":12,"column":57}},"type":"binary-expr","locations":[{"start":{"line":12,"column":40},"end":{"line":12,"column":null}},{"start":{"line":12,"column":40},"end":{"line":12,"column":57}}]}},"s":{"0":1,"1":1,"2":1,"3":1,"4":1,"5":1,"6":1,"7":9,"8":1,"9":1,"10":0,"11":1,"12":1,"13":1,"14":1,"15":3,"16":2,"17":2,"18":1,"19":1,"20":2,"21":2,"22":1,"23":1,"24":1,"25":1,"26":1,"27":2,"28":2,"29":1,"30":1,"31":1,"32":2,"33":1,"34":1,"35":1,"36":1,"37":1,"38":1,"39":2,"40":1,"41":1,"42":1,"43":1,"44":1,"45":1,"46":0,"47":0,"48":0,"49":1,"50":1},"f":{"0":9,"1":1,"2":3,"3":2,"4":1,"5":2,"6":2,"7":2,"8":1,"9":2,"10":2,"11":1,"12":0},"b":{"0":[0,1],"1":[1,1],"2":[1,1],"3":[2,1],"4":[1,1],"5":[1,0],"6":[0,1],"7":[1,1]}}
,"/mnt/c/Users/nicho/Documents/GitHub/CodeAlchemists/MVP/microservices/centralized/routing/src/domain/routing.repository.ts": {"path":"/mnt/c/Users/nicho/Documents/GitHub/CodeAlchemists/MVP/microservices/centralized/routing/src/domain/routing.repository.ts","statementMap":{"0":{"start":{"line":21,"column":13},"end":{"line":21,"column":61}}},"fnMap":{},"branchMap":{},"s":{"0":1},"f":{},"b":{}}
,"/mnt/c/Users/nicho/Documents/GitHub/CodeAlchemists/MVP/microservices/centralized/routing/src/domain/warehouseAddress.entity.ts": {"path":"/mnt/c/Users/nicho/Documents/GitHub/CodeAlchemists/MVP/microservices/centralized/routing/src/domain/warehouseAddress.entity.ts","statementMap":{"0":{"start":{"line":6,"column":16},"end":{"line":6,"column":46}},"1":{"start":{"line":7,"column":16},"end":{"line":7,"column":31}},"2":{"start":{"line":12,"column":8},"end":{"line":12,"column":35}},"3":{"start":{"line":16,"column":8},"end":{"line":16,"column":28}},"4":{"start":{"line":20,"column":8},"end":{"line":20,"column":43}},"5":{"start":{"line":24,"column":8},"end":{"line":24,"column":47}},"6":{"start":{"line":28,"column":8},"end":{"line":28,"column":34}},"7":{"start":{"line":4,"column":0},"end":{"line":4,"column":13}}},"fnMap":{"0":{"name":"(anonymous_0)","decl":{"start":{"line":5,"column":4},"end":{"line":5,"column":null}},"loc":{"start":{"line":7,"column":31},"end":{"line":9,"column":5}}},"1":{"name":"(anonymous_1)","decl":{"start":{"line":11,"column":4},"end":{"line":11,"column":21}},"loc":{"start":{"line":11,"column":21},"end":{"line":13,"column":5}}},"2":{"name":"(anonymous_2)","decl":{"start":{"line":15,"column":4},"end":{"line":15,"column":14}},"loc":{"start":{"line":15,"column":14},"end":{"line":17,"column":5}}},"3":{"name":"(anonymous_3)","decl":{"start":{"line":19,"column":4},"end":{"line":19,"column":9}},"loc":{"start":{"line":19,"column":9},"end":{"line":21,"column":5}}},"4":{"name":"(anonymous_4)","decl":{"start":{"line":23,"column":4},"end":{"line":23,"column":12}},"loc":{"start":{"line":23,"column":29},"end":{"line":25,"column":5}}},"5":{"name":"(anonymous_5)","decl":{"start":{"line":27,"column":4},"end":{"line":27,"column":14}},"loc":{"start":{"line":27,"column":33},"end":{"line":29,"column":5}}}},"branchMap":{},"s":{"0":5,"1":5,"2":2,"3":3,"4":1,"5":1,"6":1,"7":2},"f":{"0":5,"1":2,"2":3,"3":1,"4":1,"5":1},"b":{}}
,"/mnt/c/Users/nicho/Documents/GitHub/CodeAlchemists/MVP/microservices/centralized/routing/src/domain/warehouseId.entity.ts": {"path":"/mnt/c/Users/nicho/Documents/GitHub/CodeAlchemists/MVP/microservices/centralized/routing/src/domain/warehouseId.entity.ts","statementMap":{"0":{"start":{"line":3,"column":16},"end":{"line":3,"column":26}},"1":{"start":{"line":8,"column":8},"end":{"line":8,"column":23}},"2":{"start":{"line":13,"column":4},"end":{"line":13,"column":32}},"3":{"start":{"line":1,"column":0},"end":{"line":1,"column":13}}},"fnMap":{"0":{"name":"(anonymous_0)","decl":{"start":{"line":2,"column":4},"end":{"line":2,"column":null}},"loc":{"start":{"line":3,"column":26},"end":{"line":5,"column":5}}},"1":{"name":"(anonymous_1)","decl":{"start":{"line":7,"column":4},"end":{"line":7,"column":9}},"loc":{"start":{"line":7,"column":9},"end":{"line":9,"column":5}}},"2":{"name":"(anonymous_2)","decl":{"start":{"line":11,"column":4},"end":{"line":11,"column":10}},"loc":{"start":{"line":11,"column":29},"end":{"line":14,"column":3}}}},"branchMap":{},"s":{"0":11,"1":8,"2":0,"3":2},"f":{"0":11,"1":8,"2":0},"b":{}}
,"/mnt/c/Users/nicho/Documents/GitHub/CodeAlchemists/MVP/microservices/centralized/routing/src/domain/warehouseState.entity.ts": {"path":"/mnt/c/Users/nicho/Documents/GitHub/CodeAlchemists/MVP/microservices/centralized/routing/src/domain/warehouseState.entity.ts","statementMap":{"0":{"start":{"line":5,"column":16},"end":{"line":5,"column":40}},"1":{"start":{"line":6,"column":16},"end":{"line":6,"column":29}},"2":{"start":{"line":11,"column":8},"end":{"line":11,"column":26}},"3":{"start":{"line":15,"column":8},"end":{"line":15,"column":32}},"4":{"start":{"line":19,"column":8},"end":{"line":19,"column":30}},"5":{"start":{"line":3,"column":0},"end":{"line":3,"column":13}}},"fnMap":{"0":{"name":"(anonymous_0)","decl":{"start":{"line":4,"column":4},"end":{"line":4,"column":null}},"loc":{"start":{"line":6,"column":29},"end":{"line":8,"column":5}}},"1":{"name":"(anonymous_1)","decl":{"start":{"line":10,"column":4},"end":{"line":10,"column":12}},"loc":{"start":{"line":10,"column":12},"end":{"line":12,"column":5}}},"2":{"name":"(anonymous_2)","decl":{"start":{"line":14,"column":4},"end":{"line":14,"column":9}},"loc":{"start":{"line":14,"column":9},"end":{"line":16,"column":5}}},"3":{"name":"(anonymous_3)","decl":{"start":{"line":18,"column":4},"end":{"line":18,"column":12}},"loc":{"start":{"line":18,"column":29},"end":{"line":20,"column":5}}}},"branchMap":{},"s":{"0":6,"1":6,"2":2,"3":1,"4":1,"5":2},"f":{"0":6,"1":2,"2":1,"3":1},"b":{}}
,"/mnt/c/Users/nicho/Documents/GitHub/CodeAlchemists/MVP/microservices/centralized/routing/src/interfaces/geo.ts": {"path":"/mnt/c/Users/nicho/Documents/GitHub/CodeAlchemists/MVP/microservices/centralized/routing/src/interfaces/geo.ts","statementMap":{"0":{"start":{"line":5,"column":0},"end":{"line":5,"column":7}},"1":{"start":{"line":25,"column":0},"end":{"line":25,"column":16}},"2":{"start":{"line":1,"column":0},"end":{"line":1,"column":26}},"3":{"start":{"line":3,"column":14},"end":{"line":3,"column":49}},"4":{"start":{"line":6,"column":2},"end":{"line":8,"column":3}},"5":{"start":{"line":7,"column":4},"end":{"line":7,"column":31}},"6":{"start":{"line":10,"column":14},"end":{"line":10,"column":58}},"7":{"start":{"line":11,"column":14},"end":{"line":14,"column":4}},"8":{"start":{"line":16,"column":2},"end":{"line":18,"column":3}},"9":{"start":{"line":17,"column":4},"end":{"line":17,"column":73}},"10":{"start":{"line":20,"column":35},"end":{"line":20,"column":93}},"11":{"start":{"line":21,"column":2},"end":{"line":21,"column":29}},"12":{"start":{"line":22,"column":2},"end":{"line":22,"column":16}},"13":{"start":{"line":26,"column":12},"end":{"line":26,"column":18}},"14":{"start":{"line":27,"column":16},"end":{"line":27,"column":54}},"15":{"start":{"line":27,"column":33},"end":{"line":27,"column":54}},"16":{"start":{"line":29,"column":15},"end":{"line":29,"column":33}},"17":{"start":{"line":30,"column":15},"end":{"line":30,"column":33}},"18":{"start":{"line":33,"column":4},"end":{"line":34,"column":75}},"19":{"start":{"line":36,"column":2},"end":{"line":36,"column":60}}},"fnMap":{"0":{"name":"geocodeAddress","decl":{"start":{"line":5,"column":22},"end":{"line":5,"column":36}},"loc":{"start":{"line":5,"column":52},"end":{"line":23,"column":1}}},"1":{"name":"haversine","decl":{"start":{"line":25,"column":16},"end":{"line":25,"column":25}},"loc":{"start":{"line":25,"column":88},"end":{"line":37,"column":1}}},"2":{"name":"(anonymous_3)","decl":{"start":{"line":27,"column":16},"end":{"line":27,"column":17}},"loc":{"start":{"line":27,"column":33},"end":{"line":27,"column":54}}}},"branchMap":{"0":{"loc":{"start":{"line":6,"column":2},"end":{"line":8,"column":3}},"type":"if","locations":[{"start":{"line":6,"column":2},"end":{"line":8,"column":3}},{"start":{},"end":{}}]},"1":{"loc":{"start":{"line":16,"column":2},"end":{"line":18,"column":3}},"type":"if","locations":[{"start":{"line":16,"column":2},"end":{"line":18,"column":3}},{"start":{},"end":{}}]},"2":{"loc":{"start":{"line":16,"column":6},"end":{"line":16,"column":40}},"type":"binary-expr","locations":[{"start":{"line":16,"column":6},"end":{"line":16,"column":15}},{"start":{"line":16,"column":19},"end":{"line":16,"column":40}}]}},"s":{"0":1,"1":1,"2":1,"3":1,"4":3,"5":0,"6":3,"7":3,"8":3,"9":0,"10":3,"11":3,"12":3,"13":2,"14":2,"15":8,"16":2,"17":2,"18":2,"19":2},"f":{"0":3,"1":2,"2":8},"b":{"0":[0,3],"1":[0,3],"2":[3,3]}}
}
